18:37:41 **** Build of configuration Debug for project lab1_cpp ****
make all 
Building file: ../src/lab1_cpp.cpp
Invoking: GCC C++ Compiler
g++ -O0 -g3 -Wall -c -fmessage-length=0 -MMD -MP -MF"src/lab1_cpp.d" -MT"src/lab1_cpp.d" -o "src/lab1_cpp.o" "../src/lab1_cpp.cpp"
Finished building: ../src/lab1_cpp.cpp
 
Building target: lab1_cpp
Invoking: GCC C++ Linker
g++  -o "lab1_cpp"  ./src/lab1_cpp.o   
Finished building target: lab1_cpp
 
18:37:44 **** Incremental Build of configuration Debug for project lab1_cpp ****
make all 
make: Nothing to be done for `all'.
15:18:48 **** Build of configuration Debug for project lab1_c ****
make all 
Building file: ../prog1.c
Invoking: GCC C Compiler
gcc -O0 -g3 -Wall -c -fmessage-length=0 -MMD -MP -MF"prog1.d" -MT"prog1.d" -o "prog1.o" "../prog1.c"
../prog1.c: In function ‘main’:
../prog1.c:24:1: warning: control reaches end of non-void function [-Wreturn-type]
 }
 ^
Finished building: ../prog1.c
 
Building target: lab1_c
Invoking: GCC C Linker
gcc  -o "lab1_c"  ./prog1.o   
Finished building target: lab1_c
 
15:19:32 **** Incremental Build of configuration Debug for project lab1_c ****
make all 
Building file: ../prog1.c
Invoking: GCC C Compiler
gcc -O0 -g3 -Wall -c -fmessage-length=0 -MMD -MP -MF"prog1.d" -MT"prog1.d" -o "prog1.o" "../prog1.c"
Finished building: ../prog1.c
 
Building target: lab1_c
Invoking: GCC C Linker
gcc  -o "lab1_c"  ./prog1.o   
Finished building target: lab1_c
 
15:27:15 **** Incremental Build of configuration Debug for project lab1_cpp ****
make all 
Building file: ../src/lab1_cpp.cpp
Invoking: GCC C++ Compiler
g++ -O0 -g3 -Wall -c -fmessage-length=0 -MMD -MP -MF"src/lab1_cpp.d" -MT"src/lab1_cpp.d" -o "src/lab1_cpp.o" "../src/lab1_cpp.cpp"
../src/lab1_cpp.cpp: In function ‘int Exp2(int)’:
../src/lab1_cpp.cpp:64:18: error: no match for ‘operator!=’ (operand types are ‘std::basic_istream<char>::__istream_type {aka std::basic_istream<char>}’ and ‘int’)
  if( (fin.get(a) != EOF)
                  ^
../src/lab1_cpp.cpp:64:18: note: candidates are:
In file included from /usr/include/c++/4.8/iosfwd:40:0,
                 from /usr/include/c++/4.8/ios:38,
                 from /usr/include/c++/4.8/ostream:38,
                 from /usr/include/c++/4.8/iostream:39,
                 from ../src/lab1_cpp.cpp:1:
/usr/include/c++/4.8/bits/postypes.h:221:5: note: template<class _StateT> bool std::operator!=(const std::fpos<_StateT>&, const std::fpos<_StateT>&)
     operator!=(const fpos<_StateT>& __lhs, const fpos<_StateT>& __rhs)
     ^
/usr/include/c++/4.8/bits/postypes.h:221:5: note:   template argument deduction/substitution failed:
In file included from /usr/include/stdio.h:74:0,
                 from /usr/include/c++/4.8/cstdio:42,
                 from /usr/include/c++/4.8/fstream:41,
                 from ../src/lab1_cpp.cpp:2:
../src/lab1_cpp.cpp:64:21: note:   ‘std::basic_istream<char>::__istream_type {aka std::basic_istream<char>}’ is not derived from ‘const std::fpos<_StateT>’
  if( (fin.get(a) != EOF)
                     ^
In file included from /usr/include/c++/4.8/bits/stl_algobase.h:64:0,
                 from /usr/include/c++/4.8/bits/char_traits.h:39,
                 from /usr/include/c++/4.8/ios:40,
                 from /usr/include/c++/4.8/ostream:38,
                 from /usr/include/c++/4.8/iostream:39,
                 from ../src/lab1_cpp.cpp:1:
/usr/include/c++/4.8/bits/stl_pair.h:227:5: note: template<class _T1, class _T2> bool std::operator!=(const std::pair<_T1, _T2>&, const std::pair<_T1, _T2>&)
     operator!=(const pair<_T1, _T2>& __x, const pair<_T1, _T2>& __y)
     ^
/usr/include/c++/4.8/bits/stl_pair.h:227:5: note:   template argument deduction/substitution failed:
In file included from /usr/include/stdio.h:74:0,
                 from /usr/include/c++/4.8/cstdio:42,
                 from /usr/include/c++/4.8/fstream:41,
                 from ../src/lab1_cpp.cpp:2:
../src/lab1_cpp.cpp:64:21: note:   ‘std::basic_istream<char>::__istream_type {aka std::basic_istream<char>}’ is not derived from ‘const std::pair<_T1, _T2>’
  if( (fin.get(a) != EOF)
                     ^
In file included from /usr/include/c++/4.8/bits/stl_algobase.h:67:0,
                 from /usr/include/c++/4.8/bits/char_traits.h:39,
                 from /usr/include/c++/4.8/ios:40,
                 from /usr/include/c++/4.8/ostream:38,
                 from /usr/include/c++/4.8/iostream:39,
                 from ../src/lab1_cpp.cpp:1:
/usr/include/c++/4.8/bits/stl_iterator.h:303:5: note: template<class _Iterator> bool std::operator!=(const std::reverse_iterator<_Iterator>&, const std::reverse_iterator<_Iterator>&)
     operator!=(const reverse_iterator<_Iterator>& __x,
     ^
/usr/include/c++/4.8/bits/stl_iterator.h:303:5: note:   template argument deduction/substitution failed:
In file included from /usr/include/stdio.h:74:0,
                 from /usr/include/c++/4.8/cstdio:42,
                 from /usr/include/c++/4.8/fstream:41,
                 from ../src/lab1_cpp.cpp:2:
../src/lab1_cpp.cpp:64:21: note:   ‘std::basic_istream<char>::__istream_type {aka std::basic_istream<char>}’ is not derived from ‘const std::reverse_iterator<_Iterator>’
  if( (fin.get(a) != EOF)
                     ^
In file included from /usr/include/c++/4.8/bits/stl_algobase.h:67:0,
                 from /usr/include/c++/4.8/bits/char_traits.h:39,
                 from /usr/include/c++/4.8/ios:40,
                 from /usr/include/c++/4.8/ostream:38,
                 from /usr/include/c++/4.8/iostream:39,
                 from ../src/lab1_cpp.cpp:1:
/usr/include/c++/4.8/bits/stl_iterator.h:353:5: note: template<class _IteratorL, class _IteratorR> bool std::operator!=(const std::reverse_iterator<_Iterator>&, const std::reverse_iterator<_IteratorR>&)
     operator!=(const reverse_iterator<_IteratorL>& __x,
     ^
/usr/include/c++/4.8/bits/stl_iterator.h:353:5: note:   template argument deduction/substitution failed:
In file included from /usr/include/stdio.h:74:0,
                 from /usr/include/c++/4.8/cstdio:42,
                 from /usr/include/c++/4.8/fstream:41,
                 from ../src/lab1_cpp.cpp:2:
../src/lab1_cpp.cpp:64:21: note:   ‘std::basic_istream<char>::__istream_type {aka std::basic_istream<char>}’ is not derived from ‘const std::reverse_iterator<_Iterator>’
  if( (fin.get(a) != EOF)
                     ^
In file included from /usr/include/c++/4.8/string:41:0,
                 from /usr/include/c++/4.8/bits/locale_classes.h:40,
                 from /usr/include/c++/4.8/bits/ios_base.h:41,
                 from /usr/include/c++/4.8/ios:42,
                 from /usr/include/c++/4.8/ostream:38,
                 from /usr/include/c++/4.8/iostream:39,
                 from ../src/lab1_cpp.cpp:1:
/usr/include/c++/4.8/bits/allocator.h:138:5: note: template<class _T1, class _T2> bool std::operator!=(const std::allocator<_CharT>&, const std::allocator<_T2>&)
     operator!=(const allocator<_T1>&, const allocator<_T2>&)
     ^
/usr/include/c++/4.8/bits/allocator.h:138:5: note:   template argument deduction/substitution failed:
In file included from /usr/include/stdio.h:74:0,
                 from /usr/include/c++/4.8/cstdio:42,
                 from /usr/include/c++/4.8/fstream:41,
                 from ../src/lab1_cpp.cpp:2:
../src/lab1_cpp.cpp:64:21: note:   ‘std::basic_istream<char>::__istream_type {aka std::basic_istream<char>}’ is not derived from ‘const std::allocator<_CharT>’
  if( (fin.get(a) != EOF)
                     ^
In file included from /usr/include/c++/4.8/string:41:0,
                 from /usr/include/c++/4.8/bits/locale_classes.h:40,
                 from /usr/include/c++/4.8/bits/ios_base.h:41,
                 from /usr/include/c++/4.8/ios:42,
                 from /usr/include/c++/4.8/ostream:38,
                 from /usr/include/c++/4.8/iostream:39,
                 from ../src/lab1_cpp.cpp:1:
/usr/include/c++/4.8/bits/allocator.h:143:5: note: template<class _Tp> bool std::operator!=(const std::allocator<_CharT>&, const std::allocator<_CharT>&)
     operator!=(const allocator<_Tp>&, const allocator<_Tp>&)
     ^
/usr/include/c++/4.8/bits/allocator.h:143:5: note:   template argument deduction/substitution failed:
In file included from /usr/include/stdio.h:74:0,
                 from /usr/include/c++/4.8/cstdio:42,
                 from /usr/include/c++/4.8/fstream:41,
                 from ../src/lab1_cpp.cpp:2:
../src/lab1_cpp.cpp:64:21: note:   ‘std::basic_istream<char>::__istream_type {aka std::basic_istream<char>}’ is not derived from ‘const std::allocator<_CharT>’
  if( (fin.get(a) != EOF)
                     ^
In file included from /usr/include/c++/4.8/string:52:0,
                 from /usr/include/c++/4.8/bits/locale_classes.h:40,
                 from /usr/include/c++/4.8/bits/ios_base.h:41,
                 from /usr/include/c++/4.8/ios:42,
                 from /usr/include/c++/4.8/ostream:38,
                 from /usr/include/c++/4.8/iostream:39,
                 from ../src/lab1_cpp.cpp:1:
/usr/include/c++/4.8/bits/basic_string.h:2532:5: note: template<class _CharT, class _Traits, class _Alloc> bool std::operator!=(const std::basic_string<_CharT, _Traits, _Alloc>&, const std::basic_string<_CharT, _Traits, _Alloc>&)
     operator!=(const basic_string<_CharT, _Traits, _Alloc>& __lhs,
     ^
/usr/include/c++/4.8/bits/basic_string.h:2532:5: note:   template argument deduction/substitution failed:
In file included from /usr/include/stdio.h:74:0,
                 from /usr/include/c++/4.8/cstdio:42,
                 from /usr/include/c++/4.8/fstream:41,
                 from ../src/lab1_cpp.cpp:2:
../src/lab1_cpp.cpp:64:21: note:   ‘std::basic_istream<char>::__istream_type {aka std::basic_istream<char>}’ is not derived from ‘const std::basic_string<_CharT, _Traits, _Alloc>’
  if( (fin.get(a) != EOF)
                     ^
In file included from /usr/include/c++/4.8/string:52:0,
                 from /usr/include/c++/4.8/bits/locale_classes.h:40,
                 from /usr/include/c++/4.8/bits/ios_base.h:41,
                 from /usr/include/c++/4.8/ios:42,
                 from /usr/include/c++/4.8/ostream:38,
                 from /usr/include/c++/4.8/iostream:39,
                 from ../src/lab1_cpp.cpp:1:
/usr/include/c++/4.8/bits/basic_string.h:2544:5: note: template<class _CharT, class _Traits, class _Alloc> bool std::operator!=(const _CharT*, const std::basic_string<_CharT, _Traits, _Alloc>&)
     operator!=(const _CharT* __lhs,
     ^
/usr/include/c++/4.8/bits/basic_string.h:2544:5: note:   template argument deduction/substitution failed:
In file included from /usr/include/stdio.h:74:0,
                 from /usr/include/c++/4.8/cstdio:42,
                 from /usr/include/c++/4.8/fstream:41,
                 from ../src/lab1_cpp.cpp:2:
../src/lab1_cpp.cpp:64:21: note:   mismatched types ‘const _CharT*’ and ‘std::basic_istream<char>’
  if( (fin.get(a) != EOF)
                     ^
In file included from /usr/include/c++/4.8/string:52:0,
                 from /usr/include/c++/4.8/bits/locale_classes.h:40,
                 from /usr/include/c++/4.8/bits/ios_base.h:41,
                 from /usr/include/c++/4.8/ios:42,
                 from /usr/include/c++/4.8/ostream:38,
                 from /usr/include/c++/4.8/iostream:39,
                 from ../src/lab1_cpp.cpp:1:
/usr/include/c++/4.8/bits/basic_string.h:2556:5: note: template<class _CharT, class _Traits, class _Alloc> bool std::operator!=(const std::basic_string<_CharT, _Traits, _Alloc>&, const _CharT*)
     operator!=(const basic_string<_CharT, _Traits, _Alloc>& __lhs,
     ^
/usr/include/c++/4.8/bits/basic_string.h:2556:5: note:   template argument deduction/substitution failed:
In file included from /usr/include/stdio.h:74:0,
                 from /usr/include/c++/4.8/cstdio:42,
                 from /usr/include/c++/4.8/fstream:41,
                 from ../src/lab1_cpp.cpp:2:
../src/lab1_cpp.cpp:64:21: note:   ‘std::basic_istream<char>::__istream_type {aka std::basic_istream<char>}’ is not derived from ‘const std::basic_string<_CharT, _Traits, _Alloc>’
  if( (fin.get(a) != EOF)
                     ^
In file included from /usr/include/c++/4.8/bits/locale_facets.h:48:0,
                 from /usr/include/c++/4.8/bits/basic_ios.h:37,
                 from /usr/include/c++/4.8/ios:44,
                 from /usr/include/c++/4.8/ostream:38,
                 from /usr/include/c++/4.8/iostream:39,
                 from ../src/lab1_cpp.cpp:1:
/usr/include/c++/4.8/bits/streambuf_iterator.h:210:5: note: template<class _CharT, class _Traits> bool std::operator!=(const std::istreambuf_iterator<_CharT, _Traits>&, const std::istreambuf_iterator<_CharT, _Traits>&)
     operator!=(const istreambuf_iterator<_CharT, _Traits>& __a,
     ^
/usr/include/c++/4.8/bits/streambuf_iterator.h:210:5: note:   template argument deduction/substitution failed:
In file included from /usr/include/stdio.h:74:0,
                 from /usr/include/c++/4.8/cstdio:42,
                 from /usr/include/c++/4.8/fstream:41,
                 from ../src/lab1_cpp.cpp:2:
../src/lab1_cpp.cpp:64:21: note:   ‘std::basic_istream<char>::__istream_type {aka std::basic_istream<char>}’ is not derived from ‘const std::istreambuf_iterator<_CharT, _Traits>’
  if( (fin.get(a) != EOF)
                     ^
../src/lab1_cpp.cpp:65:2: error: expected ‘)’ before ‘{’ token
  {
  ^
../src/lab1_cpp.cpp:61:6: warning: unused variable ‘result’ [-Wunused-variable]
  int result=inp;
      ^
../src/lab1_cpp.cpp:80:1: warning: no return statement in function returning non-void [-Wreturn-type]
 }
 ^
../src/lab1_cpp.cpp: In function ‘int Term2(int)’:
../src/lab1_cpp.cpp:99:17: error: no match for ‘operator!=’ (operand types are ‘std::basic_istream<char>::__istream_type {aka std::basic_istream<char>}’ and ‘int’)
  if( fin.get(a) != EOF)
                 ^
../src/lab1_cpp.cpp:99:17: note: candidates are:
In file included from /usr/include/c++/4.8/iosfwd:40:0,
                 from /usr/include/c++/4.8/ios:38,
                 from /usr/include/c++/4.8/ostream:38,
                 from /usr/include/c++/4.8/iostream:39,
                 from ../src/lab1_cpp.cpp:1:
/usr/include/c++/4.8/bits/postypes.h:221:5: note: template<class _StateT> bool std::operator!=(const std::fpos<_StateT>&, const std::fpos<_StateT>&)
     operator!=(const fpos<_StateT>& __lhs, const fpos<_StateT>& __rhs)
     ^
/usr/include/c++/4.8/bits/postypes.h:221:5: note:   template argument deduction/substitution failed:
In file included from /usr/include/stdio.h:74:0,
                 from /usr/include/c++/4.8/cstdio:42,
                 from /usr/include/c++/4.8/fstream:41,
                 from ../src/lab1_cpp.cpp:2:
../src/lab1_cpp.cpp:99:20: note:   ‘std::basic_istream<char>::__istream_type {aka std::basic_istream<char>}’ is not derived from ‘const std::fpos<_StateT>’
  if( fin.get(a) != EOF)
                    ^
In file included from /usr/include/c++/4.8/bits/stl_algobase.h:64:0,
                 from /usr/include/c++/4.8/bits/char_traits.h:39,
                 from /usr/include/c++/4.8/ios:40,
                 from /usr/include/c++/4.8/ostream:38,
                 from /usr/include/c++/4.8/iostream:39,
                 from ../src/lab1_cpp.cpp:1:
/usr/include/c++/4.8/bits/stl_pair.h:227:5: note: template<class _T1, class _T2> bool std::operator!=(const std::pair<_T1, _T2>&, const std::pair<_T1, _T2>&)
     operator!=(const pair<_T1, _T2>& __x, const pair<_T1, _T2>& __y)
     ^
/usr/include/c++/4.8/bits/stl_pair.h:227:5: note:   template argument deduction/substitution failed:
In file included from /usr/include/stdio.h:74:0,
                 from /usr/include/c++/4.8/cstdio:42,
                 from /usr/include/c++/4.8/fstream:41,
                 from ../src/lab1_cpp.cpp:2:
../src/lab1_cpp.cpp:99:20: note:   ‘std::basic_istream<char>::__istream_type {aka std::basic_istream<char>}’ is not derived from ‘const std::pair<_T1, _T2>’
  if( fin.get(a) != EOF)
                    ^
In file included from /usr/include/c++/4.8/bits/stl_algobase.h:67:0,
                 from /usr/include/c++/4.8/bits/char_traits.h:39,
                 from /usr/include/c++/4.8/ios:40,
                 from /usr/include/c++/4.8/ostream:38,
                 from /usr/include/c++/4.8/iostream:39,
                 from ../src/lab1_cpp.cpp:1:
/usr/include/c++/4.8/bits/stl_iterator.h:303:5: note: template<class _Iterator> bool std::operator!=(const std::reverse_iterator<_Iterator>&, const std::reverse_iterator<_Iterator>&)
     operator!=(const reverse_iterator<_Iterator>& __x,
     ^
/usr/include/c++/4.8/bits/stl_iterator.h:303:5: note:   template argument deduction/substitution failed:
In file included from /usr/include/stdio.h:74:0,
                 from /usr/include/c++/4.8/cstdio:42,
                 from /usr/include/c++/4.8/fstream:41,
                 from ../src/lab1_cpp.cpp:2:
../src/lab1_cpp.cpp:99:20: note:   ‘std::basic_istream<char>::__istream_type {aka std::basic_istream<char>}’ is not derived from ‘const std::reverse_iterator<_Iterator>’
  if( fin.get(a) != EOF)
                    ^
In file included from /usr/include/c++/4.8/bits/stl_algobase.h:67:0,
                 from /usr/include/c++/4.8/bits/char_traits.h:39,
                 from /usr/include/c++/4.8/ios:40,
                 from /usr/include/c++/4.8/ostream:38,
                 from /usr/include/c++/4.8/iostream:39,
                 from ../src/lab1_cpp.cpp:1:
/usr/include/c++/4.8/bits/stl_iterator.h:353:5: note: template<class _IteratorL, class _IteratorR> bool std::operator!=(const std::reverse_iterator<_Iterator>&, const std::reverse_iterator<_IteratorR>&)
     operator!=(const reverse_iterator<_IteratorL>& __x,
     ^
/usr/include/c++/4.8/bits/stl_iterator.h:353:5: note:   template argument deduction/substitution failed:
In file included from /usr/include/stdio.h:74:0,
                 from /usr/include/c++/4.8/cstdio:42,
                 from /usr/include/c++/4.8/fstream:41,
                 from ../src/lab1_cpp.cpp:2:
../src/lab1_cpp.cpp:99:20: note:   ‘std::basic_istream<char>::__istream_type {aka std::basic_istream<char>}’ is not derived from ‘const std::reverse_iterator<_Iterator>’
  if( fin.get(a) != EOF)
                    ^
In file included from /usr/include/c++/4.8/string:41:0,
                 from /usr/include/c++/4.8/bits/locale_classes.h:40,
                 from /usr/include/c++/4.8/bits/ios_base.h:41,
                 from /usr/include/c++/4.8/ios:42,
                 from /usr/include/c++/4.8/ostream:38,
                 from /usr/include/c++/4.8/iostream:39,
                 from ../src/lab1_cpp.cpp:1:
/usr/include/c++/4.8/bits/allocator.h:138:5: note: template<class _T1, class _T2> bool std::operator!=(const std::allocator<_CharT>&, const std::allocator<_T2>&)
     operator!=(const allocator<_T1>&, const allocator<_T2>&)
     ^
/usr/include/c++/4.8/bits/allocator.h:138:5: note:   template argument deduction/substitution failed:
In file included from /usr/include/stdio.h:74:0,
                 from /usr/include/c++/4.8/cstdio:42,
                 from /usr/include/c++/4.8/fstream:41,
                 from ../src/lab1_cpp.cpp:2:
../src/lab1_cpp.cpp:99:20: note:   ‘std::basic_istream<char>::__istream_type {aka std::basic_istream<char>}’ is not derived from ‘const std::allocator<_CharT>’
  if( fin.get(a) != EOF)
                    ^
In file included from /usr/include/c++/4.8/string:41:0,
                 from /usr/include/c++/4.8/bits/locale_classes.h:40,
                 from /usr/include/c++/4.8/bits/ios_base.h:41,
                 from /usr/include/c++/4.8/ios:42,
                 from /usr/include/c++/4.8/ostream:38,
                 from /usr/include/c++/4.8/iostream:39,
                 from ../src/lab1_cpp.cpp:1:
/usr/include/c++/4.8/bits/allocator.h:143:5: note: template<class _Tp> bool std::operator!=(const std::allocator<_CharT>&, const std::allocator<_CharT>&)
     operator!=(const allocator<_Tp>&, const allocator<_Tp>&)
     ^
/usr/include/c++/4.8/bits/allocator.h:143:5: note:   template argument deduction/substitution failed:
In file included from /usr/include/stdio.h:74:0,
                 from /usr/include/c++/4.8/cstdio:42,
                 from /usr/include/c++/4.8/fstream:41,
                 from ../src/lab1_cpp.cpp:2:
../src/lab1_cpp.cpp:99:20: note:   ‘std::basic_istream<char>::__istream_type {aka std::basic_istream<char>}’ is not derived from ‘const std::allocator<_CharT>’
  if( fin.get(a) != EOF)
                    ^
In file included from /usr/include/c++/4.8/string:52:0,
                 from /usr/include/c++/4.8/bits/locale_classes.h:40,
                 from /usr/include/c++/4.8/bits/ios_base.h:41,
                 from /usr/include/c++/4.8/ios:42,
                 from /usr/include/c++/4.8/ostream:38,
                 from /usr/include/c++/4.8/iostream:39,
                 from ../src/lab1_cpp.cpp:1:
/usr/include/c++/4.8/bits/basic_string.h:2532:5: note: template<class _CharT, class _Traits, class _Alloc> bool std::operator!=(const std::basic_string<_CharT, _Traits, _Alloc>&, const std::basic_string<_CharT, _Traits, _Alloc>&)
     operator!=(const basic_string<_CharT, _Traits, _Alloc>& __lhs,
     ^
/usr/include/c++/4.8/bits/basic_string.h:2532:5: note:   template argument deduction/substitution failed:
In file included from /usr/include/stdio.h:74:0,
                 from /usr/include/c++/4.8/cstdio:42,
                 from /usr/include/c++/4.8/fstream:41,
                 from ../src/lab1_cpp.cpp:2:
../src/lab1_cpp.cpp:99:20: note:   ‘std::basic_istream<char>::__istream_type {aka std::basic_istream<char>}’ is not derived from ‘const std::basic_string<_CharT, _Traits, _Alloc>’
  if( fin.get(a) != EOF)
                    ^
In file included from /usr/include/c++/4.8/string:52:0,
                 from /usr/include/c++/4.8/bits/locale_classes.h:40,
                 from /usr/include/c++/4.8/bits/ios_base.h:41,
                 from /usr/include/c++/4.8/ios:42,
                 from /usr/include/c++/4.8/ostream:38,
                 from /usr/include/c++/4.8/iostream:39,
                 from ../src/lab1_cpp.cpp:1:
/usr/include/c++/4.8/bits/basic_string.h:2544:5: note: template<class _CharT, class _Traits, class _Alloc> bool std::operator!=(const _CharT*, const std::basic_string<_CharT, _Traits, _Alloc>&)
     operator!=(const _CharT* __lhs,
     ^
/usr/include/c++/4.8/bits/basic_string.h:2544:5: note:   template argument deduction/substitution failed:
In file included from /usr/include/stdio.h:74:0,
                 from /usr/include/c++/4.8/cstdio:42,
                 from /usr/include/c++/4.8/fstream:41,
                 from ../src/lab1_cpp.cpp:2:
../src/lab1_cpp.cpp:99:20: note:   mismatched types ‘const _CharT*’ and ‘std::basic_istream<char>’
  if( fin.get(a) != EOF)
                    ^
In file included from /usr/include/c++/4.8/string:52:0,
                 from /usr/include/c++/4.8/bits/locale_classes.h:40,
                 from /usr/include/c++/4.8/bits/ios_base.h:41,
                 from /usr/include/c++/4.8/ios:42,
                 from /usr/include/c++/4.8/ostream:38,
                 from /usr/include/c++/4.8/iostream:39,
                 from ../src/lab1_cpp.cpp:1:
/usr/include/c++/4.8/bits/basic_string.h:2556:5: note: template<class _CharT, class _Traits, class _Alloc> bool std::operator!=(const std::basic_string<_CharT, _Traits, _Alloc>&, const _CharT*)
     operator!=(const basic_string<_CharT, _Traits, _Alloc>& __lhs,
     ^
/usr/include/c++/4.8/bits/basic_string.h:2556:5: note:   template argument deduction/substitution failed:
In file included from /usr/include/stdio.h:74:0,
                 from /usr/include/c++/4.8/cstdio:42,
                 from /usr/include/c++/4.8/fstream:41,
                 from ../src/lab1_cpp.cpp:2:
../src/lab1_cpp.cpp:99:20: note:   ‘std::basic_istream<char>::__istream_type {aka std::basic_istream<char>}’ is not derived from ‘const std::basic_string<_CharT, _Traits, _Alloc>’
  if( fin.get(a) != EOF)
                    ^
In file included from /usr/include/c++/4.8/bits/locale_facets.h:48:0,
                 from /usr/include/c++/4.8/bits/basic_ios.h:37,
                 from /usr/include/c++/4.8/ios:44,
                 from /usr/include/c++/4.8/ostream:38,
                 from /usr/include/c++/4.8/iostream:39,
                 from ../src/lab1_cpp.cpp:1:
/usr/include/c++/4.8/bits/streambuf_iterator.h:210:5: note: template<class _CharT, class _Traits> bool std::operator!=(const std::istreambuf_iterator<_CharT, _Traits>&, const std::istreambuf_iterator<_CharT, _Traits>&)
     operator!=(const istreambuf_iterator<_CharT, _Traits>& __a,
     ^
/usr/include/c++/4.8/bits/streambuf_iterator.h:210:5: note:   template argument deduction/substitution failed:
In file included from /usr/include/stdio.h:74:0,
                 from /usr/include/c++/4.8/cstdio:42,
                 from /usr/include/c++/4.8/fstream:41,
                 from ../src/lab1_cpp.cpp:2:
../src/lab1_cpp.cpp:99:20: note:   ‘std::basic_istream<char>::__istream_type {aka std::basic_istream<char>}’ is not derived from ‘const std::istreambuf_iterator<_CharT, _Traits>’
  if( fin.get(a) != EOF)
                    ^
../src/lab1_cpp.cpp: In function ‘int Fact()’:
../src/lab1_cpp.cpp:133:1: warning: no return statement in function returning non-void [-Wreturn-type]
 }
 ^
make: *** [src/lab1_cpp.o] Error 1
15:31:11 **** Incremental Build of configuration Debug for project lab1_cpp ****
make all 
Building file: ../src/lab1_cpp.cpp
Invoking: GCC C++ Compiler
g++ -O0 -g3 -Wall -c -fmessage-length=0 -MMD -MP -MF"src/lab1_cpp.d" -MT"src/lab1_cpp.d" -o "src/lab1_cpp.o" "../src/lab1_cpp.cpp"
../src/lab1_cpp.cpp: In function ‘int Term2(int)’:
../src/lab1_cpp.cpp:99:17: error: no match for ‘operator!=’ (operand types are ‘std::basic_istream<char>::__istream_type {aka std::basic_istream<char>}’ and ‘int’)
  if( fin.get(a) != EOF)
                 ^
../src/lab1_cpp.cpp:99:17: note: candidates are:
In file included from /usr/include/c++/4.8/iosfwd:40:0,
                 from /usr/include/c++/4.8/ios:38,
                 from /usr/include/c++/4.8/ostream:38,
                 from /usr/include/c++/4.8/iostream:39,
                 from ../src/lab1_cpp.cpp:1:
/usr/include/c++/4.8/bits/postypes.h:221:5: note: template<class _StateT> bool std::operator!=(const std::fpos<_StateT>&, const std::fpos<_StateT>&)
     operator!=(const fpos<_StateT>& __lhs, const fpos<_StateT>& __rhs)
     ^
/usr/include/c++/4.8/bits/postypes.h:221:5: note:   template argument deduction/substitution failed:
In file included from /usr/include/stdio.h:74:0,
                 from /usr/include/c++/4.8/cstdio:42,
                 from /usr/include/c++/4.8/fstream:41,
                 from ../src/lab1_cpp.cpp:2:
../src/lab1_cpp.cpp:99:20: note:   ‘std::basic_istream<char>::__istream_type {aka std::basic_istream<char>}’ is not derived from ‘const std::fpos<_StateT>’
  if( fin.get(a) != EOF)
                    ^
In file included from /usr/include/c++/4.8/bits/stl_algobase.h:64:0,
                 from /usr/include/c++/4.8/bits/char_traits.h:39,
                 from /usr/include/c++/4.8/ios:40,
                 from /usr/include/c++/4.8/ostream:38,
                 from /usr/include/c++/4.8/iostream:39,
                 from ../src/lab1_cpp.cpp:1:
/usr/include/c++/4.8/bits/stl_pair.h:227:5: note: template<class _T1, class _T2> bool std::operator!=(const std::pair<_T1, _T2>&, const std::pair<_T1, _T2>&)
     operator!=(const pair<_T1, _T2>& __x, const pair<_T1, _T2>& __y)
     ^
/usr/include/c++/4.8/bits/stl_pair.h:227:5: note:   template argument deduction/substitution failed:
In file included from /usr/include/stdio.h:74:0,
                 from /usr/include/c++/4.8/cstdio:42,
                 from /usr/include/c++/4.8/fstream:41,
                 from ../src/lab1_cpp.cpp:2:
../src/lab1_cpp.cpp:99:20: note:   ‘std::basic_istream<char>::__istream_type {aka std::basic_istream<char>}’ is not derived from ‘const std::pair<_T1, _T2>’
  if( fin.get(a) != EOF)
                    ^
In file included from /usr/include/c++/4.8/bits/stl_algobase.h:67:0,
                 from /usr/include/c++/4.8/bits/char_traits.h:39,
                 from /usr/include/c++/4.8/ios:40,
                 from /usr/include/c++/4.8/ostream:38,
                 from /usr/include/c++/4.8/iostream:39,
                 from ../src/lab1_cpp.cpp:1:
/usr/include/c++/4.8/bits/stl_iterator.h:303:5: note: template<class _Iterator> bool std::operator!=(const std::reverse_iterator<_Iterator>&, const std::reverse_iterator<_Iterator>&)
     operator!=(const reverse_iterator<_Iterator>& __x,
     ^
/usr/include/c++/4.8/bits/stl_iterator.h:303:5: note:   template argument deduction/substitution failed:
In file included from /usr/include/stdio.h:74:0,
                 from /usr/include/c++/4.8/cstdio:42,
                 from /usr/include/c++/4.8/fstream:41,
                 from ../src/lab1_cpp.cpp:2:
../src/lab1_cpp.cpp:99:20: note:   ‘std::basic_istream<char>::__istream_type {aka std::basic_istream<char>}’ is not derived from ‘const std::reverse_iterator<_Iterator>’
  if( fin.get(a) != EOF)
                    ^
In file included from /usr/include/c++/4.8/bits/stl_algobase.h:67:0,
                 from /usr/include/c++/4.8/bits/char_traits.h:39,
                 from /usr/include/c++/4.8/ios:40,
                 from /usr/include/c++/4.8/ostream:38,
                 from /usr/include/c++/4.8/iostream:39,
                 from ../src/lab1_cpp.cpp:1:
/usr/include/c++/4.8/bits/stl_iterator.h:353:5: note: template<class _IteratorL, class _IteratorR> bool std::operator!=(const std::reverse_iterator<_Iterator>&, const std::reverse_iterator<_IteratorR>&)
     operator!=(const reverse_iterator<_IteratorL>& __x,
     ^
/usr/include/c++/4.8/bits/stl_iterator.h:353:5: note:   template argument deduction/substitution failed:
In file included from /usr/include/stdio.h:74:0,
                 from /usr/include/c++/4.8/cstdio:42,
                 from /usr/include/c++/4.8/fstream:41,
                 from ../src/lab1_cpp.cpp:2:
../src/lab1_cpp.cpp:99:20: note:   ‘std::basic_istream<char>::__istream_type {aka std::basic_istream<char>}’ is not derived from ‘const std::reverse_iterator<_Iterator>’
  if( fin.get(a) != EOF)
                    ^
In file included from /usr/include/c++/4.8/string:41:0,
                 from /usr/include/c++/4.8/bits/locale_classes.h:40,
                 from /usr/include/c++/4.8/bits/ios_base.h:41,
                 from /usr/include/c++/4.8/ios:42,
                 from /usr/include/c++/4.8/ostream:38,
                 from /usr/include/c++/4.8/iostream:39,
                 from ../src/lab1_cpp.cpp:1:
/usr/include/c++/4.8/bits/allocator.h:138:5: note: template<class _T1, class _T2> bool std::operator!=(const std::allocator<_CharT>&, const std::allocator<_T2>&)
     operator!=(const allocator<_T1>&, const allocator<_T2>&)
     ^
/usr/include/c++/4.8/bits/allocator.h:138:5: note:   template argument deduction/substitution failed:
In file included from /usr/include/stdio.h:74:0,
                 from /usr/include/c++/4.8/cstdio:42,
                 from /usr/include/c++/4.8/fstream:41,
                 from ../src/lab1_cpp.cpp:2:
../src/lab1_cpp.cpp:99:20: note:   ‘std::basic_istream<char>::__istream_type {aka std::basic_istream<char>}’ is not derived from ‘const std::allocator<_CharT>’
  if( fin.get(a) != EOF)
                    ^
In file included from /usr/include/c++/4.8/string:41:0,
                 from /usr/include/c++/4.8/bits/locale_classes.h:40,
                 from /usr/include/c++/4.8/bits/ios_base.h:41,
                 from /usr/include/c++/4.8/ios:42,
                 from /usr/include/c++/4.8/ostream:38,
                 from /usr/include/c++/4.8/iostream:39,
                 from ../src/lab1_cpp.cpp:1:
/usr/include/c++/4.8/bits/allocator.h:143:5: note: template<class _Tp> bool std::operator!=(const std::allocator<_CharT>&, const std::allocator<_CharT>&)
     operator!=(const allocator<_Tp>&, const allocator<_Tp>&)
     ^
/usr/include/c++/4.8/bits/allocator.h:143:5: note:   template argument deduction/substitution failed:
In file included from /usr/include/stdio.h:74:0,
                 from /usr/include/c++/4.8/cstdio:42,
                 from /usr/include/c++/4.8/fstream:41,
                 from ../src/lab1_cpp.cpp:2:
../src/lab1_cpp.cpp:99:20: note:   ‘std::basic_istream<char>::__istream_type {aka std::basic_istream<char>}’ is not derived from ‘const std::allocator<_CharT>’
  if( fin.get(a) != EOF)
                    ^
In file included from /usr/include/c++/4.8/string:52:0,
                 from /usr/include/c++/4.8/bits/locale_classes.h:40,
                 from /usr/include/c++/4.8/bits/ios_base.h:41,
                 from /usr/include/c++/4.8/ios:42,
                 from /usr/include/c++/4.8/ostream:38,
                 from /usr/include/c++/4.8/iostream:39,
                 from ../src/lab1_cpp.cpp:1:
/usr/include/c++/4.8/bits/basic_string.h:2532:5: note: template<class _CharT, class _Traits, class _Alloc> bool std::operator!=(const std::basic_string<_CharT, _Traits, _Alloc>&, const std::basic_string<_CharT, _Traits, _Alloc>&)
     operator!=(const basic_string<_CharT, _Traits, _Alloc>& __lhs,
     ^
/usr/include/c++/4.8/bits/basic_string.h:2532:5: note:   template argument deduction/substitution failed:
In file included from /usr/include/stdio.h:74:0,
                 from /usr/include/c++/4.8/cstdio:42,
                 from /usr/include/c++/4.8/fstream:41,
                 from ../src/lab1_cpp.cpp:2:
../src/lab1_cpp.cpp:99:20: note:   ‘std::basic_istream<char>::__istream_type {aka std::basic_istream<char>}’ is not derived from ‘const std::basic_string<_CharT, _Traits, _Alloc>’
  if( fin.get(a) != EOF)
                    ^
In file included from /usr/include/c++/4.8/string:52:0,
                 from /usr/include/c++/4.8/bits/locale_classes.h:40,
                 from /usr/include/c++/4.8/bits/ios_base.h:41,
                 from /usr/include/c++/4.8/ios:42,
                 from /usr/include/c++/4.8/ostream:38,
                 from /usr/include/c++/4.8/iostream:39,
                 from ../src/lab1_cpp.cpp:1:
/usr/include/c++/4.8/bits/basic_string.h:2544:5: note: template<class _CharT, class _Traits, class _Alloc> bool std::operator!=(const _CharT*, const std::basic_string<_CharT, _Traits, _Alloc>&)
     operator!=(const _CharT* __lhs,
     ^
/usr/include/c++/4.8/bits/basic_string.h:2544:5: note:   template argument deduction/substitution failed:
In file included from /usr/include/stdio.h:74:0,
                 from /usr/include/c++/4.8/cstdio:42,
                 from /usr/include/c++/4.8/fstream:41,
                 from ../src/lab1_cpp.cpp:2:
../src/lab1_cpp.cpp:99:20: note:   mismatched types ‘const _CharT*’ and ‘std::basic_istream<char>’
  if( fin.get(a) != EOF)
                    ^
In file included from /usr/include/c++/4.8/string:52:0,
                 from /usr/include/c++/4.8/bits/locale_classes.h:40,
                 from /usr/include/c++/4.8/bits/ios_base.h:41,
                 from /usr/include/c++/4.8/ios:42,
                 from /usr/include/c++/4.8/ostream:38,
                 from /usr/include/c++/4.8/iostream:39,
                 from ../src/lab1_cpp.cpp:1:
/usr/include/c++/4.8/bits/basic_string.h:2556:5: note: template<class _CharT, class _Traits, class _Alloc> bool std::operator!=(const std::basic_string<_CharT, _Traits, _Alloc>&, const _CharT*)
     operator!=(const basic_string<_CharT, _Traits, _Alloc>& __lhs,
     ^
/usr/include/c++/4.8/bits/basic_string.h:2556:5: note:   template argument deduction/substitution failed:
In file included from /usr/include/stdio.h:74:0,
                 from /usr/include/c++/4.8/cstdio:42,
                 from /usr/include/c++/4.8/fstream:41,
                 from ../src/lab1_cpp.cpp:2:
../src/lab1_cpp.cpp:99:20: note:   ‘std::basic_istream<char>::__istream_type {aka std::basic_istream<char>}’ is not derived from ‘const std::basic_string<_CharT, _Traits, _Alloc>’
  if( fin.get(a) != EOF)
                    ^
In file included from /usr/include/c++/4.8/bits/locale_facets.h:48:0,
                 from /usr/include/c++/4.8/bits/basic_ios.h:37,
                 from /usr/include/c++/4.8/ios:44,
                 from /usr/include/c++/4.8/ostream:38,
                 from /usr/include/c++/4.8/iostream:39,
                 from ../src/lab1_cpp.cpp:1:
/usr/include/c++/4.8/bits/streambuf_iterator.h:210:5: note: template<class _CharT, class _Traits> bool std::operator!=(const std::istreambuf_iterator<_CharT, _Traits>&, const std::istreambuf_iterator<_CharT, _Traits>&)
     operator!=(const istreambuf_iterator<_CharT, _Traits>& __a,
     ^
/usr/include/c++/4.8/bits/streambuf_iterator.h:210:5: note:   template argument deduction/substitution failed:
In file included from /usr/include/stdio.h:74:0,
                 from /usr/include/c++/4.8/cstdio:42,
                 from /usr/include/c++/4.8/fstream:41,
                 from ../src/lab1_cpp.cpp:2:
../src/lab1_cpp.cpp:99:20: note:   ‘std::basic_istream<char>::__istream_type {aka std::basic_istream<char>}’ is not derived from ‘const std::istreambuf_iterator<_CharT, _Traits>’
  if( fin.get(a) != EOF)
                    ^
../src/lab1_cpp.cpp: In function ‘int Fact()’:
../src/lab1_cpp.cpp:133:1: warning: no return statement in function returning non-void [-Wreturn-type]
 }
 ^
make: *** [src/lab1_cpp.o] Error 1
15:33:29 **** Incremental Build of configuration Debug for project lab1_cpp ****
make all 
Building file: ../src/lab1_cpp.cpp
Invoking: GCC C++ Compiler
g++ -O0 -g3 -Wall -c -fmessage-length=0 -MMD -MP -MF"src/lab1_cpp.d" -MT"src/lab1_cpp.d" -o "src/lab1_cpp.o" "../src/lab1_cpp.cpp"
../src/lab1_cpp.cpp: In function ‘int Fact()’:
../src/lab1_cpp.cpp:133:1: warning: no return statement in function returning non-void [-Wreturn-type]
 }
 ^
Finished building: ../src/lab1_cpp.cpp
 
Building target: lab1_cpp
Invoking: GCC C++ Linker
g++  -o "lab1_cpp"  ./src/lab1_cpp.o   
Finished building target: lab1_cpp
 
15:37:33 **** Incremental Build of configuration Debug for project lab1_c ****
make all 
make: Nothing to be done for `all'.
15:37:33 **** Incremental Build of configuration Debug for project lab1_cpp ****
make all 
Building file: ../src/lab1_cpp.cpp
Invoking: GCC C++ Compiler
g++ -O0 -g3 -Wall -c -fmessage-length=0 -MMD -MP -MF"src/lab1_cpp.d" -MT"src/lab1_cpp.d" -o "src/lab1_cpp.o" "../src/lab1_cpp.cpp"
../src/lab1_cpp.cpp: In function ‘int Fact()’:
../src/lab1_cpp.cpp:134:15: error: cast from ‘char*’ to ‘int’ loses precision [-fpermissive]
  return int(&a);
               ^
../src/lab1_cpp.cpp:129:7: warning: address of local variable ‘a’ returned [-Wreturn-local-addr]
  char a;
       ^
make: *** [src/lab1_cpp.o] Error 1
15:41:53 **** Incremental Build of configuration Debug for project lab1_c ****
make all 
make: Nothing to be done for `all'.
15:41:53 **** Incremental Build of configuration Debug for project lab1_cpp ****
make all 
Building file: ../src/lab1_cpp.cpp
Invoking: GCC C++ Compiler
g++ -O0 -g3 -Wall -c -fmessage-length=0 -MMD -MP -MF"src/lab1_cpp.d" -MT"src/lab1_cpp.d" -o "src/lab1_cpp.o" "../src/lab1_cpp.cpp"
../src/lab1_cpp.cpp: In function ‘int Fact()’:
../src/lab1_cpp.cpp:134:15: error: cast from ‘char*’ to ‘int’ loses precision [-fpermissive]
  return int(&a);
               ^
../src/lab1_cpp.cpp:129:7: warning: address of local variable ‘a’ returned [-Wreturn-local-addr]
  char a;
       ^
make: *** [src/lab1_cpp.o] Error 1
15:46:41 **** Incremental Build of configuration Debug for project lab1_c ****
make all 
make: Nothing to be done for `all'.
15:46:41 **** Incremental Build of configuration Debug for project lab1_cpp ****
make all 
Building file: ../src/lab1_cpp.cpp
Invoking: GCC C++ Compiler
g++ -O0 -g3 -Wall -c -fmessage-length=0 -MMD -MP -MF"src/lab1_cpp.d" -MT"src/lab1_cpp.d" -o "src/lab1_cpp.o" "../src/lab1_cpp.cpp"
../src/lab1_cpp.cpp: In function ‘int Fact()’:
../src/lab1_cpp.cpp:134:19: error: variable ‘std::stringstream ss’ has initializer but incomplete type
  stringstream ss(a);
                   ^
make: *** [src/lab1_cpp.o] Error 1
15:47:15 **** Incremental Build of configuration Debug for project lab1_c ****
make all 
make: Nothing to be done for `all'.
15:47:15 **** Incremental Build of configuration Debug for project lab1_cpp ****
make all 
Building file: ../src/lab1_cpp.cpp
Invoking: GCC C++ Compiler
g++ -O0 -g3 -Wall -c -fmessage-length=0 -MMD -MP -MF"src/lab1_cpp.d" -MT"src/lab1_cpp.d" -o "src/lab1_cpp.o" "../src/lab1_cpp.cpp"
../src/lab1_cpp.cpp: In function ‘int Fact()’:
../src/lab1_cpp.cpp:134:17: error: variable ‘std::stringstream ss’ has initializer but incomplete type
  stringstream ss(&a);
                 ^
make: *** [src/lab1_cpp.o] Error 1
15:47:19 **** Incremental Build of configuration Debug for project lab1_c ****
make all 
make: Nothing to be done for `all'.
15:47:19 **** Incremental Build of configuration Debug for project lab1_cpp ****
make all 
Building file: ../src/lab1_cpp.cpp
Invoking: GCC C++ Compiler
g++ -O0 -g3 -Wall -c -fmessage-length=0 -MMD -MP -MF"src/lab1_cpp.d" -MT"src/lab1_cpp.d" -o "src/lab1_cpp.o" "../src/lab1_cpp.cpp"
../src/lab1_cpp.cpp: In function ‘int Fact()’:
../src/lab1_cpp.cpp:134:19: error: variable ‘std::stringstream ss’ has initializer but incomplete type
  stringstream ss(a);
                   ^
make: *** [src/lab1_cpp.o] Error 1
15:56:57 **** Incremental Build of configuration Debug for project lab1_c ****
make all 
make: Nothing to be done for `all'.
15:56:57 **** Incremental Build of configuration Debug for project lab1_cpp ****
make all 
Building file: ../src/lab1_cpp.cpp
Invoking: GCC C++ Compiler
g++ -O0 -g3 -Wall -c -fmessage-length=0 -MMD -MP -MF"src/lab1_cpp.d" -MT"src/lab1_cpp.d" -o "src/lab1_cpp.o" "../src/lab1_cpp.cpp"
../src/lab1_cpp.cpp: In function ‘int Fact()’:
../src/lab1_cpp.cpp:133:16: error: ‘atoi’ was not declared in this scope
  return atoi(&a); // char converted to integer
                ^
../src/lab1_cpp.cpp:137:1: warning: control reaches end of non-void function [-Wreturn-type]
 }
 ^
make: *** [src/lab1_cpp.o] Error 1
15:57:50 **** Incremental Build of configuration Debug for project lab1_c ****
make all 
make: Nothing to be done for `all'.
15:57:50 **** Incremental Build of configuration Debug for project lab1_cpp ****
make all 
Building file: ../src/lab1_cpp.cpp
Invoking: GCC C++ Compiler
g++ -O0 -g3 -Wall -c -fmessage-length=0 -MMD -MP -MF"src/lab1_cpp.d" -MT"src/lab1_cpp.d" -o "src/lab1_cpp.o" "../src/lab1_cpp.cpp"
Finished building: ../src/lab1_cpp.cpp
 
Building target: lab1_cpp
Invoking: GCC C++ Linker
g++  -o "lab1_cpp"  ./src/lab1_cpp.o   
Finished building target: lab1_cpp
 
16:02:00 **** Incremental Build of configuration Debug for project lab1_c ****
make all 
make: Nothing to be done for `all'.
16:02:00 **** Incremental Build of configuration Debug for project lab1_cpp ****
make all 
Building file: ../src/lab1_cpp.cpp
Invoking: GCC C++ Compiler
g++ -O0 -g3 -Wall -c -fmessage-length=0 -MMD -MP -MF"src/lab1_cpp.d" -MT"src/lab1_cpp.d" -o "src/lab1_cpp.o" "../src/lab1_cpp.cpp"
Finished building: ../src/lab1_cpp.cpp
 
Building target: lab1_cpp
Invoking: GCC C++ Linker
g++  -o "lab1_cpp"  ./src/lab1_cpp.o   
Finished building target: lab1_cpp
 
16:04:39 **** Incremental Build of configuration Debug for project lab1_c ****
make all 
make: Nothing to be done for `all'.
16:04:39 **** Incremental Build of configuration Debug for project lab1_cpp ****
make all 
Building file: ../src/lab1_cpp.cpp
Invoking: GCC C++ Compiler
g++ -O0 -g3 -Wall -c -fmessage-length=0 -MMD -MP -MF"src/lab1_cpp.d" -MT"src/lab1_cpp.d" -o "src/lab1_cpp.o" "../src/lab1_cpp.cpp"
Finished building: ../src/lab1_cpp.cpp
 
Building target: lab1_cpp
Invoking: GCC C++ Linker
g++  -o "lab1_cpp"  ./src/lab1_cpp.o   
Finished building target: lab1_cpp
 
16:05:48 **** Incremental Build of configuration Debug for project lab1_c ****
make all 
make: Nothing to be done for `all'.
16:05:48 **** Incremental Build of configuration Debug for project lab1_cpp ****
make all 
Building file: ../src/lab1_cpp.cpp
Invoking: GCC C++ Compiler
g++ -O0 -g3 -Wall -c -fmessage-length=0 -MMD -MP -MF"src/lab1_cpp.d" -MT"src/lab1_cpp.d" -o "src/lab1_cpp.o" "../src/lab1_cpp.cpp"
Finished building: ../src/lab1_cpp.cpp
 
Building target: lab1_cpp
Invoking: GCC C++ Linker
g++  -o "lab1_cpp"  ./src/lab1_cpp.o   
Finished building target: lab1_cpp
 
21:50:58 **** Incremental Build of configuration Debug for project lab1_cpp ****
make all 
Building file: ../src/lab1_cpp.cpp
Invoking: GCC C++ Compiler
g++ -O0 -g3 -Wall -c -fmessage-length=0 -MMD -MP -MF"src/lab1_cpp.d" -MT"src/lab1_cpp.d" -o "src/lab1_cpp.o" "../src/lab1_cpp.cpp"
Finished building: ../src/lab1_cpp.cpp
 
Building target: lab1_cpp
Invoking: GCC C++ Linker
g++  -o "lab1_cpp"  ./src/lab1_cpp.o   
Finished building target: lab1_cpp
 
21:52:28 **** Incremental Build of configuration Debug for project lab1_cpp ****
make all 
make: Nothing to be done for `all'.
21:52:47 **** Incremental Build of configuration Debug for project lab1_cpp ****
make all 
make: Nothing to be done for `all'.
21:55:46 **** Build of configuration Debug for project a1 ****
make all 
Building file: ../src/a1.cpp
Invoking: GCC C++ Compiler
g++ -O0 -g3 -Wall -c -fmessage-length=0 -MMD -MP -MF"src/a1.d" -MT"src/a1.d" -o "src/a1.o" "../src/a1.cpp"
Finished building: ../src/a1.cpp
 
Building target: a1
Invoking: GCC C++ Linker
g++  -o "a1"  ./src/a1.o   
Finished building target: a1
 
21:57:11 **** Incremental Build of configuration Debug for project a1 ****
make all 
Building file: ../src/a1.cpp
Invoking: GCC C++ Compiler
g++ -O0 -g3 -Wall -c -fmessage-length=0 -MMD -MP -MF"src/a1.d" -MT"src/a1.d" -o "src/a1.o" "../src/a1.cpp"
Finished building: ../src/a1.cpp
 
Building target: a1
Invoking: GCC C++ Linker
g++  -o "a1"  ./src/a1.o   
Finished building target: a1
 
21:57:12 **** Incremental Build of configuration Debug for project lab1_c ****
make all 
make: Nothing to be done for `all'.
21:57:12 **** Incremental Build of configuration Debug for project lab1_cpp ****
make all 
make: Nothing to be done for `all'.
21:57:13 **** Incremental Build of configuration Debug for project a1 ****
make all 
make: Nothing to be done for `all'.
21:59:32 **** Incremental Build of configuration Debug for project a1 ****
make all 
make: Nothing to be done for `all'.
21:59:32 **** Incremental Build of configuration Debug for project lab1_c ****
make all 
make: Nothing to be done for `all'.
21:59:32 **** Incremental Build of configuration Debug for project lab1_cpp ****
make all 
make: Nothing to be done for `all'.
21:59:37 **** Incremental Build of configuration Debug for project a1 ****
make all 
Building file: ../src/a1.cpp
Invoking: GCC C++ Compiler
g++ -O0 -g3 -Wall -c -fmessage-length=0 -MMD -MP -MF"src/a1.d" -MT"src/a1.d" -o "src/a1.o" "../src/a1.cpp"
Finished building: ../src/a1.cpp
 
Building target: a1
Invoking: GCC C++ Linker
g++  -o "a1"  ./src/a1.o   
Finished building target: a1
 
21:41:52 **** Incremental Build of configuration Debug for project a1 ****
make all 
make: Nothing to be done for `all'.
22:11:50 **** Incremental Build of configuration Debug for project a1 ****
make all 
Building file: ../src/a1.cpp
Invoking: GCC C++ Compiler
g++ -O0 -g3 -Wall -c -fmessage-length=0 -MMD -MP -MF"src/a1.d" -MT"src/a1.d" -o "src/a1.o" "../src/a1.cpp"
../src/a1.cpp: In function ‘int Num()’:
../src/a1.cpp:147:1: warning: no return statement in function returning non-void [-Wreturn-type]
 }
 ^
Finished building: ../src/a1.cpp
 
Building target: a1
Invoking: GCC C++ Linker
g++  -o "a1"  ./src/a1.o   
Finished building target: a1
 
22:12:01 **** Incremental Build of configuration Debug for project a1 ****
make all 
make: Nothing to be done for `all'.
22:12:01 **** Incremental Build of configuration Debug for project lab1_c ****
make all 
make: Nothing to be done for `all'.
22:12:01 **** Incremental Build of configuration Debug for project lab1_cpp ****
make all 
make: Nothing to be done for `all'.
22:12:02 **** Incremental Build of configuration Debug for project lab1_cpp ****
make all 
make: Nothing to be done for `all'.
22:12:31 **** Incremental Build of configuration Debug for project lab1_cpp ****
make all 
make: Nothing to be done for `all'.
22:13:20 **** Incremental Build of configuration Debug for project a1 ****
make all 
make: Nothing to be done for `all'.
22:13:20 **** Incremental Build of configuration Debug for project lab1_c ****
make all 
make: Nothing to be done for `all'.
22:13:20 **** Incremental Build of configuration Debug for project lab1_cpp ****
make all 
Building file: ../src/lab1_cpp.cpp
Invoking: GCC C++ Compiler
g++ -O0 -g3 -Wall -c -fmessage-length=0 -MMD -MP -MF"src/lab1_cpp.d" -MT"src/lab1_cpp.d" -o "src/lab1_cpp.o" "../src/lab1_cpp.cpp"
Finished building: ../src/lab1_cpp.cpp
 
Building target: lab1_cpp
Invoking: GCC C++ Linker
g++  -o "lab1_cpp"  ./src/lab1_cpp.o   
Finished building target: lab1_cpp
 
22:13:23 **** Incremental Build of configuration Debug for project lab1_cpp ****
make all 
make: Nothing to be done for `all'.
22:23:19 **** Incremental Build of configuration Debug for project a1 ****
make all 
Building file: ../src/a1.cpp
Invoking: GCC C++ Compiler
g++ -O0 -g3 -Wall -c -fmessage-length=0 -MMD -MP -MF"src/a1.d" -MT"src/a1.d" -o "src/a1.o" "../src/a1.cpp"
Finished building: ../src/a1.cpp
 
Building target: a1
Invoking: GCC C++ Linker
g++  -o "a1"  ./src/a1.o   
Finished building target: a1
 
22:23:57 **** Incremental Build of configuration Debug for project a1 ****
make all 
make: Nothing to be done for `all'.
22:24:09 **** Incremental Build of configuration Debug for project a1 ****
make all 
make: Nothing to be done for `all'.
22:27:11 **** Incremental Build of configuration Debug for project a1 ****
make all 
Building file: ../src/a1.cpp
Invoking: GCC C++ Compiler
g++ -O0 -g3 -Wall -c -fmessage-length=0 -MMD -MP -MF"src/a1.d" -MT"src/a1.d" -o "src/a1.o" "../src/a1.cpp"
Finished building: ../src/a1.cpp
 
Building target: a1
Invoking: GCC C++ Linker
g++  -o "a1"  ./src/a1.o   
Finished building target: a1
 
22:27:24 **** Incremental Build of configuration Debug for project a1 ****
make all 
make: Nothing to be done for `all'.
22:28:33 **** Incremental Build of configuration Debug for project a1 ****
make all 
make: Nothing to be done for `all'.
22:29:02 **** Incremental Build of configuration Debug for project a1 ****
make all 
make: Nothing to be done for `all'.
22:30:07 **** Incremental Build of configuration Debug for project a1 ****
make all 
Building file: ../src/a1.cpp
Invoking: GCC C++ Compiler
g++ -O0 -g3 -Wall -c -fmessage-length=0 -MMD -MP -MF"src/a1.d" -MT"src/a1.d" -o "src/a1.o" "../src/a1.cpp"
Finished building: ../src/a1.cpp
 
Building target: a1
Invoking: GCC C++ Linker
g++  -o "a1"  ./src/a1.o   
Finished building target: a1
 
22:30:46 **** Incremental Build of configuration Debug for project a1 ****
make all 
make: Nothing to be done for `all'.
22:31:57 **** Incremental Build of configuration Debug for project a1 ****
make all 
make: Nothing to be done for `all'.
22:32:22 **** Incremental Build of configuration Debug for project a1 ****
make all 
make: Nothing to be done for `all'.
22:32:36 **** Incremental Build of configuration Debug for project a1 ****
make all 
make: Nothing to be done for `all'.
22:33:48 **** Incremental Build of configuration Debug for project a1 ****
make all 
make: Nothing to be done for `all'.
22:35:56 **** Incremental Build of configuration Debug for project a1 ****
make all 
Building file: ../src/a1.cpp
Invoking: GCC C++ Compiler
g++ -O0 -g3 -Wall -c -fmessage-length=0 -MMD -MP -MF"src/a1.d" -MT"src/a1.d" -o "src/a1.o" "../src/a1.cpp"
Finished building: ../src/a1.cpp
 
Building target: a1
Invoking: GCC C++ Linker
g++  -o "a1"  ./src/a1.o   
Finished building target: a1
 
22:36:44 **** Incremental Build of configuration Debug for project a1 ****
make all 
Building file: ../src/a1.cpp
Invoking: GCC C++ Compiler
g++ -O0 -g3 -Wall -c -fmessage-length=0 -MMD -MP -MF"src/a1.d" -MT"src/a1.d" -o "src/a1.o" "../src/a1.cpp"
Finished building: ../src/a1.cpp
 
Building target: a1
Invoking: GCC C++ Linker
g++  -o "a1"  ./src/a1.o   
Finished building target: a1
 
22:39:50 **** Incremental Build of configuration Debug for project a1 ****
make all 
Building file: ../src/a1.cpp
Invoking: GCC C++ Compiler
g++ -O0 -g3 -Wall -c -fmessage-length=0 -MMD -MP -MF"src/a1.d" -MT"src/a1.d" -o "src/a1.o" "../src/a1.cpp"
Finished building: ../src/a1.cpp
 
Building target: a1
Invoking: GCC C++ Linker
g++  -o "a1"  ./src/a1.o   
Finished building target: a1
 
22:40:29 **** Incremental Build of configuration Debug for project a1 ****
make all 
Building file: ../src/a1.cpp
Invoking: GCC C++ Compiler
g++ -O0 -g3 -Wall -c -fmessage-length=0 -MMD -MP -MF"src/a1.d" -MT"src/a1.d" -o "src/a1.o" "../src/a1.cpp"
Finished building: ../src/a1.cpp
 
Building target: a1
Invoking: GCC C++ Linker
g++  -o "a1"  ./src/a1.o   
Finished building target: a1
 
22:40:38 **** Incremental Build of configuration Debug for project a1 ****
make all 
make: Nothing to be done for `all'.
22:40:38 **** Incremental Build of configuration Debug for project lab1_c ****
make all 
make: Nothing to be done for `all'.
22:40:38 **** Incremental Build of configuration Debug for project lab1_cpp ****
make all 
make: Nothing to be done for `all'.
22:40:39 **** Incremental Build of configuration Debug for project a1 ****
make all 
make: Nothing to be done for `all'.
22:41:27 **** Incremental Build of configuration Debug for project a1 ****
make all 
Building file: ../src/a1.cpp
Invoking: GCC C++ Compiler
g++ -O0 -g3 -Wall -c -fmessage-length=0 -MMD -MP -MF"src/a1.d" -MT"src/a1.d" -o "src/a1.o" "../src/a1.cpp"
Finished building: ../src/a1.cpp
 
Building target: a1
Invoking: GCC C++ Linker
g++  -o "a1"  ./src/a1.o   
Finished building target: a1
 
22:42:48 **** Incremental Build of configuration Debug for project a1 ****
make all 
Building file: ../src/a1.cpp
Invoking: GCC C++ Compiler
g++ -O0 -g3 -Wall -c -fmessage-length=0 -MMD -MP -MF"src/a1.d" -MT"src/a1.d" -o "src/a1.o" "../src/a1.cpp"
Finished building: ../src/a1.cpp
 
Building target: a1
Invoking: GCC C++ Linker
g++  -o "a1"  ./src/a1.o   
Finished building target: a1
 
22:46:00 **** Incremental Build of configuration Debug for project a1 ****
make all 
Building file: ../src/a1.cpp
Invoking: GCC C++ Compiler
g++ -O0 -g3 -Wall -c -fmessage-length=0 -MMD -MP -MF"src/a1.d" -MT"src/a1.d" -o "src/a1.o" "../src/a1.cpp"
Finished building: ../src/a1.cpp
 
Building target: a1
Invoking: GCC C++ Linker
g++  -o "a1"  ./src/a1.o   
Finished building target: a1
 
22:52:18 **** Incremental Build of configuration Debug for project a1 ****
make all 
Building file: ../src/a1.cpp
Invoking: GCC C++ Compiler
g++ -O0 -g3 -Wall -c -fmessage-length=0 -MMD -MP -MF"src/a1.d" -MT"src/a1.d" -o "src/a1.o" "../src/a1.cpp"
Finished building: ../src/a1.cpp
 
Building target: a1
Invoking: GCC C++ Linker
g++  -o "a1"  ./src/a1.o   
Finished building target: a1
 
22:52:57 **** Incremental Build of configuration Debug for project a1 ****
make all 
Building file: ../src/a1.cpp
Invoking: GCC C++ Compiler
g++ -O0 -g3 -Wall -c -fmessage-length=0 -MMD -MP -MF"src/a1.d" -MT"src/a1.d" -o "src/a1.o" "../src/a1.cpp"
../src/a1.cpp: In function ‘int Num()’:
../src/a1.cpp:152:1: warning: control reaches end of non-void function [-Wreturn-type]
 }
 ^
Finished building: ../src/a1.cpp
 
Building target: a1
Invoking: GCC C++ Linker
g++  -o "a1"  ./src/a1.o   
Finished building target: a1
 
22:53:32 **** Incremental Build of configuration Debug for project a1 ****
make all 
Building file: ../src/a1.cpp
Invoking: GCC C++ Compiler
g++ -O0 -g3 -Wall -c -fmessage-length=0 -MMD -MP -MF"src/a1.d" -MT"src/a1.d" -o "src/a1.o" "../src/a1.cpp"
../src/a1.cpp: In function ‘int Num()’:
../src/a1.cpp:152:1: warning: control reaches end of non-void function [-Wreturn-type]
 }
 ^
Finished building: ../src/a1.cpp
 
Building target: a1
Invoking: GCC C++ Linker
g++  -o "a1"  ./src/a1.o   
Finished building target: a1
 
22:54:53 **** Incremental Build of configuration Debug for project a1 ****
make all 
Building file: ../src/a1.cpp
Invoking: GCC C++ Compiler
g++ -O0 -g3 -Wall -c -fmessage-length=0 -MMD -MP -MF"src/a1.d" -MT"src/a1.d" -o "src/a1.o" "../src/a1.cpp"
../src/a1.cpp: In function ‘int Num()’:
../src/a1.cpp:152:1: warning: control reaches end of non-void function [-Wreturn-type]
 }
 ^
Finished building: ../src/a1.cpp
 
Building target: a1
Invoking: GCC C++ Linker
g++  -o "a1"  ./src/a1.o   
Finished building target: a1
 
22:55:05 **** Incremental Build of configuration Debug for project a1 ****
make all 
make: Nothing to be done for `all'.
22:58:20 **** Incremental Build of configuration Debug for project a1 ****
make all 
Building file: ../src/a1.cpp
Invoking: GCC C++ Compiler
g++ -O0 -g3 -Wall -c -fmessage-length=0 -MMD -MP -MF"src/a1.d" -MT"src/a1.d" -o "src/a1.o" "../src/a1.cpp"
Finished building: ../src/a1.cpp
 
Building target: a1
Invoking: GCC C++ Linker
g++  -o "a1"  ./src/a1.o   
Finished building target: a1
 
22:58:28 **** Incremental Build of configuration Debug for project a1 ****
make all 
make: Nothing to be done for `all'.
22:58:38 **** Incremental Build of configuration Debug for project a1 ****
make all 
make: Nothing to be done for `all'.
22:59:24 **** Incremental Build of configuration Debug for project a1 ****
make all 
Building file: ../src/a1.cpp
Invoking: GCC C++ Compiler
g++ -O0 -g3 -Wall -c -fmessage-length=0 -MMD -MP -MF"src/a1.d" -MT"src/a1.d" -o "src/a1.o" "../src/a1.cpp"
Finished building: ../src/a1.cpp
 
Building target: a1
Invoking: GCC C++ Linker
g++  -o "a1"  ./src/a1.o   
Finished building target: a1
 
22:59:37 **** Incremental Build of configuration Debug for project a1 ****
make all 
make: Nothing to be done for `all'.
22:59:56 **** Incremental Build of configuration Debug for project a1 ****
make all 
make: Nothing to be done for `all'.
23:00:19 **** Incremental Build of configuration Debug for project a1 ****
make all 
make: Nothing to be done for `all'.
23:01:40 **** Incremental Build of configuration Debug for project a1 ****
make all 
make: Nothing to be done for `all'.
23:04:03 **** Incremental Build of configuration Debug for project a1 ****
make all 
Building file: ../src/a1.cpp
Invoking: GCC C++ Compiler
g++ -O0 -g3 -Wall -c -fmessage-length=0 -MMD -MP -MF"src/a1.d" -MT"src/a1.d" -o "src/a1.o" "../src/a1.cpp"
Finished building: ../src/a1.cpp
 
Building target: a1
Invoking: GCC C++ Linker
g++  -o "a1"  ./src/a1.o   
Finished building target: a1
 
23:05:28 **** Incremental Build of configuration Debug for project a1 ****
make all 
Building file: ../src/a1.cpp
Invoking: GCC C++ Compiler
g++ -O0 -g3 -Wall -c -fmessage-length=0 -MMD -MP -MF"src/a1.d" -MT"src/a1.d" -o "src/a1.o" "../src/a1.cpp"
Finished building: ../src/a1.cpp
 
Building target: a1
Invoking: GCC C++ Linker
g++  -o "a1"  ./src/a1.o   
Finished building target: a1
 
23:05:42 **** Incremental Build of configuration Debug for project a1 ****
make all 
make: Nothing to be done for `all'.
23:06:55 **** Incremental Build of configuration Debug for project a1 ****
make all 
Building file: ../src/a1.cpp
Invoking: GCC C++ Compiler
g++ -O0 -g3 -Wall -c -fmessage-length=0 -MMD -MP -MF"src/a1.d" -MT"src/a1.d" -o "src/a1.o" "../src/a1.cpp"
Finished building: ../src/a1.cpp
 
Building target: a1
Invoking: GCC C++ Linker
g++  -o "a1"  ./src/a1.o   
Finished building target: a1
 
23:07:25 **** Incremental Build of configuration Debug for project a1 ****
make all 
Building file: ../src/a1.cpp
Invoking: GCC C++ Compiler
g++ -O0 -g3 -Wall -c -fmessage-length=0 -MMD -MP -MF"src/a1.d" -MT"src/a1.d" -o "src/a1.o" "../src/a1.cpp"
Finished building: ../src/a1.cpp
 
Building target: a1
Invoking: GCC C++ Linker
g++  -o "a1"  ./src/a1.o   
Finished building target: a1
 
23:07:25 **** Incremental Build of configuration Debug for project lab1_c ****
make all 
make: Nothing to be done for `all'.
23:07:25 **** Incremental Build of configuration Debug for project lab1_cpp ****
make all 
make: Nothing to be done for `all'.
23:07:26 **** Incremental Build of configuration Debug for project a1 ****
make all 
make: Nothing to be done for `all'.
23:07:38 **** Incremental Build of configuration Debug for project a1 ****
make all 
Building file: ../src/a1.cpp
Invoking: GCC C++ Compiler
g++ -O0 -g3 -Wall -c -fmessage-length=0 -MMD -MP -MF"src/a1.d" -MT"src/a1.d" -o "src/a1.o" "../src/a1.cpp"
Finished building: ../src/a1.cpp
 
Building target: a1
Invoking: GCC C++ Linker
g++  -o "a1"  ./src/a1.o   
Finished building target: a1
 
23:07:50 **** Incremental Build of configuration Debug for project a1 ****
make all 
make: Nothing to be done for `all'.
23:10:36 **** Incremental Build of configuration Debug for project a1 ****
make all 
Building file: ../src/a1.cpp
Invoking: GCC C++ Compiler
g++ -O0 -g3 -Wall -c -fmessage-length=0 -MMD -MP -MF"src/a1.d" -MT"src/a1.d" -o "src/a1.o" "../src/a1.cpp"
Finished building: ../src/a1.cpp
 
Building target: a1
Invoking: GCC C++ Linker
g++  -o "a1"  ./src/a1.o   
Finished building target: a1
 
23:10:45 **** Incremental Build of configuration Debug for project a1 ****
make all 
make: Nothing to be done for `all'.
23:10:55 **** Incremental Build of configuration Debug for project a1 ****
make all 
make: Nothing to be done for `all'.
23:11:39 **** Incremental Build of configuration Debug for project a1 ****
make all 
Building file: ../src/a1.cpp
Invoking: GCC C++ Compiler
g++ -O0 -g3 -Wall -c -fmessage-length=0 -MMD -MP -MF"src/a1.d" -MT"src/a1.d" -o "src/a1.o" "../src/a1.cpp"
Finished building: ../src/a1.cpp
 
Building target: a1
Invoking: GCC C++ Linker
g++  -o "a1"  ./src/a1.o   
Finished building target: a1
 
23:12:07 **** Incremental Build of configuration Debug for project a1 ****
make all 
Building file: ../src/a1.cpp
Invoking: GCC C++ Compiler
g++ -O0 -g3 -Wall -c -fmessage-length=0 -MMD -MP -MF"src/a1.d" -MT"src/a1.d" -o "src/a1.o" "../src/a1.cpp"
Finished building: ../src/a1.cpp
 
Building target: a1
Invoking: GCC C++ Linker
g++  -o "a1"  ./src/a1.o   
Finished building target: a1
 
23:12:18 **** Incremental Build of configuration Debug for project a1 ****
make all 
make: Nothing to be done for `all'.
23:14:10 **** Incremental Build of configuration Debug for project a1 ****
make all 
make: Nothing to be done for `all'.
23:14:20 **** Incremental Build of configuration Debug for project a1 ****
make all 
make: Nothing to be done for `all'.
23:14:29 **** Incremental Build of configuration Debug for project a1 ****
make all 
make: Nothing to be done for `all'.
23:14:45 **** Incremental Build of configuration Debug for project a1 ****
make all 
make: Nothing to be done for `all'.
23:15:38 **** Incremental Build of configuration Debug for project a1 ****
make all 
Building file: ../src/a1.cpp
Invoking: GCC C++ Compiler
g++ -O0 -g3 -Wall -c -fmessage-length=0 -MMD -MP -MF"src/a1.d" -MT"src/a1.d" -o "src/a1.o" "../src/a1.cpp"
Finished building: ../src/a1.cpp
 
Building target: a1
Invoking: GCC C++ Linker
g++  -o "a1"  ./src/a1.o   
Finished building target: a1
 
23:16:08 **** Incremental Build of configuration Debug for project a1 ****
make all 
Building file: ../src/a1.cpp
Invoking: GCC C++ Compiler
g++ -O0 -g3 -Wall -c -fmessage-length=0 -MMD -MP -MF"src/a1.d" -MT"src/a1.d" -o "src/a1.o" "../src/a1.cpp"
Finished building: ../src/a1.cpp
 
Building target: a1
Invoking: GCC C++ Linker
g++  -o "a1"  ./src/a1.o   
Finished building target: a1
 
23:16:23 **** Incremental Build of configuration Debug for project a1 ****
make all 
Building file: ../src/a1.cpp
Invoking: GCC C++ Compiler
g++ -O0 -g3 -Wall -c -fmessage-length=0 -MMD -MP -MF"src/a1.d" -MT"src/a1.d" -o "src/a1.o" "../src/a1.cpp"
Finished building: ../src/a1.cpp
 
Building target: a1
Invoking: GCC C++ Linker
g++  -o "a1"  ./src/a1.o   
Finished building target: a1
 
23:16:43 **** Incremental Build of configuration Debug for project a1 ****
make all 
Building file: ../src/a1.cpp
Invoking: GCC C++ Compiler
g++ -O0 -g3 -Wall -c -fmessage-length=0 -MMD -MP -MF"src/a1.d" -MT"src/a1.d" -o "src/a1.o" "../src/a1.cpp"
Finished building: ../src/a1.cpp
 
Building target: a1
Invoking: GCC C++ Linker
g++  -o "a1"  ./src/a1.o   
Finished building target: a1
 
23:17:30 **** Incremental Build of configuration Debug for project a1 ****
make all 
Building file: ../src/a1.cpp
Invoking: GCC C++ Compiler
g++ -O0 -g3 -Wall -c -fmessage-length=0 -MMD -MP -MF"src/a1.d" -MT"src/a1.d" -o "src/a1.o" "../src/a1.cpp"
Finished building: ../src/a1.cpp
 
Building target: a1
Invoking: GCC C++ Linker
g++  -o "a1"  ./src/a1.o   
Finished building target: a1
 
23:17:38 **** Incremental Build of configuration Debug for project a1 ****
make all 
make: Nothing to be done for `all'.
23:18:25 **** Incremental Build of configuration Debug for project a1 ****
make all 
Building file: ../src/a1.cpp
Invoking: GCC C++ Compiler
g++ -O0 -g3 -Wall -c -fmessage-length=0 -MMD -MP -MF"src/a1.d" -MT"src/a1.d" -o "src/a1.o" "../src/a1.cpp"
Finished building: ../src/a1.cpp
 
Building target: a1
Invoking: GCC C++ Linker
g++  -o "a1"  ./src/a1.o   
Finished building target: a1
 
23:21:35 **** Incremental Build of configuration Debug for project a1 ****
make all 
Building file: ../src/a1.cpp
Invoking: GCC C++ Compiler
g++ -O0 -g3 -Wall -c -fmessage-length=0 -MMD -MP -MF"src/a1.d" -MT"src/a1.d" -o "src/a1.o" "../src/a1.cpp"
Finished building: ../src/a1.cpp
 
Building target: a1
Invoking: GCC C++ Linker
g++  -o "a1"  ./src/a1.o   
Finished building target: a1
 
23:27:07 **** Incremental Build of configuration Debug for project a1 ****
make all 
Building file: ../src/a1.cpp
Invoking: GCC C++ Compiler
g++ -O0 -g3 -Wall -c -fmessage-length=0 -MMD -MP -MF"src/a1.d" -MT"src/a1.d" -o "src/a1.o" "../src/a1.cpp"
Finished building: ../src/a1.cpp
 
Building target: a1
Invoking: GCC C++ Linker
g++  -o "a1"  ./src/a1.o   
Finished building target: a1
 
23:27:27 **** Incremental Build of configuration Debug for project a1 ****
make all 
Building file: ../src/a1.cpp
Invoking: GCC C++ Compiler
g++ -O0 -g3 -Wall -c -fmessage-length=0 -MMD -MP -MF"src/a1.d" -MT"src/a1.d" -o "src/a1.o" "../src/a1.cpp"
Finished building: ../src/a1.cpp
 
Building target: a1
Invoking: GCC C++ Linker
g++  -o "a1"  ./src/a1.o   
Finished building target: a1
 
23:27:46 **** Incremental Build of configuration Debug for project a1 ****
make all 
make: Nothing to be done for `all'.
23:27:53 **** Incremental Build of configuration Debug for project a1 ****
make all 
make: Nothing to be done for `all'.
23:27:59 **** Incremental Build of configuration Debug for project a1 ****
make all 
make: Nothing to be done for `all'.
23:31:08 **** Incremental Build of configuration Debug for project a1 ****
make all 
Building file: ../src/a1.cpp
Invoking: GCC C++ Compiler
g++ -O0 -g3 -Wall -c -fmessage-length=0 -MMD -MP -MF"src/a1.d" -MT"src/a1.d" -o "src/a1.o" "../src/a1.cpp"
Finished building: ../src/a1.cpp
 
Building target: a1
Invoking: GCC C++ Linker
g++  -o "a1"  ./src/a1.o   
Finished building target: a1
 
23:31:28 **** Incremental Build of configuration Debug for project a1 ****
make all 
Building file: ../src/a1.cpp
Invoking: GCC C++ Compiler
g++ -O0 -g3 -Wall -c -fmessage-length=0 -MMD -MP -MF"src/a1.d" -MT"src/a1.d" -o "src/a1.o" "../src/a1.cpp"
Finished building: ../src/a1.cpp
 
Building target: a1
Invoking: GCC C++ Linker
g++  -o "a1"  ./src/a1.o   
Finished building target: a1
 
23:31:51 **** Incremental Build of configuration Debug for project a1 ****
make all 
Building file: ../src/a1.cpp
Invoking: GCC C++ Compiler
g++ -O0 -g3 -Wall -c -fmessage-length=0 -MMD -MP -MF"src/a1.d" -MT"src/a1.d" -o "src/a1.o" "../src/a1.cpp"
Finished building: ../src/a1.cpp
 
Building target: a1
Invoking: GCC C++ Linker
g++  -o "a1"  ./src/a1.o   
Finished building target: a1
 
23:32:15 **** Incremental Build of configuration Debug for project a1 ****
make all 
Building file: ../src/a1.cpp
Invoking: GCC C++ Compiler
g++ -O0 -g3 -Wall -c -fmessage-length=0 -MMD -MP -MF"src/a1.d" -MT"src/a1.d" -o "src/a1.o" "../src/a1.cpp"
Finished building: ../src/a1.cpp
 
Building target: a1
Invoking: GCC C++ Linker
g++  -o "a1"  ./src/a1.o   
Finished building target: a1
 
23:33:13 **** Incremental Build of configuration Debug for project a1 ****
make all 
make: Nothing to be done for `all'.
23:34:24 **** Incremental Build of configuration Debug for project a1 ****
make all 
Building file: ../src/a1.cpp
Invoking: GCC C++ Compiler
g++ -O0 -g3 -Wall -c -fmessage-length=0 -MMD -MP -MF"src/a1.d" -MT"src/a1.d" -o "src/a1.o" "../src/a1.cpp"
Finished building: ../src/a1.cpp
 
Building target: a1
Invoking: GCC C++ Linker
g++  -o "a1"  ./src/a1.o   
Finished building target: a1
 
23:35:14 **** Incremental Build of configuration Debug for project a1 ****
make all 
make: Nothing to be done for `all'.
23:35:29 **** Incremental Build of configuration Debug for project a1 ****
make all 
Building file: ../src/a1.cpp
Invoking: GCC C++ Compiler
g++ -O0 -g3 -Wall -c -fmessage-length=0 -MMD -MP -MF"src/a1.d" -MT"src/a1.d" -o "src/a1.o" "../src/a1.cpp"
Finished building: ../src/a1.cpp
 
Building target: a1
Invoking: GCC C++ Linker
g++  -o "a1"  ./src/a1.o   
Finished building target: a1
 
23:35:45 **** Incremental Build of configuration Debug for project a1 ****
make all 
make: Nothing to be done for `all'.
23:36:07 **** Incremental Build of configuration Debug for project a1 ****
make all 
make: Nothing to be done for `all'.
23:37:12 **** Incremental Build of configuration Debug for project a1 ****
make all 
Building file: ../src/a1.cpp
Invoking: GCC C++ Compiler
g++ -O0 -g3 -Wall -c -fmessage-length=0 -MMD -MP -MF"src/a1.d" -MT"src/a1.d" -o "src/a1.o" "../src/a1.cpp"
Finished building: ../src/a1.cpp
 
Building target: a1
Invoking: GCC C++ Linker
g++  -o "a1"  ./src/a1.o   
Finished building target: a1
 
23:37:48 **** Incremental Build of configuration Debug for project a1 ****
make all 
Building file: ../src/a1.cpp
Invoking: GCC C++ Compiler
g++ -O0 -g3 -Wall -c -fmessage-length=0 -MMD -MP -MF"src/a1.d" -MT"src/a1.d" -o "src/a1.o" "../src/a1.cpp"
Finished building: ../src/a1.cpp
 
Building target: a1
Invoking: GCC C++ Linker
g++  -o "a1"  ./src/a1.o   
Finished building target: a1
 
23:37:57 **** Incremental Build of configuration Debug for project a1 ****
make all 
Building file: ../src/a1.cpp
Invoking: GCC C++ Compiler
g++ -O0 -g3 -Wall -c -fmessage-length=0 -MMD -MP -MF"src/a1.d" -MT"src/a1.d" -o "src/a1.o" "../src/a1.cpp"
Finished building: ../src/a1.cpp
 
Building target: a1
Invoking: GCC C++ Linker
g++  -o "a1"  ./src/a1.o   
Finished building target: a1
 
23:38:15 **** Incremental Build of configuration Debug for project a1 ****
make all 
make: Nothing to be done for `all'.
23:39:09 **** Incremental Build of configuration Debug for project a1 ****
make all 
make: Nothing to be done for `all'.
23:39:21 **** Incremental Build of configuration Debug for project a1 ****
make all 
make: Nothing to be done for `all'.
23:39:41 **** Incremental Build of configuration Debug for project a1 ****
make all 
make: Nothing to be done for `all'.
23:39:51 **** Incremental Build of configuration Debug for project a1 ****
make all 
make: Nothing to be done for `all'.
23:39:59 **** Incremental Build of configuration Debug for project a1 ****
make all 
make: Nothing to be done for `all'.
23:41:13 **** Incremental Build of configuration Debug for project a1 ****
make all 
Building file: ../src/a1.cpp
Invoking: GCC C++ Compiler
g++ -O0 -g3 -Wall -c -fmessage-length=0 -MMD -MP -MF"src/a1.d" -MT"src/a1.d" -o "src/a1.o" "../src/a1.cpp"
Finished building: ../src/a1.cpp
 
Building target: a1
Invoking: GCC C++ Linker
g++  -o "a1"  ./src/a1.o   
Finished building target: a1
 
23:41:41 **** Incremental Build of configuration Debug for project a1 ****
make all 
Building file: ../src/a1.cpp
Invoking: GCC C++ Compiler
g++ -O0 -g3 -Wall -c -fmessage-length=0 -MMD -MP -MF"src/a1.d" -MT"src/a1.d" -o "src/a1.o" "../src/a1.cpp"
Finished building: ../src/a1.cpp
 
Building target: a1
Invoking: GCC C++ Linker
g++  -o "a1"  ./src/a1.o   
Finished building target: a1
 
23:41:58 **** Incremental Build of configuration Debug for project a1 ****
make all 
Building file: ../src/a1.cpp
Invoking: GCC C++ Compiler
g++ -O0 -g3 -Wall -c -fmessage-length=0 -MMD -MP -MF"src/a1.d" -MT"src/a1.d" -o "src/a1.o" "../src/a1.cpp"
Finished building: ../src/a1.cpp
 
Building target: a1
Invoking: GCC C++ Linker
g++  -o "a1"  ./src/a1.o   
Finished building target: a1
 
23:43:12 **** Incremental Build of configuration Debug for project a1 ****
make all 
Building file: ../src/a1.cpp
Invoking: GCC C++ Compiler
g++ -O0 -g3 -Wall -c -fmessage-length=0 -MMD -MP -MF"src/a1.d" -MT"src/a1.d" -o "src/a1.o" "../src/a1.cpp"
Finished building: ../src/a1.cpp
 
Building target: a1
Invoking: GCC C++ Linker
g++  -o "a1"  ./src/a1.o   
Finished building target: a1
 
23:43:13 **** Incremental Build of configuration Debug for project lab1_c ****
make all 
make: Nothing to be done for `all'.
23:43:13 **** Incremental Build of configuration Debug for project lab1_cpp ****
make all 
make: Nothing to be done for `all'.
23:43:14 **** Incremental Build of configuration Debug for project a1 ****
make all 
make: Nothing to be done for `all'.
23:44:27 **** Incremental Build of configuration Debug for project a1 ****
make all 
Building file: ../src/a1.cpp
Invoking: GCC C++ Compiler
g++ -O0 -g3 -Wall -c -fmessage-length=0 -MMD -MP -MF"src/a1.d" -MT"src/a1.d" -o "src/a1.o" "../src/a1.cpp"
Finished building: ../src/a1.cpp
 
Building target: a1
Invoking: GCC C++ Linker
g++  -o "a1"  ./src/a1.o   
Finished building target: a1
 
23:44:43 **** Incremental Build of configuration Debug for project a1 ****
make all 
Building file: ../src/a1.cpp
Invoking: GCC C++ Compiler
g++ -O0 -g3 -Wall -c -fmessage-length=0 -MMD -MP -MF"src/a1.d" -MT"src/a1.d" -o "src/a1.o" "../src/a1.cpp"
Finished building: ../src/a1.cpp
 
Building target: a1
Invoking: GCC C++ Linker
g++  -o "a1"  ./src/a1.o   
Finished building target: a1
 
23:44:58 **** Incremental Build of configuration Debug for project a1 ****
make all 
Building file: ../src/a1.cpp
Invoking: GCC C++ Compiler
g++ -O0 -g3 -Wall -c -fmessage-length=0 -MMD -MP -MF"src/a1.d" -MT"src/a1.d" -o "src/a1.o" "../src/a1.cpp"
Finished building: ../src/a1.cpp
 
Building target: a1
Invoking: GCC C++ Linker
g++  -o "a1"  ./src/a1.o   
Finished building target: a1
 
23:45:13 **** Incremental Build of configuration Debug for project a1 ****
make all 
Building file: ../src/a1.cpp
Invoking: GCC C++ Compiler
g++ -O0 -g3 -Wall -c -fmessage-length=0 -MMD -MP -MF"src/a1.d" -MT"src/a1.d" -o "src/a1.o" "../src/a1.cpp"
Finished building: ../src/a1.cpp
 
Building target: a1
Invoking: GCC C++ Linker
g++  -o "a1"  ./src/a1.o   
Finished building target: a1
 
23:45:13 **** Incremental Build of configuration Debug for project lab1_c ****
make all 
make: Nothing to be done for `all'.
23:45:13 **** Incremental Build of configuration Debug for project lab1_cpp ****
make all 
make: Nothing to be done for `all'.
23:45:15 **** Incremental Build of configuration Debug for project a1 ****
make all 
make: Nothing to be done for `all'.
23:48:40 **** Incremental Build of configuration Debug for project a1 ****
make all 
Building file: ../src/a1.cpp
Invoking: GCC C++ Compiler
g++ -O0 -g3 -Wall -c -fmessage-length=0 -MMD -MP -MF"src/a1.d" -MT"src/a1.d" -o "src/a1.o" "../src/a1.cpp"
Finished building: ../src/a1.cpp
 
Building target: a1
Invoking: GCC C++ Linker
g++  -o "a1"  ./src/a1.o   
Finished building target: a1
 
23:51:20 **** Incremental Build of configuration Debug for project a1 ****
make all 
Building file: ../src/a1.cpp
Invoking: GCC C++ Compiler
g++ -O0 -g3 -Wall -c -fmessage-length=0 -MMD -MP -MF"src/a1.d" -MT"src/a1.d" -o "src/a1.o" "../src/a1.cpp"
../src/a1.cpp: In function ‘int Fact()’:
../src/a1.cpp:140:3: error: expected ‘;’ before ‘cout’
   cout << "\t result: " << result << endl;
   ^
make: *** [src/a1.o] Error 1
23:51:28 **** Incremental Build of configuration Debug for project a1 ****
make all 
Building file: ../src/a1.cpp
Invoking: GCC C++ Compiler
g++ -O0 -g3 -Wall -c -fmessage-length=0 -MMD -MP -MF"src/a1.d" -MT"src/a1.d" -o "src/a1.o" "../src/a1.cpp"
Finished building: ../src/a1.cpp
 
Building target: a1
Invoking: GCC C++ Linker
g++  -o "a1"  ./src/a1.o   
Finished building target: a1
 
23:51:47 **** Incremental Build of configuration Debug for project a1 ****
make all 
Building file: ../src/a1.cpp
Invoking: GCC C++ Compiler
g++ -O0 -g3 -Wall -c -fmessage-length=0 -MMD -MP -MF"src/a1.d" -MT"src/a1.d" -o "src/a1.o" "../src/a1.cpp"
Finished building: ../src/a1.cpp
 
Building target: a1
Invoking: GCC C++ Linker
g++  -o "a1"  ./src/a1.o   
Finished building target: a1
 
23:51:47 **** Incremental Build of configuration Debug for project lab1_c ****
make all 
make: Nothing to be done for `all'.
23:51:47 **** Incremental Build of configuration Debug for project lab1_cpp ****
make all 
make: Nothing to be done for `all'.
23:51:49 **** Incremental Build of configuration Debug for project a1 ****
make all 
make: Nothing to be done for `all'.
23:51:55 **** Incremental Build of configuration Debug for project a1 ****
make all 
Building file: ../src/a1.cpp
Invoking: GCC C++ Compiler
g++ -O0 -g3 -Wall -c -fmessage-length=0 -MMD -MP -MF"src/a1.d" -MT"src/a1.d" -o "src/a1.o" "../src/a1.cpp"
Finished building: ../src/a1.cpp
 
Building target: a1
Invoking: GCC C++ Linker
g++  -o "a1"  ./src/a1.o   
Finished building target: a1
 
23:51:55 **** Incremental Build of configuration Debug for project lab1_c ****
make all 
make: Nothing to be done for `all'.
23:51:56 **** Incremental Build of configuration Debug for project lab1_cpp ****
make all 
make: Nothing to be done for `all'.
23:51:58 **** Incremental Build of configuration Debug for project a1 ****
make all 
make: Nothing to be done for `all'.
23:57:30 **** Incremental Build of configuration Debug for project a1 ****
make all 
make: Nothing to be done for `all'.
19:13:18 **** Build of configuration Debug for project a1 ****
make all 
make: Nothing to be done for `all'.
19:14:17 **** Incremental Build of configuration Debug for project a1 ****
make all 
Building file: ../src/a1.cpp
Invoking: GCC C++ Compiler
g++ -O0 -g3 -Wall -c -fmessage-length=0 -MMD -MP -MF"src/a1.d" -MT"src/a1.d" -o "src/a1.o" "../src/a1.cpp"
Finished building: ../src/a1.cpp
 
Building target: a1
Invoking: GCC C++ Linker
g++  -o "a1"  ./src/a1.o   
Finished building target: a1
 
20:01:05 **** Incremental Build of configuration Debug for project a1 ****
make all 
make: Nothing to be done for `all'.
20:01:11 **** Incremental Build of configuration Debug for project a1 ****
make all 
make: Nothing to be done for `all'.
20:01:20 **** Incremental Build of configuration Debug for project a1 ****
make all 
make: Nothing to be done for `all'.
20:04:13 **** Incremental Build of configuration Debug for project a1 ****
make all 
Building file: ../src/a1.cpp
Invoking: GCC C++ Compiler
g++ -O0 -g3 -Wall -c -fmessage-length=0 -MMD -MP -MF"src/a1.d" -MT"src/a1.d" -o "src/a1.o" "../src/a1.cpp"
Finished building: ../src/a1.cpp
 
Building target: a1
Invoking: GCC C++ Linker
g++  -o "a1"  ./src/a1.o   
Finished building target: a1
 
20:04:26 **** Incremental Build of configuration Debug for project a1 ****
make all 
make: Nothing to be done for `all'.
20:04:40 **** Incremental Build of configuration Debug for project a1 ****
make all 
make: Nothing to be done for `all'.
20:04:59 **** Incremental Build of configuration Debug for project a1 ****
make all 
make: Nothing to be done for `all'.
20:05:12 **** Incremental Build of configuration Debug for project a1 ****
make all 
make: Nothing to be done for `all'.
20:06:27 **** Incremental Build of configuration Debug for project a1 ****
make all 
Building file: ../src/a1.cpp
Invoking: GCC C++ Compiler
g++ -O0 -g3 -Wall -c -fmessage-length=0 -MMD -MP -MF"src/a1.d" -MT"src/a1.d" -o "src/a1.o" "../src/a1.cpp"
Finished building: ../src/a1.cpp
 
Building target: a1
Invoking: GCC C++ Linker
g++  -o "a1"  ./src/a1.o   
Finished building target: a1
 
20:12:18 **** Incremental Build of configuration Debug for project a1 ****
make all 
Building file: ../src/a1.cpp
Invoking: GCC C++ Compiler
g++ -O0 -g3 -Wall -c -fmessage-length=0 -MMD -MP -MF"src/a1.d" -MT"src/a1.d" -o "src/a1.o" "../src/a1.cpp"
Finished building: ../src/a1.cpp
 
Building target: a1
Invoking: GCC C++ Linker
g++  -o "a1"  ./src/a1.o   
Finished building target: a1
 
20:13:19 **** Incremental Build of configuration Debug for project a1 ****
make all 
Building file: ../src/a1.cpp
Invoking: GCC C++ Compiler
g++ -O0 -g3 -Wall -c -fmessage-length=0 -MMD -MP -MF"src/a1.d" -MT"src/a1.d" -o "src/a1.o" "../src/a1.cpp"
Finished building: ../src/a1.cpp
 
Building target: a1
Invoking: GCC C++ Linker
g++  -o "a1"  ./src/a1.o   
Finished building target: a1
 
20:13:36 **** Incremental Build of configuration Debug for project a1 ****
make all 
make: Nothing to be done for `all'.
20:17:52 **** Incremental Build of configuration Debug for project a1 ****
make all 
Building file: ../src/a1.cpp
Invoking: GCC C++ Compiler
g++ -O0 -g3 -Wall -c -fmessage-length=0 -MMD -MP -MF"src/a1.d" -MT"src/a1.d" -o "src/a1.o" "../src/a1.cpp"
Finished building: ../src/a1.cpp
 
Building target: a1
Invoking: GCC C++ Linker
g++  -o "a1"  ./src/a1.o   
Finished building target: a1
 
20:18:14 **** Incremental Build of configuration Debug for project a1 ****
make all 
make: Nothing to be done for `all'.
20:18:23 **** Incremental Build of configuration Debug for project a1 ****
make all 
make: Nothing to be done for `all'.
20:18:27 **** Incremental Build of configuration Debug for project a1 ****
make all 
make: Nothing to be done for `all'.
20:18:29 **** Incremental Build of configuration Debug for project a1 ****
make all 
make: Nothing to be done for `all'.
20:18:30 **** Incremental Build of configuration Debug for project a1 ****
make all 
make: Nothing to be done for `all'.
20:19:30 **** Incremental Build of configuration Debug for project a1 ****
make all 
Building file: ../src/a1.cpp
Invoking: GCC C++ Compiler
g++ -O0 -g3 -Wall -c -fmessage-length=0 -MMD -MP -MF"src/a1.d" -MT"src/a1.d" -o "src/a1.o" "../src/a1.cpp"
Finished building: ../src/a1.cpp
 
Building target: a1
Invoking: GCC C++ Linker
g++  -o "a1"  ./src/a1.o   
Finished building target: a1
 
20:30:42 **** Incremental Build of configuration Debug for project a1 ****
make all 
Building file: ../src/a1.cpp
Invoking: GCC C++ Compiler
g++ -O0 -g3 -Wall -c -fmessage-length=0 -MMD -MP -MF"src/a1.d" -MT"src/a1.d" -o "src/a1.o" "../src/a1.cpp"
Finished building: ../src/a1.cpp
 
Building target: a1
Invoking: GCC C++ Linker
g++  -o "a1"  ./src/a1.o   
Finished building target: a1
 
20:30:58 **** Incremental Build of configuration Debug for project a1 ****
make all 
make: Nothing to be done for `all'.
20:31:05 **** Incremental Build of configuration Debug for project a1 ****
make all 
make: Nothing to be done for `all'.
20:31:07 **** Incremental Build of configuration Debug for project a1 ****
make all 
make: Nothing to be done for `all'.
20:35:37 **** Incremental Build of configuration Debug for project a1 ****
make all 
Building file: ../src/a1.cpp
Invoking: GCC C++ Compiler
g++ -O0 -g3 -Wall -c -fmessage-length=0 -MMD -MP -MF"src/a1.d" -MT"src/a1.d" -o "src/a1.o" "../src/a1.cpp"
Finished building: ../src/a1.cpp
 
Building target: a1
Invoking: GCC C++ Linker
g++  -o "a1"  ./src/a1.o   
Finished building target: a1
 
20:35:58 **** Incremental Build of configuration Debug for project a1 ****
make all 
make: Nothing to be done for `all'.
20:39:55 **** Build of configuration Debug for project a1 ****
make all 
make: Nothing to be done for `all'.
20:40:43 **** Incremental Build of configuration Debug for project a1 ****
make all 
make: Nothing to be done for `all'.
20:40:54 **** Incremental Build of configuration Debug for project a1 ****
make all 
make: Nothing to be done for `all'.
20:41:49 **** Incremental Build of configuration Debug for project a1 ****
make all 
make: Nothing to be done for `all'.
20:42:06 **** Incremental Build of configuration Debug for project a1 ****
make all 
make: Nothing to be done for `all'.
20:42:25 **** Incremental Build of configuration Debug for project a1 ****
make all 
make: Nothing to be done for `all'.
20:54:33 **** Incremental Build of configuration Debug for project a1 ****
make all 
Building file: ../src/a1.cpp
Invoking: GCC C++ Compiler
g++ -O0 -g3 -Wall -c -fmessage-length=0 -MMD -MP -MF"src/a1.d" -MT"src/a1.d" -o "src/a1.o" "../src/a1.cpp"
Finished building: ../src/a1.cpp
 
Building target: a1
Invoking: GCC C++ Linker
g++  -o "a1"  ./src/a1.o   
Finished building target: a1
 
20:58:36 **** Incremental Build of configuration Debug for project a1 ****
make all 
Building file: ../src/a1.cpp
Invoking: GCC C++ Compiler
g++ -O0 -g3 -Wall -c -fmessage-length=0 -MMD -MP -MF"src/a1.d" -MT"src/a1.d" -o "src/a1.o" "../src/a1.cpp"
Finished building: ../src/a1.cpp
 
Building target: a1
Invoking: GCC C++ Linker
g++  -o "a1"  ./src/a1.o   
Finished building target: a1
 
20:59:23 **** Incremental Build of configuration Debug for project a1 ****
make all 
Building file: ../src/a1.cpp
Invoking: GCC C++ Compiler
g++ -O0 -g3 -Wall -c -fmessage-length=0 -MMD -MP -MF"src/a1.d" -MT"src/a1.d" -o "src/a1.o" "../src/a1.cpp"
Finished building: ../src/a1.cpp
 
Building target: a1
Invoking: GCC C++ Linker
g++  -o "a1"  ./src/a1.o   
Finished building target: a1
 
20:59:36 **** Incremental Build of configuration Debug for project a1 ****
make all 
make: Nothing to be done for `all'.
21:00:00 **** Incremental Build of configuration Debug for project a1 ****
make all 
Building file: ../src/a1.cpp
Invoking: GCC C++ Compiler
g++ -O0 -g3 -Wall -c -fmessage-length=0 -MMD -MP -MF"src/a1.d" -MT"src/a1.d" -o "src/a1.o" "../src/a1.cpp"
Finished building: ../src/a1.cpp
 
Building target: a1
Invoking: GCC C++ Linker
g++  -o "a1"  ./src/a1.o   
Finished building target: a1
 
21:02:00 **** Incremental Build of configuration Debug for project a1 ****
make all 
Building file: ../src/a1.cpp
Invoking: GCC C++ Compiler
g++ -O0 -g3 -Wall -c -fmessage-length=0 -MMD -MP -MF"src/a1.d" -MT"src/a1.d" -o "src/a1.o" "../src/a1.cpp"
Finished building: ../src/a1.cpp
 
Building target: a1
Invoking: GCC C++ Linker
g++  -o "a1"  ./src/a1.o   
Finished building target: a1
 
21:02:20 **** Incremental Build of configuration Debug for project a1 ****
make all 
Building file: ../src/a1.cpp
Invoking: GCC C++ Compiler
g++ -O0 -g3 -Wall -c -fmessage-length=0 -MMD -MP -MF"src/a1.d" -MT"src/a1.d" -o "src/a1.o" "../src/a1.cpp"
Finished building: ../src/a1.cpp
 
Building target: a1
Invoking: GCC C++ Linker
g++  -o "a1"  ./src/a1.o   
Finished building target: a1
 
21:11:33 **** Incremental Build of configuration Debug for project a1 ****
make all 
Building file: ../src/a1.cpp
Invoking: GCC C++ Compiler
g++ -O0 -g3 -Wall -c -fmessage-length=0 -MMD -MP -MF"src/a1.d" -MT"src/a1.d" -o "src/a1.o" "../src/a1.cpp"
Finished building: ../src/a1.cpp
 
Building target: a1
Invoking: GCC C++ Linker
g++  -o "a1"  ./src/a1.o   
Finished building target: a1
 
21:11:54 **** Incremental Build of configuration Debug for project a1 ****
make all 
Building file: ../src/a1.cpp
Invoking: GCC C++ Compiler
g++ -O0 -g3 -Wall -c -fmessage-length=0 -MMD -MP -MF"src/a1.d" -MT"src/a1.d" -o "src/a1.o" "../src/a1.cpp"
Finished building: ../src/a1.cpp
 
Building target: a1
Invoking: GCC C++ Linker
g++  -o "a1"  ./src/a1.o   
Finished building target: a1
 
21:48:39 **** Incremental Build of configuration Debug for project a1 ****
make all 
Building file: ../src/a1.cpp
Invoking: GCC C++ Compiler
g++ -O0 -g3 -Wall -c -fmessage-length=0 -MMD -MP -MF"src/a1.d" -MT"src/a1.d" -o "src/a1.o" "../src/a1.cpp"
Finished building: ../src/a1.cpp
 
Building target: a1
Invoking: GCC C++ Linker
g++  -o "a1"  ./src/a1.o   
Finished building target: a1
 
21:49:19 **** Incremental Build of configuration Debug for project a1 ****
make all 
Building file: ../src/a1.cpp
Invoking: GCC C++ Compiler
g++ -O0 -g3 -Wall -c -fmessage-length=0 -MMD -MP -MF"src/a1.d" -MT"src/a1.d" -o "src/a1.o" "../src/a1.cpp"
Finished building: ../src/a1.cpp
 
Building target: a1
Invoking: GCC C++ Linker
g++  -o "a1"  ./src/a1.o   
Finished building target: a1
 
21:50:19 **** Incremental Build of configuration Debug for project a1 ****
make all 
Building file: ../src/a1.cpp
Invoking: GCC C++ Compiler
g++ -O0 -g3 -Wall -c -fmessage-length=0 -MMD -MP -MF"src/a1.d" -MT"src/a1.d" -o "src/a1.o" "../src/a1.cpp"
Finished building: ../src/a1.cpp
 
Building target: a1
Invoking: GCC C++ Linker
g++  -o "a1"  ./src/a1.o   
Finished building target: a1
 
14:14:00 **** Build of configuration Debug for project Prog3 ****
make all 
Building file: ../src/Prog3.cpp
Invoking: GCC C++ Compiler
g++ -O0 -g3 -Wall -c -fmessage-length=0 -MMD -MP -MF"src/Prog3.d" -MT"src/Prog3.d" -o "src/Prog3.o" "../src/Prog3.cpp"
../src/Prog3.cpp: In function ‘int Exp()’:
../src/Prog3.cpp:29:19: error: ‘Term’ was not declared in this scope
  return Exp2(Term()); //Exp() calls Exp2() with the value that Term() returns
                   ^
../src/Prog3.cpp:29:20: error: ‘Exp2’ was not declared in this scope
  return Exp2(Term()); //Exp() calls Exp2() with the value that Term() returns
                    ^
../src/Prog3.cpp: In function ‘int Term()’:
../src/Prog3.cpp:35:20: error: ‘Fact’ was not declared in this scope
  return Term2(Fact()); // Term() calls Term2() with the value returned from Fact()
                    ^
../src/Prog3.cpp:35:21: error: ‘Term2’ was not declared in this scope
  return Term2(Fact()); // Term() calls Term2() with the value returned from Fact()
                     ^
../src/Prog3.cpp: In function ‘int Term2(int)’:
../src/Prog3.cpp:85:33: error: ‘Fact’ was not declared in this scope
    result = Term2(result * Fact()); // return result multiplied by next char
                                 ^
../src/Prog3.cpp:90:33: error: ‘Fact’ was not declared in this scope
    result = Term2(result / Fact()); // return result divided by next char
                                 ^
../src/Prog3.cpp: In function ‘int Fact()’:
../src/Prog3.cpp:113:19: error: ‘Num’ was not declared in this scope
  int result = Num();
                   ^
../src/Prog3.cpp: In function ‘int Exp()’:
../src/Prog3.cpp:30:1: warning: control reaches end of non-void function [-Wreturn-type]
 }
 ^
../src/Prog3.cpp: In function ‘int Term()’:
../src/Prog3.cpp:36:1: warning: control reaches end of non-void function [-Wreturn-type]
 }
 ^
make: *** [src/Prog3.o] Error 1
14:14:01 **** Incremental Build of configuration Debug for project a1 ****
make all 
make: Nothing to be done for `all'.
14:14:01 **** Build of configuration Debug for project lab1_c ****
make all 
make: Nothing to be done for `all'.
14:14:02 **** Build of configuration Debug for project lab1_cpp ****
make all 
make: Nothing to be done for `all'.
14:14:15 **** Incremental Build of configuration Debug for project Prog3 ****
make all 
Building file: ../src/Prog3.cpp
Invoking: GCC C++ Compiler
g++ -O0 -g3 -Wall -c -fmessage-length=0 -MMD -MP -MF"src/Prog3.d" -MT"src/Prog3.d" -o "src/Prog3.o" "../src/Prog3.cpp"
../src/Prog3.cpp: In function ‘int Exp()’:
../src/Prog3.cpp:29:19: error: ‘Term’ was not declared in this scope
  return Exp2(Term()); //Exp() calls Exp2() with the value that Term() returns
                   ^
../src/Prog3.cpp:29:20: error: ‘Exp2’ was not declared in this scope
  return Exp2(Term()); //Exp() calls Exp2() with the value that Term() returns
                    ^
../src/Prog3.cpp: In function ‘int Term()’:
../src/Prog3.cpp:35:20: error: ‘Fact’ was not declared in this scope
  return Term2(Fact()); // Term() calls Term2() with the value returned from Fact()
                    ^
../src/Prog3.cpp:35:21: error: ‘Term2’ was not declared in this scope
  return Term2(Fact()); // Term() calls Term2() with the value returned from Fact()
                     ^
../src/Prog3.cpp: In function ‘int Term2(int)’:
../src/Prog3.cpp:85:33: error: ‘Fact’ was not declared in this scope
    result = Term2(result * Fact()); // return result multiplied by next char
                                 ^
../src/Prog3.cpp:90:33: error: ‘Fact’ was not declared in this scope
    result = Term2(result / Fact()); // return result divided by next char
                                 ^
../src/Prog3.cpp: In function ‘int Fact()’:
../src/Prog3.cpp:113:19: error: ‘Num’ was not declared in this scope
  int result = Num();
                   ^
../src/Prog3.cpp: In function ‘int Exp()’:
../src/Prog3.cpp:30:1: warning: control reaches end of non-void function [-Wreturn-type]
 }
 ^
../src/Prog3.cpp: In function ‘int Term()’:
../src/Prog3.cpp:36:1: warning: control reaches end of non-void function [-Wreturn-type]
 }
 ^
make: *** [src/Prog3.o] Error 1
14:14:54 **** Incremental Build of configuration Debug for project Prog3 ****
make all 
Building file: ../src/Prog3.cpp
Invoking: GCC C++ Compiler
g++ -O0 -g3 -Wall -c -fmessage-length=0 -MMD -MP -MF"src/Prog3.d" -MT"src/Prog3.d" -o "src/Prog3.o" "../src/Prog3.cpp"
Finished building: ../src/Prog3.cpp
 
Building target: Prog3
Invoking: GCC C++ Linker
g++  -o "Prog3"  ./src/Prog3.o   
Finished building target: Prog3
 
14:14:55 **** Incremental Build of configuration Debug for project a1 ****
make all 
make: Nothing to be done for `all'.
14:14:55 **** Incremental Build of configuration Debug for project lab1_c ****
make all 
make: Nothing to be done for `all'.
14:14:55 **** Incremental Build of configuration Debug for project lab1_cpp ****
make all 
make: Nothing to be done for `all'.
14:14:59 **** Incremental Build of configuration Debug for project Prog3 ****
make all 
make: Nothing to be done for `all'.
14:18:31 **** Incremental Build of configuration Debug for project Prog3 ****
make all 
Building file: ../src/Prog3.cpp
Invoking: GCC C++ Compiler
g++ -O0 -g3 -Wall -c -fmessage-length=0 -MMD -MP -MF"src/Prog3.d" -MT"src/Prog3.d" -o "src/Prog3.o" "../src/Prog3.cpp"
Finished building: ../src/Prog3.cpp
 
Building target: Prog3
Invoking: GCC C++ Linker
g++  -o "Prog3"  ./src/Prog3.o   
Finished building target: Prog3
 
14:18:31 **** Incremental Build of configuration Debug for project a1 ****
make all 
make: Nothing to be done for `all'.
14:18:31 **** Incremental Build of configuration Debug for project lab1_c ****
make all 
make: Nothing to be done for `all'.
14:18:31 **** Incremental Build of configuration Debug for project lab1_cpp ****
make all 
make: Nothing to be done for `all'.
14:18:33 **** Incremental Build of configuration Debug for project Prog3 ****
make all 
make: Nothing to be done for `all'.
14:50:16 **** Incremental Build of configuration Debug for project Prog3 ****
make all 
Building file: ../src/Prog3.cpp
Invoking: GCC C++ Compiler
g++ -O0 -g3 -Wall -c -fmessage-length=0 -MMD -MP -MF"src/Prog3.d" -MT"src/Prog3.d" -o "src/Prog3.o" "../src/Prog3.cpp"
Finished building: ../src/Prog3.cpp
 
Building target: Prog3
Invoking: GCC C++ Linker
g++  -o "Prog3"  ./src/Prog3.o   
./src/Prog3.o: In function `main':
/home/juan/CSE/cs117/Prog3/Debug/../src/Prog3.cpp:59: undefined reference to `statements()'
collect2: error: ld returned 1 exit status
make: *** [Prog3] Error 1
14:50:28 **** Incremental Build of configuration Debug for project Prog3 ****
make all 
Building file: ../src/Prog3.cpp
Invoking: GCC C++ Compiler
g++ -O0 -g3 -Wall -c -fmessage-length=0 -MMD -MP -MF"src/Prog3.d" -MT"src/Prog3.d" -o "src/Prog3.o" "../src/Prog3.cpp"
Finished building: ../src/Prog3.cpp
 
Building target: Prog3
Invoking: GCC C++ Linker
g++  -o "Prog3"  ./src/Prog3.o   
Finished building target: Prog3
 
14:50:52 **** Incremental Build of configuration Debug for project Prog3 ****
make all 
Building file: ../src/Prog3.cpp
Invoking: GCC C++ Compiler
g++ -O0 -g3 -Wall -c -fmessage-length=0 -MMD -MP -MF"src/Prog3.d" -MT"src/Prog3.d" -o "src/Prog3.o" "../src/Prog3.cpp"
Finished building: ../src/Prog3.cpp
 
Building target: Prog3
Invoking: GCC C++ Linker
g++  -o "Prog3"  ./src/Prog3.o   
Finished building target: Prog3
 
14:50:52 **** Incremental Build of configuration Debug for project a1 ****
make all 
make: Nothing to be done for `all'.
14:50:53 **** Incremental Build of configuration Debug for project lab1_c ****
make all 
make: Nothing to be done for `all'.
14:50:53 **** Incremental Build of configuration Debug for project lab1_cpp ****
make all 
make: Nothing to be done for `all'.
14:50:55 **** Incremental Build of configuration Debug for project Prog3 ****
make all 
make: Nothing to be done for `all'.
14:52:41 **** Incremental Build of configuration Debug for project Prog3 ****
make all 
Building file: ../src/Prog3.cpp
Invoking: GCC C++ Compiler
g++ -O0 -g3 -Wall -c -fmessage-length=0 -MMD -MP -MF"src/Prog3.d" -MT"src/Prog3.d" -o "src/Prog3.o" "../src/Prog3.cpp"
Finished building: ../src/Prog3.cpp
 
Building target: Prog3
Invoking: GCC C++ Linker
g++  -o "Prog3"  ./src/Prog3.o   
Finished building target: Prog3
 
14:52:41 **** Incremental Build of configuration Debug for project a1 ****
make all 
make: Nothing to be done for `all'.
14:52:41 **** Incremental Build of configuration Debug for project lab1_c ****
make all 
make: Nothing to be done for `all'.
14:52:42 **** Incremental Build of configuration Debug for project lab1_cpp ****
make all 
make: Nothing to be done for `all'.
14:52:43 **** Incremental Build of configuration Debug for project Prog3 ****
make all 
make: Nothing to be done for `all'.
14:53:43 **** Incremental Build of configuration Debug for project Prog3 ****
make all 
Building file: ../src/Prog3.cpp
Invoking: GCC C++ Compiler
g++ -O0 -g3 -Wall -c -fmessage-length=0 -MMD -MP -MF"src/Prog3.d" -MT"src/Prog3.d" -o "src/Prog3.o" "../src/Prog3.cpp"
../src/Prog3.cpp:100:18: error: empty character constant
  char tempWord = '';
                  ^
../src/Prog3.cpp: In function ‘void declaration(std::string)’:
../src/Prog3.cpp:103:18: warning: comparison with string literal results in unspecified behaviour [-Waddress]
   if(tempWord == ";") // end of line
                  ^
../src/Prog3.cpp:103:18: error: ISO C++ forbids comparison between pointer and integer [-fpermissive]
make: *** [src/Prog3.o] Error 1
14:53:44 **** Incremental Build of configuration Debug for project a1 ****
make all 
make: Nothing to be done for `all'.
14:53:44 **** Incremental Build of configuration Debug for project lab1_c ****
make all 
make: Nothing to be done for `all'.
14:53:44 **** Incremental Build of configuration Debug for project lab1_cpp ****
make all 
make: Nothing to be done for `all'.
14:54:01 **** Incremental Build of configuration Debug for project Prog3 ****
make all 
Building file: ../src/Prog3.cpp
Invoking: GCC C++ Compiler
g++ -O0 -g3 -Wall -c -fmessage-length=0 -MMD -MP -MF"src/Prog3.d" -MT"src/Prog3.d" -o "src/Prog3.o" "../src/Prog3.cpp"
../src/Prog3.cpp:100:18: error: empty character constant
  char tempWord = '';
                  ^
make: *** [src/Prog3.o] Error 1
14:54:01 **** Incremental Build of configuration Debug for project a1 ****
make all 
make: Nothing to be done for `all'.
14:54:01 **** Incremental Build of configuration Debug for project lab1_c ****
make all 
make: Nothing to be done for `all'.
14:54:01 **** Incremental Build of configuration Debug for project lab1_cpp ****
make all 
make: Nothing to be done for `all'.
14:54:07 **** Incremental Build of configuration Debug for project Prog3 ****
make all 
Building file: ../src/Prog3.cpp
Invoking: GCC C++ Compiler
g++ -O0 -g3 -Wall -c -fmessage-length=0 -MMD -MP -MF"src/Prog3.d" -MT"src/Prog3.d" -o "src/Prog3.o" "../src/Prog3.cpp"
../src/Prog3.cpp:100:18: error: empty character constant
  char tempWord = '';
                  ^
make: *** [src/Prog3.o] Error 1
14:54:23 **** Incremental Build of configuration Debug for project Prog3 ****
make all 
Building file: ../src/Prog3.cpp
Invoking: GCC C++ Compiler
g++ -O0 -g3 -Wall -c -fmessage-length=0 -MMD -MP -MF"src/Prog3.d" -MT"src/Prog3.d" -o "src/Prog3.o" "../src/Prog3.cpp"
Finished building: ../src/Prog3.cpp
 
Building target: Prog3
Invoking: GCC C++ Linker
g++  -o "Prog3"  ./src/Prog3.o   
Finished building target: Prog3
 
14:54:24 **** Incremental Build of configuration Debug for project a1 ****
make all 
make: Nothing to be done for `all'.
14:54:24 **** Incremental Build of configuration Debug for project lab1_c ****
make all 
make: Nothing to be done for `all'.
14:54:24 **** Incremental Build of configuration Debug for project lab1_cpp ****
make all 
make: Nothing to be done for `all'.
14:54:26 **** Incremental Build of configuration Debug for project Prog3 ****
make all 
make: Nothing to be done for `all'.
15:03:04 **** Incremental Build of configuration Debug for project Prog3 ****
make all 
Building file: ../src/Prog3.cpp
Invoking: GCC C++ Compiler
g++ -O0 -g3 -Wall -c -fmessage-length=0 -MMD -MP -MF"src/Prog3.d" -MT"src/Prog3.d" -o "src/Prog3.o" "../src/Prog3.cpp"
Finished building: ../src/Prog3.cpp
 
Building target: Prog3
Invoking: GCC C++ Linker
g++  -o "Prog3"  ./src/Prog3.o   
Finished building target: Prog3
 
15:04:31 **** Incremental Build of configuration Debug for project Prog3 ****
make all 
Building file: ../src/Prog3.cpp
Invoking: GCC C++ Compiler
g++ -O0 -g3 -Wall -c -fmessage-length=0 -MMD -MP -MF"src/Prog3.d" -MT"src/Prog3.d" -o "src/Prog3.o" "../src/Prog3.cpp"
Finished building: ../src/Prog3.cpp
 
Building target: Prog3
Invoking: GCC C++ Linker
g++  -o "Prog3"  ./src/Prog3.o   
Finished building target: Prog3
 
15:04:55 **** Incremental Build of configuration Debug for project Prog3 ****
make all 
Building file: ../src/Prog3.cpp
Invoking: GCC C++ Compiler
g++ -O0 -g3 -Wall -c -fmessage-length=0 -MMD -MP -MF"src/Prog3.d" -MT"src/Prog3.d" -o "src/Prog3.o" "../src/Prog3.cpp"
Finished building: ../src/Prog3.cpp
 
Building target: Prog3
Invoking: GCC C++ Linker
g++  -o "Prog3"  ./src/Prog3.o   
Finished building target: Prog3
 
15:06:56 **** Incremental Build of configuration Debug for project Prog3 ****
make all 
Building file: ../src/Prog3.cpp
Invoking: GCC C++ Compiler
g++ -O0 -g3 -Wall -c -fmessage-length=0 -MMD -MP -MF"src/Prog3.d" -MT"src/Prog3.d" -o "src/Prog3.o" "../src/Prog3.cpp"
Finished building: ../src/Prog3.cpp
 
Building target: Prog3
Invoking: GCC C++ Linker
g++  -o "Prog3"  ./src/Prog3.o   
Finished building target: Prog3
 
15:06:57 **** Incremental Build of configuration Debug for project a1 ****
make all 
make: Nothing to be done for `all'.
15:06:57 **** Incremental Build of configuration Debug for project lab1_c ****
make all 
make: Nothing to be done for `all'.
15:06:57 **** Incremental Build of configuration Debug for project lab1_cpp ****
make all 
make: Nothing to be done for `all'.
15:06:59 **** Incremental Build of configuration Debug for project Prog3 ****
make all 
make: Nothing to be done for `all'.
15:07:50 **** Incremental Build of configuration Debug for project Prog3 ****
make all 
Building file: ../src/Prog3.cpp
Invoking: GCC C++ Compiler
g++ -O0 -g3 -Wall -c -fmessage-length=0 -MMD -MP -MF"src/Prog3.d" -MT"src/Prog3.d" -o "src/Prog3.o" "../src/Prog3.cpp"
Finished building: ../src/Prog3.cpp
 
Building target: Prog3
Invoking: GCC C++ Linker
g++  -o "Prog3"  ./src/Prog3.o   
Finished building target: Prog3
 
15:08:41 **** Incremental Build of configuration Debug for project Prog3 ****
make all 
Building file: ../src/Prog3.cpp
Invoking: GCC C++ Compiler
g++ -O0 -g3 -Wall -c -fmessage-length=0 -MMD -MP -MF"src/Prog3.d" -MT"src/Prog3.d" -o "src/Prog3.o" "../src/Prog3.cpp"
Finished building: ../src/Prog3.cpp
 
Building target: Prog3
Invoking: GCC C++ Linker
g++  -o "Prog3"  ./src/Prog3.o   
Finished building target: Prog3
 
15:08:41 **** Incremental Build of configuration Debug for project a1 ****
make all 
make: Nothing to be done for `all'.
15:08:41 **** Incremental Build of configuration Debug for project lab1_c ****
make all 
make: Nothing to be done for `all'.
15:08:41 **** Incremental Build of configuration Debug for project lab1_cpp ****
make all 
make: Nothing to be done for `all'.
15:08:42 **** Incremental Build of configuration Debug for project Prog3 ****
make all 
make: Nothing to be done for `all'.
15:09:48 **** Incremental Build of configuration Debug for project Prog3 ****
make all 
Building file: ../src/Prog3.cpp
Invoking: GCC C++ Compiler
g++ -O0 -g3 -Wall -c -fmessage-length=0 -MMD -MP -MF"src/Prog3.d" -MT"src/Prog3.d" -o "src/Prog3.o" "../src/Prog3.cpp"
Finished building: ../src/Prog3.cpp
 
Building target: Prog3
Invoking: GCC C++ Linker
g++  -o "Prog3"  ./src/Prog3.o   
Finished building target: Prog3
 
15:13:19 **** Incremental Build of configuration Debug for project Prog3 ****
make all 
Building file: ../src/Prog3.cpp
Invoking: GCC C++ Compiler
g++ -O0 -g3 -Wall -c -fmessage-length=0 -MMD -MP -MF"src/Prog3.d" -MT"src/Prog3.d" -o "src/Prog3.o" "../src/Prog3.cpp"
Finished building: ../src/Prog3.cpp
 
Building target: Prog3
Invoking: GCC C++ Linker
g++  -o "Prog3"  ./src/Prog3.o   
Finished building target: Prog3
 
15:43:55 **** Incremental Build of configuration Debug for project Prog3 ****
make all 
Building file: ../src/Prog3.cpp
Invoking: GCC C++ Compiler
g++ -O0 -g3 -Wall -c -fmessage-length=0 -MMD -MP -MF"src/Prog3.d" -MT"src/Prog3.d" -o "src/Prog3.o" "../src/Prog3.cpp"
../src/Prog3.cpp: In function ‘void printFunct()’:
../src/Prog3.cpp:180:11: error: no match for ‘operator<=’ (operand types are ‘char’ and ‘std::string {aka std::basic_string<char>}’)
  if( ('a' <= tempWord && tempWord <= 'z') || ('A' <= tempWord && tempWord <= 'Z') )
           ^
../src/Prog3.cpp:180:11: note: candidates are:
In file included from /usr/include/c++/4.8/bits/stl_algobase.h:64:0,
                 from /usr/include/c++/4.8/bits/char_traits.h:39,
                 from /usr/include/c++/4.8/ios:40,
                 from /usr/include/c++/4.8/ostream:38,
                 from /usr/include/c++/4.8/iostream:39,
                 from ../src/Prog3.cpp:16:
/usr/include/c++/4.8/bits/stl_pair.h:239:5: note: template<class _T1, class _T2> bool std::operator<=(const std::pair<_T1, _T2>&, const std::pair<_T1, _T2>&)
     operator<=(const pair<_T1, _T2>& __x, const pair<_T1, _T2>& __y)
     ^
/usr/include/c++/4.8/bits/stl_pair.h:239:5: note:   template argument deduction/substitution failed:
../src/Prog3.cpp:180:14: note:   mismatched types ‘const std::pair<_T1, _T2>’ and ‘char’
  if( ('a' <= tempWord && tempWord <= 'z') || ('A' <= tempWord && tempWord <= 'Z') )
              ^
In file included from /usr/include/c++/4.8/bits/stl_algobase.h:67:0,
                 from /usr/include/c++/4.8/bits/char_traits.h:39,
                 from /usr/include/c++/4.8/ios:40,
                 from /usr/include/c++/4.8/ostream:38,
                 from /usr/include/c++/4.8/iostream:39,
                 from ../src/Prog3.cpp:16:
/usr/include/c++/4.8/bits/stl_iterator.h:315:5: note: template<class _Iterator> bool std::operator<=(const std::reverse_iterator<_Iterator>&, const std::reverse_iterator<_Iterator>&)
     operator<=(const reverse_iterator<_Iterator>& __x,
     ^
/usr/include/c++/4.8/bits/stl_iterator.h:315:5: note:   template argument deduction/substitution failed:
../src/Prog3.cpp:180:14: note:   mismatched types ‘const std::reverse_iterator<_Iterator>’ and ‘char’
  if( ('a' <= tempWord && tempWord <= 'z') || ('A' <= tempWord && tempWord <= 'Z') )
              ^
In file included from /usr/include/c++/4.8/bits/stl_algobase.h:67:0,
                 from /usr/include/c++/4.8/bits/char_traits.h:39,
                 from /usr/include/c++/4.8/ios:40,
                 from /usr/include/c++/4.8/ostream:38,
                 from /usr/include/c++/4.8/iostream:39,
                 from ../src/Prog3.cpp:16:
/usr/include/c++/4.8/bits/stl_iterator.h:365:5: note: template<class _IteratorL, class _IteratorR> bool std::operator<=(const std::reverse_iterator<_Iterator>&, const std::reverse_iterator<_IteratorR>&)
     operator<=(const reverse_iterator<_IteratorL>& __x,
     ^
/usr/include/c++/4.8/bits/stl_iterator.h:365:5: note:   template argument deduction/substitution failed:
../src/Prog3.cpp:180:14: note:   mismatched types ‘const std::reverse_iterator<_Iterator>’ and ‘char’
  if( ('a' <= tempWord && tempWord <= 'z') || ('A' <= tempWord && tempWord <= 'Z') )
              ^
In file included from /usr/include/c++/4.8/string:52:0,
                 from /usr/include/c++/4.8/bits/locale_classes.h:40,
                 from /usr/include/c++/4.8/bits/ios_base.h:41,
                 from /usr/include/c++/4.8/ios:42,
                 from /usr/include/c++/4.8/ostream:38,
                 from /usr/include/c++/4.8/iostream:39,
                 from ../src/Prog3.cpp:16:
/usr/include/c++/4.8/bits/basic_string.h:2643:5: note: template<class _CharT, class _Traits, class _Alloc> bool std::operator<=(const std::basic_string<_CharT, _Traits, _Alloc>&, const std::basic_string<_CharT, _Traits, _Alloc>&)
     operator<=(const basic_string<_CharT, _Traits, _Alloc>& __lhs,
     ^
/usr/include/c++/4.8/bits/basic_string.h:2643:5: note:   template argument deduction/substitution failed:
../src/Prog3.cpp:180:14: note:   mismatched types ‘const std::basic_string<_CharT, _Traits, _Alloc>’ and ‘char’
  if( ('a' <= tempWord && tempWord <= 'z') || ('A' <= tempWord && tempWord <= 'Z') )
              ^
In file included from /usr/include/c++/4.8/string:52:0,
                 from /usr/include/c++/4.8/bits/locale_classes.h:40,
                 from /usr/include/c++/4.8/bits/ios_base.h:41,
                 from /usr/include/c++/4.8/ios:42,
                 from /usr/include/c++/4.8/ostream:38,
                 from /usr/include/c++/4.8/iostream:39,
                 from ../src/Prog3.cpp:16:
/usr/include/c++/4.8/bits/basic_string.h:2655:5: note: template<class _CharT, class _Traits, class _Alloc> bool std::operator<=(const std::basic_string<_CharT, _Traits, _Alloc>&, const _CharT*)
     operator<=(const basic_string<_CharT, _Traits, _Alloc>& __lhs,
     ^
/usr/include/c++/4.8/bits/basic_string.h:2655:5: note:   template argument deduction/substitution failed:
../src/Prog3.cpp:180:14: note:   mismatched types ‘const std::basic_string<_CharT, _Traits, _Alloc>’ and ‘char’
  if( ('a' <= tempWord && tempWord <= 'z') || ('A' <= tempWord && tempWord <= 'Z') )
              ^
In file included from /usr/include/c++/4.8/string:52:0,
                 from /usr/include/c++/4.8/bits/locale_classes.h:40,
                 from /usr/include/c++/4.8/bits/ios_base.h:41,
                 from /usr/include/c++/4.8/ios:42,
                 from /usr/include/c++/4.8/ostream:38,
                 from /usr/include/c++/4.8/iostream:39,
                 from ../src/Prog3.cpp:16:
/usr/include/c++/4.8/bits/basic_string.h:2667:5: note: template<class _CharT, class _Traits, class _Alloc> bool std::operator<=(const _CharT*, const std::basic_string<_CharT, _Traits, _Alloc>&)
     operator<=(const _CharT* __lhs,
     ^
/usr/include/c++/4.8/bits/basic_string.h:2667:5: note:   template argument deduction/substitution failed:
../src/Prog3.cpp:180:14: note:   mismatched types ‘const _CharT*’ and ‘char’
  if( ('a' <= tempWord && tempWord <= 'z') || ('A' <= tempWord && tempWord <= 'Z') )
              ^
In file included from /usr/include/c++/4.8/vector:64:0,
                 from ../src/Prog3.cpp:20:
/usr/include/c++/4.8/bits/stl_vector.h:1440:5: note: template<class _Tp, class _Alloc> bool std::operator<=(const std::vector<_Tp, _Alloc>&, const std::vector<_Tp, _Alloc>&)
     operator<=(const vector<_Tp, _Alloc>& __x, const vector<_Tp, _Alloc>& __y)
     ^
/usr/include/c++/4.8/bits/stl_vector.h:1440:5: note:   template argument deduction/substitution failed:
../src/Prog3.cpp:180:14: note:   mismatched types ‘const std::vector<_Tp, _Alloc>’ and ‘char’
  if( ('a' <= tempWord && tempWord <= 'z') || ('A' <= tempWord && tempWord <= 'Z') )
              ^
In file included from /usr/include/c++/4.8/bits/stl_algobase.h:67:0,
                 from /usr/include/c++/4.8/bits/char_traits.h:39,
                 from /usr/include/c++/4.8/ios:40,
                 from /usr/include/c++/4.8/ostream:38,
                 from /usr/include/c++/4.8/iostream:39,
                 from ../src/Prog3.cpp:16:
/usr/include/c++/4.8/bits/stl_iterator.h:860:5: note: template<class _Iterator, class _Container> bool __gnu_cxx::operator<=(const __gnu_cxx::__normal_iterator<_Iterator, _Container>&, const __gnu_cxx::__normal_iterator<_Iterator, _Container>&)
     operator<=(const __normal_iterator<_Iterator, _Container>& __lhs,
     ^
/usr/include/c++/4.8/bits/stl_iterator.h:860:5: note:   template argument deduction/substitution failed:
../src/Prog3.cpp:180:14: note:   mismatched types ‘const __gnu_cxx::__normal_iterator<_Iterator, _Container>’ and ‘char’
  if( ('a' <= tempWord && tempWord <= 'z') || ('A' <= tempWord && tempWord <= 'Z') )
              ^
In file included from /usr/include/c++/4.8/bits/stl_algobase.h:67:0,
                 from /usr/include/c++/4.8/bits/char_traits.h:39,
                 from /usr/include/c++/4.8/ios:40,
                 from /usr/include/c++/4.8/ostream:38,
                 from /usr/include/c++/4.8/iostream:39,
                 from ../src/Prog3.cpp:16:
/usr/include/c++/4.8/bits/stl_iterator.h:854:5: note: template<class _IteratorL, class _IteratorR, class _Container> bool __gnu_cxx::operator<=(const __gnu_cxx::__normal_iterator<_IteratorL, _Container>&, const __gnu_cxx::__normal_iterator<_IteratorR, _Container>&)
     operator<=(const __normal_iterator<_IteratorL, _Container>& __lhs,
     ^
/usr/include/c++/4.8/bits/stl_iterator.h:854:5: note:   template argument deduction/substitution failed:
../src/Prog3.cpp:180:14: note:   mismatched types ‘const __gnu_cxx::__normal_iterator<_IteratorL, _Container>’ and ‘char’
  if( ('a' <= tempWord && tempWord <= 'z') || ('A' <= tempWord && tempWord <= 'Z') )
              ^
../src/Prog3.cpp:180:35: error: no match for ‘operator<=’ (operand types are ‘std::string {aka std::basic_string<char>}’ and ‘char’)
  if( ('a' <= tempWord && tempWord <= 'z') || ('A' <= tempWord && tempWord <= 'Z') )
                                   ^
../src/Prog3.cpp:180:35: note: candidates are:
In file included from /usr/include/c++/4.8/bits/stl_algobase.h:64:0,
                 from /usr/include/c++/4.8/bits/char_traits.h:39,
                 from /usr/include/c++/4.8/ios:40,
                 from /usr/include/c++/4.8/ostream:38,
                 from /usr/include/c++/4.8/iostream:39,
                 from ../src/Prog3.cpp:16:
/usr/include/c++/4.8/bits/stl_pair.h:239:5: note: template<class _T1, class _T2> bool std::operator<=(const std::pair<_T1, _T2>&, const std::pair<_T1, _T2>&)
     operator<=(const pair<_T1, _T2>& __x, const pair<_T1, _T2>& __y)
     ^
/usr/include/c++/4.8/bits/stl_pair.h:239:5: note:   template argument deduction/substitution failed:
../src/Prog3.cpp:180:38: note:   ‘std::string {aka std::basic_string<char>}’ is not derived from ‘const std::pair<_T1, _T2>’
  if( ('a' <= tempWord && tempWord <= 'z') || ('A' <= tempWord && tempWord <= 'Z') )
                                      ^
In file included from /usr/include/c++/4.8/bits/stl_algobase.h:67:0,
                 from /usr/include/c++/4.8/bits/char_traits.h:39,
                 from /usr/include/c++/4.8/ios:40,
                 from /usr/include/c++/4.8/ostream:38,
                 from /usr/include/c++/4.8/iostream:39,
                 from ../src/Prog3.cpp:16:
/usr/include/c++/4.8/bits/stl_iterator.h:315:5: note: template<class _Iterator> bool std::operator<=(const std::reverse_iterator<_Iterator>&, const std::reverse_iterator<_Iterator>&)
     operator<=(const reverse_iterator<_Iterator>& __x,
     ^
/usr/include/c++/4.8/bits/stl_iterator.h:315:5: note:   template argument deduction/substitution failed:
../src/Prog3.cpp:180:38: note:   ‘std::string {aka std::basic_string<char>}’ is not derived from ‘const std::reverse_iterator<_Iterator>’
  if( ('a' <= tempWord && tempWord <= 'z') || ('A' <= tempWord && tempWord <= 'Z') )
                                      ^
In file included from /usr/include/c++/4.8/bits/stl_algobase.h:67:0,
                 from /usr/include/c++/4.8/bits/char_traits.h:39,
                 from /usr/include/c++/4.8/ios:40,
                 from /usr/include/c++/4.8/ostream:38,
                 from /usr/include/c++/4.8/iostream:39,
                 from ../src/Prog3.cpp:16:
/usr/include/c++/4.8/bits/stl_iterator.h:365:5: note: template<class _IteratorL, class _IteratorR> bool std::operator<=(const std::reverse_iterator<_Iterator>&, const std::reverse_iterator<_IteratorR>&)
     operator<=(const reverse_iterator<_IteratorL>& __x,
     ^
/usr/include/c++/4.8/bits/stl_iterator.h:365:5: note:   template argument deduction/substitution failed:
../src/Prog3.cpp:180:38: note:   ‘std::string {aka std::basic_string<char>}’ is not derived from ‘const std::reverse_iterator<_Iterator>’
  if( ('a' <= tempWord && tempWord <= 'z') || ('A' <= tempWord && tempWord <= 'Z') )
                                      ^
In file included from /usr/include/c++/4.8/string:52:0,
                 from /usr/include/c++/4.8/bits/locale_classes.h:40,
                 from /usr/include/c++/4.8/bits/ios_base.h:41,
                 from /usr/include/c++/4.8/ios:42,
                 from /usr/include/c++/4.8/ostream:38,
                 from /usr/include/c++/4.8/iostream:39,
                 from ../src/Prog3.cpp:16:
/usr/include/c++/4.8/bits/basic_string.h:2643:5: note: template<class _CharT, class _Traits, class _Alloc> bool std::operator<=(const std::basic_string<_CharT, _Traits, _Alloc>&, const std::basic_string<_CharT, _Traits, _Alloc>&)
     operator<=(const basic_string<_CharT, _Traits, _Alloc>& __lhs,
     ^
/usr/include/c++/4.8/bits/basic_string.h:2643:5: note:   template argument deduction/substitution failed:
../src/Prog3.cpp:180:38: note:   mismatched types ‘const std::basic_string<_CharT, _Traits, _Alloc>’ and ‘char’
  if( ('a' <= tempWord && tempWord <= 'z') || ('A' <= tempWord && tempWord <= 'Z') )
                                      ^
In file included from /usr/include/c++/4.8/string:52:0,
                 from /usr/include/c++/4.8/bits/locale_classes.h:40,
                 from /usr/include/c++/4.8/bits/ios_base.h:41,
                 from /usr/include/c++/4.8/ios:42,
                 from /usr/include/c++/4.8/ostream:38,
                 from /usr/include/c++/4.8/iostream:39,
                 from ../src/Prog3.cpp:16:
/usr/include/c++/4.8/bits/basic_string.h:2655:5: note: template<class _CharT, class _Traits, class _Alloc> bool std::operator<=(const std::basic_string<_CharT, _Traits, _Alloc>&, const _CharT*)
     operator<=(const basic_string<_CharT, _Traits, _Alloc>& __lhs,
     ^
/usr/include/c++/4.8/bits/basic_string.h:2655:5: note:   template argument deduction/substitution failed:
../src/Prog3.cpp:180:38: note:   mismatched types ‘const _CharT*’ and ‘char’
  if( ('a' <= tempWord && tempWord <= 'z') || ('A' <= tempWord && tempWord <= 'Z') )
                                      ^
In file included from /usr/include/c++/4.8/string:52:0,
                 from /usr/include/c++/4.8/bits/locale_classes.h:40,
                 from /usr/include/c++/4.8/bits/ios_base.h:41,
                 from /usr/include/c++/4.8/ios:42,
                 from /usr/include/c++/4.8/ostream:38,
                 from /usr/include/c++/4.8/iostream:39,
                 from ../src/Prog3.cpp:16:
/usr/include/c++/4.8/bits/basic_string.h:2667:5: note: template<class _CharT, class _Traits, class _Alloc> bool std::operator<=(const _CharT*, const std::basic_string<_CharT, _Traits, _Alloc>&)
     operator<=(const _CharT* __lhs,
     ^
/usr/include/c++/4.8/bits/basic_string.h:2667:5: note:   template argument deduction/substitution failed:
../src/Prog3.cpp:180:38: note:   mismatched types ‘const _CharT*’ and ‘std::basic_string<char>’
  if( ('a' <= tempWord && tempWord <= 'z') || ('A' <= tempWord && tempWord <= 'Z') )
                                      ^
In file included from /usr/include/c++/4.8/vector:64:0,
                 from ../src/Prog3.cpp:20:
/usr/include/c++/4.8/bits/stl_vector.h:1440:5: note: template<class _Tp, class _Alloc> bool std::operator<=(const std::vector<_Tp, _Alloc>&, const std::vector<_Tp, _Alloc>&)
     operator<=(const vector<_Tp, _Alloc>& __x, const vector<_Tp, _Alloc>& __y)
     ^
/usr/include/c++/4.8/bits/stl_vector.h:1440:5: note:   template argument deduction/substitution failed:
../src/Prog3.cpp:180:38: note:   ‘std::string {aka std::basic_string<char>}’ is not derived from ‘const std::vector<_Tp, _Alloc>’
  if( ('a' <= tempWord && tempWord <= 'z') || ('A' <= tempWord && tempWord <= 'Z') )
                                      ^
In file included from /usr/include/c++/4.8/bits/stl_algobase.h:67:0,
                 from /usr/include/c++/4.8/bits/char_traits.h:39,
                 from /usr/include/c++/4.8/ios:40,
                 from /usr/include/c++/4.8/ostream:38,
                 from /usr/include/c++/4.8/iostream:39,
                 from ../src/Prog3.cpp:16:
/usr/include/c++/4.8/bits/stl_iterator.h:860:5: note: template<class _Iterator, class _Container> bool __gnu_cxx::operator<=(const __gnu_cxx::__normal_iterator<_Iterator, _Container>&, const __gnu_cxx::__normal_iterator<_Iterator, _Container>&)
     operator<=(const __normal_iterator<_Iterator, _Container>& __lhs,
     ^
/usr/include/c++/4.8/bits/stl_iterator.h:860:5: note:   template argument deduction/substitution failed:
../src/Prog3.cpp:180:38: note:   ‘std::string {aka std::basic_string<char>}’ is not derived from ‘const __gnu_cxx::__normal_iterator<_Iterator, _Container>’
  if( ('a' <= tempWord && tempWord <= 'z') || ('A' <= tempWord && tempWord <= 'Z') )
                                      ^
In file included from /usr/include/c++/4.8/bits/stl_algobase.h:67:0,
                 from /usr/include/c++/4.8/bits/char_traits.h:39,
                 from /usr/include/c++/4.8/ios:40,
                 from /usr/include/c++/4.8/ostream:38,
                 from /usr/include/c++/4.8/iostream:39,
                 from ../src/Prog3.cpp:16:
/usr/include/c++/4.8/bits/stl_iterator.h:854:5: note: template<class _IteratorL, class _IteratorR, class _Container> bool __gnu_cxx::operator<=(const __gnu_cxx::__normal_iterator<_IteratorL, _Container>&, const __gnu_cxx::__normal_iterator<_IteratorR, _Container>&)
     operator<=(const __normal_iterator<_IteratorL, _Container>& __lhs,
     ^
/usr/include/c++/4.8/bits/stl_iterator.h:854:5: note:   template argument deduction/substitution failed:
../src/Prog3.cpp:180:38: note:   ‘std::string {aka std::basic_string<char>}’ is not derived from ‘const __gnu_cxx::__normal_iterator<_IteratorL, _Container>’
  if( ('a' <= tempWord && tempWord <= 'z') || ('A' <= tempWord && tempWord <= 'Z') )
                                      ^
../src/Prog3.cpp:180:51: error: no match for ‘operator<=’ (operand types are ‘char’ and ‘std::string {aka std::basic_string<char>}’)
  if( ('a' <= tempWord && tempWord <= 'z') || ('A' <= tempWord && tempWord <= 'Z') )
                                                   ^
../src/Prog3.cpp:180:51: note: candidates are:
In file included from /usr/include/c++/4.8/bits/stl_algobase.h:64:0,
                 from /usr/include/c++/4.8/bits/char_traits.h:39,
                 from /usr/include/c++/4.8/ios:40,
                 from /usr/include/c++/4.8/ostream:38,
                 from /usr/include/c++/4.8/iostream:39,
                 from ../src/Prog3.cpp:16:
/usr/include/c++/4.8/bits/stl_pair.h:239:5: note: template<class _T1, class _T2> bool std::operator<=(const std::pair<_T1, _T2>&, const std::pair<_T1, _T2>&)
     operator<=(const pair<_T1, _T2>& __x, const pair<_T1, _T2>& __y)
     ^
/usr/include/c++/4.8/bits/stl_pair.h:239:5: note:   template argument deduction/substitution failed:
../src/Prog3.cpp:180:54: note:   mismatched types ‘const std::pair<_T1, _T2>’ and ‘char’
  if( ('a' <= tempWord && tempWord <= 'z') || ('A' <= tempWord && tempWord <= 'Z') )
                                                      ^
In file included from /usr/include/c++/4.8/bits/stl_algobase.h:67:0,
                 from /usr/include/c++/4.8/bits/char_traits.h:39,
                 from /usr/include/c++/4.8/ios:40,
                 from /usr/include/c++/4.8/ostream:38,
                 from /usr/include/c++/4.8/iostream:39,
                 from ../src/Prog3.cpp:16:
/usr/include/c++/4.8/bits/stl_iterator.h:315:5: note: template<class _Iterator> bool std::operator<=(const std::reverse_iterator<_Iterator>&, const std::reverse_iterator<_Iterator>&)
     operator<=(const reverse_iterator<_Iterator>& __x,
     ^
/usr/include/c++/4.8/bits/stl_iterator.h:315:5: note:   template argument deduction/substitution failed:
../src/Prog3.cpp:180:54: note:   mismatched types ‘const std::reverse_iterator<_Iterator>’ and ‘char’
  if( ('a' <= tempWord && tempWord <= 'z') || ('A' <= tempWord && tempWord <= 'Z') )
                                                      ^
In file included from /usr/include/c++/4.8/bits/stl_algobase.h:67:0,
                 from /usr/include/c++/4.8/bits/char_traits.h:39,
                 from /usr/include/c++/4.8/ios:40,
                 from /usr/include/c++/4.8/ostream:38,
                 from /usr/include/c++/4.8/iostream:39,
                 from ../src/Prog3.cpp:16:
/usr/include/c++/4.8/bits/stl_iterator.h:365:5: note: template<class _IteratorL, class _IteratorR> bool std::operator<=(const std::reverse_iterator<_Iterator>&, const std::reverse_iterator<_IteratorR>&)
     operator<=(const reverse_iterator<_IteratorL>& __x,
     ^
/usr/include/c++/4.8/bits/stl_iterator.h:365:5: note:   template argument deduction/substitution failed:
../src/Prog3.cpp:180:54: note:   mismatched types ‘const std::reverse_iterator<_Iterator>’ and ‘char’
  if( ('a' <= tempWord && tempWord <= 'z') || ('A' <= tempWord && tempWord <= 'Z') )
                                                      ^
In file included from /usr/include/c++/4.8/string:52:0,
                 from /usr/include/c++/4.8/bits/locale_classes.h:40,
                 from /usr/include/c++/4.8/bits/ios_base.h:41,
                 from /usr/include/c++/4.8/ios:42,
                 from /usr/include/c++/4.8/ostream:38,
                 from /usr/include/c++/4.8/iostream:39,
                 from ../src/Prog3.cpp:16:
/usr/include/c++/4.8/bits/basic_string.h:2643:5: note: template<class _CharT, class _Traits, class _Alloc> bool std::operator<=(const std::basic_string<_CharT, _Traits, _Alloc>&, const std::basic_string<_CharT, _Traits, _Alloc>&)
     operator<=(const basic_string<_CharT, _Traits, _Alloc>& __lhs,
     ^
/usr/include/c++/4.8/bits/basic_string.h:2643:5: note:   template argument deduction/substitution failed:
../src/Prog3.cpp:180:54: note:   mismatched types ‘const std::basic_string<_CharT, _Traits, _Alloc>’ and ‘char’
  if( ('a' <= tempWord && tempWord <= 'z') || ('A' <= tempWord && tempWord <= 'Z') )
                                                      ^
In file included from /usr/include/c++/4.8/string:52:0,
                 from /usr/include/c++/4.8/bits/locale_classes.h:40,
                 from /usr/include/c++/4.8/bits/ios_base.h:41,
                 from /usr/include/c++/4.8/ios:42,
                 from /usr/include/c++/4.8/ostream:38,
                 from /usr/include/c++/4.8/iostream:39,
                 from ../src/Prog3.cpp:16:
/usr/include/c++/4.8/bits/basic_string.h:2655:5: note: template<class _CharT, class _Traits, class _Alloc> bool std::operator<=(const std::basic_string<_CharT, _Traits, _Alloc>&, const _CharT*)
     operator<=(const basic_string<_CharT, _Traits, _Alloc>& __lhs,
     ^
/usr/include/c++/4.8/bits/basic_string.h:2655:5: note:   template argument deduction/substitution failed:
../src/Prog3.cpp:180:54: note:   mismatched types ‘const std::basic_string<_CharT, _Traits, _Alloc>’ and ‘char’
  if( ('a' <= tempWord && tempWord <= 'z') || ('A' <= tempWord && tempWord <= 'Z') )
                                                      ^
In file included from /usr/include/c++/4.8/string:52:0,
                 from /usr/include/c++/4.8/bits/locale_classes.h:40,
                 from /usr/include/c++/4.8/bits/ios_base.h:41,
                 from /usr/include/c++/4.8/ios:42,
                 from /usr/include/c++/4.8/ostream:38,
                 from /usr/include/c++/4.8/iostream:39,
                 from ../src/Prog3.cpp:16:
/usr/include/c++/4.8/bits/basic_string.h:2667:5: note: template<class _CharT, class _Traits, class _Alloc> bool std::operator<=(const _CharT*, const std::basic_string<_CharT, _Traits, _Alloc>&)
     operator<=(const _CharT* __lhs,
     ^
/usr/include/c++/4.8/bits/basic_string.h:2667:5: note:   template argument deduction/substitution failed:
../src/Prog3.cpp:180:54: note:   mismatched types ‘const _CharT*’ and ‘char’
  if( ('a' <= tempWord && tempWord <= 'z') || ('A' <= tempWord && tempWord <= 'Z') )
                                                      ^
In file included from /usr/include/c++/4.8/vector:64:0,
                 from ../src/Prog3.cpp:20:
/usr/include/c++/4.8/bits/stl_vector.h:1440:5: note: template<class _Tp, class _Alloc> bool std::operator<=(const std::vector<_Tp, _Alloc>&, const std::vector<_Tp, _Alloc>&)
     operator<=(const vector<_Tp, _Alloc>& __x, const vector<_Tp, _Alloc>& __y)
     ^
/usr/include/c++/4.8/bits/stl_vector.h:1440:5: note:   template argument deduction/substitution failed:
../src/Prog3.cpp:180:54: note:   mismatched types ‘const std::vector<_Tp, _Alloc>’ and ‘char’
  if( ('a' <= tempWord && tempWord <= 'z') || ('A' <= tempWord && tempWord <= 'Z') )
                                                      ^
In file included from /usr/include/c++/4.8/bits/stl_algobase.h:67:0,
                 from /usr/include/c++/4.8/bits/char_traits.h:39,
                 from /usr/include/c++/4.8/ios:40,
                 from /usr/include/c++/4.8/ostream:38,
                 from /usr/include/c++/4.8/iostream:39,
                 from ../src/Prog3.cpp:16:
/usr/include/c++/4.8/bits/stl_iterator.h:860:5: note: template<class _Iterator, class _Container> bool __gnu_cxx::operator<=(const __gnu_cxx::__normal_iterator<_Iterator, _Container>&, const __gnu_cxx::__normal_iterator<_Iterator, _Container>&)
     operator<=(const __normal_iterator<_Iterator, _Container>& __lhs,
     ^
/usr/include/c++/4.8/bits/stl_iterator.h:860:5: note:   template argument deduction/substitution failed:
../src/Prog3.cpp:180:54: note:   mismatched types ‘const __gnu_cxx::__normal_iterator<_Iterator, _Container>’ and ‘char’
  if( ('a' <= tempWord && tempWord <= 'z') || ('A' <= tempWord && tempWord <= 'Z') )
                                                      ^
In file included from /usr/include/c++/4.8/bits/stl_algobase.h:67:0,
                 from /usr/include/c++/4.8/bits/char_traits.h:39,
                 from /usr/include/c++/4.8/ios:40,
                 from /usr/include/c++/4.8/ostream:38,
                 from /usr/include/c++/4.8/iostream:39,
                 from ../src/Prog3.cpp:16:
/usr/include/c++/4.8/bits/stl_iterator.h:854:5: note: template<class _IteratorL, class _IteratorR, class _Container> bool __gnu_cxx::operator<=(const __gnu_cxx::__normal_iterator<_IteratorL, _Container>&, const __gnu_cxx::__normal_iterator<_IteratorR, _Container>&)
     operator<=(const __normal_iterator<_IteratorL, _Container>& __lhs,
     ^
/usr/include/c++/4.8/bits/stl_iterator.h:854:5: note:   template argument deduction/substitution failed:
../src/Prog3.cpp:180:54: note:   mismatched types ‘const __gnu_cxx::__normal_iterator<_IteratorL, _Container>’ and ‘char’
  if( ('a' <= tempWord && tempWord <= 'z') || ('A' <= tempWord && tempWord <= 'Z') )
                                                      ^
../src/Prog3.cpp:180:75: error: no match for ‘operator<=’ (operand types are ‘std::string {aka std::basic_string<char>}’ and ‘char’)
  if( ('a' <= tempWord && tempWord <= 'z') || ('A' <= tempWord && tempWord <= 'Z') )
                                                                           ^
../src/Prog3.cpp:180:75: note: candidates are:
In file included from /usr/include/c++/4.8/bits/stl_algobase.h:64:0,
                 from /usr/include/c++/4.8/bits/char_traits.h:39,
                 from /usr/include/c++/4.8/ios:40,
                 from /usr/include/c++/4.8/ostream:38,
                 from /usr/include/c++/4.8/iostream:39,
                 from ../src/Prog3.cpp:16:
/usr/include/c++/4.8/bits/stl_pair.h:239:5: note: template<class _T1, class _T2> bool std::operator<=(const std::pair<_T1, _T2>&, const std::pair<_T1, _T2>&)
     operator<=(const pair<_T1, _T2>& __x, const pair<_T1, _T2>& __y)
     ^
/usr/include/c++/4.8/bits/stl_pair.h:239:5: note:   template argument deduction/substitution failed:
../src/Prog3.cpp:180:78: note:   ‘std::string {aka std::basic_string<char>}’ is not derived from ‘const std::pair<_T1, _T2>’
  if( ('a' <= tempWord && tempWord <= 'z') || ('A' <= tempWord && tempWord <= 'Z') )
                                                                              ^
In file included from /usr/include/c++/4.8/bits/stl_algobase.h:67:0,
                 from /usr/include/c++/4.8/bits/char_traits.h:39,
                 from /usr/include/c++/4.8/ios:40,
                 from /usr/include/c++/4.8/ostream:38,
                 from /usr/include/c++/4.8/iostream:39,
                 from ../src/Prog3.cpp:16:
/usr/include/c++/4.8/bits/stl_iterator.h:315:5: note: template<class _Iterator> bool std::operator<=(const std::reverse_iterator<_Iterator>&, const std::reverse_iterator<_Iterator>&)
     operator<=(const reverse_iterator<_Iterator>& __x,
     ^
/usr/include/c++/4.8/bits/stl_iterator.h:315:5: note:   template argument deduction/substitution failed:
../src/Prog3.cpp:180:78: note:   ‘std::string {aka std::basic_string<char>}’ is not derived from ‘const std::reverse_iterator<_Iterator>’
  if( ('a' <= tempWord && tempWord <= 'z') || ('A' <= tempWord && tempWord <= 'Z') )
                                                                              ^
In file included from /usr/include/c++/4.8/bits/stl_algobase.h:67:0,
                 from /usr/include/c++/4.8/bits/char_traits.h:39,
                 from /usr/include/c++/4.8/ios:40,
                 from /usr/include/c++/4.8/ostream:38,
                 from /usr/include/c++/4.8/iostream:39,
                 from ../src/Prog3.cpp:16:
/usr/include/c++/4.8/bits/stl_iterator.h:365:5: note: template<class _IteratorL, class _IteratorR> bool std::operator<=(const std::reverse_iterator<_Iterator>&, const std::reverse_iterator<_IteratorR>&)
     operator<=(const reverse_iterator<_IteratorL>& __x,
     ^
/usr/include/c++/4.8/bits/stl_iterator.h:365:5: note:   template argument deduction/substitution failed:
../src/Prog3.cpp:180:78: note:   ‘std::string {aka std::basic_string<char>}’ is not derived from ‘const std::reverse_iterator<_Iterator>’
  if( ('a' <= tempWord && tempWord <= 'z') || ('A' <= tempWord && tempWord <= 'Z') )
                                                                              ^
In file included from /usr/include/c++/4.8/string:52:0,
                 from /usr/include/c++/4.8/bits/locale_classes.h:40,
                 from /usr/include/c++/4.8/bits/ios_base.h:41,
                 from /usr/include/c++/4.8/ios:42,
                 from /usr/include/c++/4.8/ostream:38,
                 from /usr/include/c++/4.8/iostream:39,
                 from ../src/Prog3.cpp:16:
/usr/include/c++/4.8/bits/basic_string.h:2643:5: note: template<class _CharT, class _Traits, class _Alloc> bool std::operator<=(const std::basic_string<_CharT, _Traits, _Alloc>&, const std::basic_string<_CharT, _Traits, _Alloc>&)
     operator<=(const basic_string<_CharT, _Traits, _Alloc>& __lhs,
     ^
/usr/include/c++/4.8/bits/basic_string.h:2643:5: note:   template argument deduction/substitution failed:
../src/Prog3.cpp:180:78: note:   mismatched types ‘const std::basic_string<_CharT, _Traits, _Alloc>’ and ‘char’
  if( ('a' <= tempWord && tempWord <= 'z') || ('A' <= tempWord && tempWord <= 'Z') )
                                                                              ^
In file included from /usr/include/c++/4.8/string:52:0,
                 from /usr/include/c++/4.8/bits/locale_classes.h:40,
                 from /usr/include/c++/4.8/bits/ios_base.h:41,
                 from /usr/include/c++/4.8/ios:42,
                 from /usr/include/c++/4.8/ostream:38,
                 from /usr/include/c++/4.8/iostream:39,
                 from ../src/Prog3.cpp:16:
/usr/include/c++/4.8/bits/basic_string.h:2655:5: note: template<class _CharT, class _Traits, class _Alloc> bool std::operator<=(const std::basic_string<_CharT, _Traits, _Alloc>&, const _CharT*)
     operator<=(const basic_string<_CharT, _Traits, _Alloc>& __lhs,
     ^
/usr/include/c++/4.8/bits/basic_string.h:2655:5: note:   template argument deduction/substitution failed:
../src/Prog3.cpp:180:78: note:   mismatched types ‘const _CharT*’ and ‘char’
  if( ('a' <= tempWord && tempWord <= 'z') || ('A' <= tempWord && tempWord <= 'Z') )
                                                                              ^
In file included from /usr/include/c++/4.8/string:52:0,
                 from /usr/include/c++/4.8/bits/locale_classes.h:40,
                 from /usr/include/c++/4.8/bits/ios_base.h:41,
                 from /usr/include/c++/4.8/ios:42,
                 from /usr/include/c++/4.8/ostream:38,
                 from /usr/include/c++/4.8/iostream:39,
                 from ../src/Prog3.cpp:16:
/usr/include/c++/4.8/bits/basic_string.h:2667:5: note: template<class _CharT, class _Traits, class _Alloc> bool std::operator<=(const _CharT*, const std::basic_string<_CharT, _Traits, _Alloc>&)
     operator<=(const _CharT* __lhs,
     ^
/usr/include/c++/4.8/bits/basic_string.h:2667:5: note:   template argument deduction/substitution failed:
../src/Prog3.cpp:180:78: note:   mismatched types ‘const _CharT*’ and ‘std::basic_string<char>’
  if( ('a' <= tempWord && tempWord <= 'z') || ('A' <= tempWord && tempWord <= 'Z') )
                                                                              ^
In file included from /usr/include/c++/4.8/vector:64:0,
                 from ../src/Prog3.cpp:20:
/usr/include/c++/4.8/bits/stl_vector.h:1440:5: note: template<class _Tp, class _Alloc> bool std::operator<=(const std::vector<_Tp, _Alloc>&, const std::vector<_Tp, _Alloc>&)
     operator<=(const vector<_Tp, _Alloc>& __x, const vector<_Tp, _Alloc>& __y)
     ^
/usr/include/c++/4.8/bits/stl_vector.h:1440:5: note:   template argument deduction/substitution failed:
../src/Prog3.cpp:180:78: note:   ‘std::string {aka std::basic_string<char>}’ is not derived from ‘const std::vector<_Tp, _Alloc>’
  if( ('a' <= tempWord && tempWord <= 'z') || ('A' <= tempWord && tempWord <= 'Z') )
                                                                              ^
In file included from /usr/include/c++/4.8/bits/stl_algobase.h:67:0,
                 from /usr/include/c++/4.8/bits/char_traits.h:39,
                 from /usr/include/c++/4.8/ios:40,
                 from /usr/include/c++/4.8/ostream:38,
                 from /usr/include/c++/4.8/iostream:39,
                 from ../src/Prog3.cpp:16:
/usr/include/c++/4.8/bits/stl_iterator.h:860:5: note: template<class _Iterator, class _Container> bool __gnu_cxx::operator<=(const __gnu_cxx::__normal_iterator<_Iterator, _Container>&, const __gnu_cxx::__normal_iterator<_Iterator, _Container>&)
     operator<=(const __normal_iterator<_Iterator, _Container>& __lhs,
     ^
/usr/include/c++/4.8/bits/stl_iterator.h:860:5: note:   template argument deduction/substitution failed:
../src/Prog3.cpp:180:78: note:   ‘std::string {aka std::basic_string<char>}’ is not derived from ‘const __gnu_cxx::__normal_iterator<_Iterator, _Container>’
  if( ('a' <= tempWord && tempWord <= 'z') || ('A' <= tempWord && tempWord <= 'Z') )
                                                                              ^
In file included from /usr/include/c++/4.8/bits/stl_algobase.h:67:0,
                 from /usr/include/c++/4.8/bits/char_traits.h:39,
                 from /usr/include/c++/4.8/ios:40,
                 from /usr/include/c++/4.8/ostream:38,
                 from /usr/include/c++/4.8/iostream:39,
                 from ../src/Prog3.cpp:16:
/usr/include/c++/4.8/bits/stl_iterator.h:854:5: note: template<class _IteratorL, class _IteratorR, class _Container> bool __gnu_cxx::operator<=(const __gnu_cxx::__normal_iterator<_IteratorL, _Container>&, const __gnu_cxx::__normal_iterator<_IteratorR, _Container>&)
     operator<=(const __normal_iterator<_IteratorL, _Container>& __lhs,
     ^
/usr/include/c++/4.8/bits/stl_iterator.h:854:5: note:   template argument deduction/substitution failed:
../src/Prog3.cpp:180:78: note:   ‘std::string {aka std::basic_string<char>}’ is not derived from ‘const __gnu_cxx::__normal_iterator<_IteratorL, _Container>’
  if( ('a' <= tempWord && tempWord <= 'z') || ('A' <= tempWord && tempWord <= 'Z') )
                                                                              ^
make: *** [src/Prog3.o] Error 1
15:47:16 **** Incremental Build of configuration Debug for project Prog3 ****
make all 
Building file: ../src/Prog3.cpp
Invoking: GCC C++ Compiler
g++ -O0 -g3 -Wall -c -fmessage-length=0 -MMD -MP -MF"src/Prog3.d" -MT"src/Prog3.d" -o "src/Prog3.o" "../src/Prog3.cpp"
../src/Prog3.cpp: In function ‘void printFunct()’:
../src/Prog3.cpp:180:18: error: cannot convert ‘std::string {aka std::basic_string<char>}’ to ‘char’ in initialization
  char tempChar = tempWord;
                  ^
make: *** [src/Prog3.o] Error 1
15:47:16 **** Incremental Build of configuration Debug for project a1 ****
make all 
make: Nothing to be done for `all'.
15:47:16 **** Incremental Build of configuration Debug for project lab1_c ****
make all 
make: Nothing to be done for `all'.
15:47:17 **** Incremental Build of configuration Debug for project lab1_cpp ****
make all 
make: Nothing to be done for `all'.
15:47:34 **** Incremental Build of configuration Debug for project Prog3 ****
make all 
Building file: ../src/Prog3.cpp
Invoking: GCC C++ Compiler
g++ -O0 -g3 -Wall -c -fmessage-length=0 -MMD -MP -MF"src/Prog3.d" -MT"src/Prog3.d" -o "src/Prog3.o" "../src/Prog3.cpp"
../src/Prog3.cpp: In function ‘void printFunct()’:
../src/Prog3.cpp:180:37: error: cannot convert ‘std::basic_string<char>’ to ‘char’ in initialization
  char tempChar = tempWord.substr(0,1);
                                     ^
make: *** [src/Prog3.o] Error 1
15:47:34 **** Incremental Build of configuration Debug for project a1 ****
make all 
make: Nothing to be done for `all'.
15:47:34 **** Incremental Build of configuration Debug for project lab1_c ****
make all 
make: Nothing to be done for `all'.
15:47:34 **** Incremental Build of configuration Debug for project lab1_cpp ****
make all 
make: Nothing to be done for `all'.
15:47:47 **** Incremental Build of configuration Debug for project Prog3 ****
make all 
Building file: ../src/Prog3.cpp
Invoking: GCC C++ Compiler
g++ -O0 -g3 -Wall -c -fmessage-length=0 -MMD -MP -MF"src/Prog3.d" -MT"src/Prog3.d" -o "src/Prog3.o" "../src/Prog3.cpp"
../src/Prog3.cpp: In function ‘void printFunct()’:
../src/Prog3.cpp:180:37: error: cannot convert ‘std::basic_string<char>’ to ‘char’ in initialization
  char tempChar = tempWord.substr(0,1);
                                     ^
make: *** [src/Prog3.o] Error 1
15:47:47 **** Incremental Build of configuration Debug for project a1 ****
make all 
make: Nothing to be done for `all'.
15:47:47 **** Incremental Build of configuration Debug for project lab1_c ****
make all 
make: Nothing to be done for `all'.
15:47:47 **** Incremental Build of configuration Debug for project lab1_cpp ****
make all 
make: Nothing to be done for `all'.
15:49:33 **** Incremental Build of configuration Debug for project Prog3 ****
make all 
Building file: ../src/Prog3.cpp
Invoking: GCC C++ Compiler
g++ -O0 -g3 -Wall -c -fmessage-length=0 -MMD -MP -MF"src/Prog3.d" -MT"src/Prog3.d" -o "src/Prog3.o" "../src/Prog3.cpp"
Finished building: ../src/Prog3.cpp
 
Building target: Prog3
Invoking: GCC C++ Linker
g++  -o "Prog3"  ./src/Prog3.o   
./src/Prog3.o: In function `statement(std::string)':
/home/juan/CSE/cs117/Prog3/Debug/../src/Prog3.cpp:169: undefined reference to `printFunc()'
collect2: error: ld returned 1 exit status
make: *** [Prog3] Error 1
15:49:33 **** Incremental Build of configuration Debug for project a1 ****
make all 
make: Nothing to be done for `all'.
15:49:33 **** Incremental Build of configuration Debug for project lab1_c ****
make all 
make: Nothing to be done for `all'.
15:49:34 **** Incremental Build of configuration Debug for project lab1_cpp ****
make all 
make: Nothing to be done for `all'.
15:49:41 **** Incremental Build of configuration Debug for project Prog3 ****
make all 
Building file: ../src/Prog3.cpp
Invoking: GCC C++ Compiler
g++ -O0 -g3 -Wall -c -fmessage-length=0 -MMD -MP -MF"src/Prog3.d" -MT"src/Prog3.d" -o "src/Prog3.o" "../src/Prog3.cpp"
Finished building: ../src/Prog3.cpp
 
Building target: Prog3
Invoking: GCC C++ Linker
g++  -o "Prog3"  ./src/Prog3.o   
Finished building target: Prog3
 
15:49:42 **** Incremental Build of configuration Debug for project a1 ****
make all 
make: Nothing to be done for `all'.
15:49:42 **** Incremental Build of configuration Debug for project lab1_c ****
make all 
make: Nothing to be done for `all'.
15:49:42 **** Incremental Build of configuration Debug for project lab1_cpp ****
make all 
make: Nothing to be done for `all'.
15:49:45 **** Incremental Build of configuration Debug for project Prog3 ****
make all 
make: Nothing to be done for `all'.
15:50:09 **** Incremental Build of configuration Debug for project Prog3 ****
make all 
Building file: ../src/Prog3.cpp
Invoking: GCC C++ Compiler
g++ -O0 -g3 -Wall -c -fmessage-length=0 -MMD -MP -MF"src/Prog3.d" -MT"src/Prog3.d" -o "src/Prog3.o" "../src/Prog3.cpp"
Finished building: ../src/Prog3.cpp
 
Building target: Prog3
Invoking: GCC C++ Linker
g++  -o "Prog3"  ./src/Prog3.o   
Finished building target: Prog3
 
15:51:32 **** Incremental Build of configuration Debug for project Prog3 ****
make all 
Building file: ../src/Prog3.cpp
Invoking: GCC C++ Compiler
g++ -O0 -g3 -Wall -c -fmessage-length=0 -MMD -MP -MF"src/Prog3.d" -MT"src/Prog3.d" -o "src/Prog3.o" "../src/Prog3.cpp"
Finished building: ../src/Prog3.cpp
 
Building target: Prog3
Invoking: GCC C++ Linker
g++  -o "Prog3"  ./src/Prog3.o   
Finished building target: Prog3
 
15:51:32 **** Incremental Build of configuration Debug for project a1 ****
make all 
make: Nothing to be done for `all'.
15:51:32 **** Incremental Build of configuration Debug for project lab1_c ****
make all 
make: Nothing to be done for `all'.
15:51:33 **** Incremental Build of configuration Debug for project lab1_cpp ****
make all 
make: Nothing to be done for `all'.
15:51:34 **** Incremental Build of configuration Debug for project Prog3 ****
make all 
make: Nothing to be done for `all'.
15:52:55 **** Incremental Build of configuration Debug for project Prog3 ****
make all 
Building file: ../src/Prog3.cpp
Invoking: GCC C++ Compiler
g++ -O0 -g3 -Wall -c -fmessage-length=0 -MMD -MP -MF"src/Prog3.d" -MT"src/Prog3.d" -o "src/Prog3.o" "../src/Prog3.cpp"
Finished building: ../src/Prog3.cpp
 
Building target: Prog3
Invoking: GCC C++ Linker
g++  -o "Prog3"  ./src/Prog3.o   
Finished building target: Prog3
 
15:52:55 **** Incremental Build of configuration Debug for project a1 ****
make all 
make: Nothing to be done for `all'.
15:52:55 **** Incremental Build of configuration Debug for project lab1_c ****
make all 
make: Nothing to be done for `all'.
15:52:55 **** Incremental Build of configuration Debug for project lab1_cpp ****
make all 
make: Nothing to be done for `all'.
15:52:57 **** Incremental Build of configuration Debug for project Prog3 ****
make all 
make: Nothing to be done for `all'.
15:53:28 **** Incremental Build of configuration Debug for project Prog3 ****
make all 
Building file: ../src/Prog3.cpp
Invoking: GCC C++ Compiler
g++ -O0 -g3 -Wall -c -fmessage-length=0 -MMD -MP -MF"src/Prog3.d" -MT"src/Prog3.d" -o "src/Prog3.o" "../src/Prog3.cpp"
Finished building: ../src/Prog3.cpp
 
Building target: Prog3
Invoking: GCC C++ Linker
g++  -o "Prog3"  ./src/Prog3.o   
Finished building target: Prog3
 
15:53:28 **** Incremental Build of configuration Debug for project a1 ****
make all 
make: Nothing to be done for `all'.
15:53:28 **** Incremental Build of configuration Debug for project lab1_c ****
make all 
make: Nothing to be done for `all'.
15:53:28 **** Incremental Build of configuration Debug for project lab1_cpp ****
make all 
make: Nothing to be done for `all'.
15:53:30 **** Incremental Build of configuration Debug for project Prog3 ****
make all 
make: Nothing to be done for `all'.
15:54:33 **** Incremental Build of configuration Debug for project Prog3 ****
make all 
make: Nothing to be done for `all'.
15:54:33 **** Incremental Build of configuration Debug for project a1 ****
make all 
make: Nothing to be done for `all'.
15:54:33 **** Incremental Build of configuration Debug for project lab1_c ****
make all 
make: Nothing to be done for `all'.
15:54:33 **** Incremental Build of configuration Debug for project lab1_cpp ****
make all 
make: Nothing to be done for `all'.
15:54:37 **** Incremental Build of configuration Debug for project Prog3 ****
make all 
Building file: ../src/Prog3.cpp
Invoking: GCC C++ Compiler
g++ -O0 -g3 -Wall -c -fmessage-length=0 -MMD -MP -MF"src/Prog3.d" -MT"src/Prog3.d" -o "src/Prog3.o" "../src/Prog3.cpp"
Finished building: ../src/Prog3.cpp
 
Building target: Prog3
Invoking: GCC C++ Linker
g++  -o "Prog3"  ./src/Prog3.o   
Finished building target: Prog3
 
15:54:38 **** Incremental Build of configuration Debug for project a1 ****
make all 
make: Nothing to be done for `all'.
15:54:38 **** Incremental Build of configuration Debug for project lab1_c ****
make all 
make: Nothing to be done for `all'.
15:54:38 **** Incremental Build of configuration Debug for project lab1_cpp ****
make all 
make: Nothing to be done for `all'.
15:54:40 **** Incremental Build of configuration Debug for project Prog3 ****
make all 
make: Nothing to be done for `all'.
15:55:53 **** Incremental Build of configuration Debug for project Prog3 ****
make all 
Building file: ../src/Prog3.cpp
Invoking: GCC C++ Compiler
g++ -O0 -g3 -Wall -c -fmessage-length=0 -MMD -MP -MF"src/Prog3.d" -MT"src/Prog3.d" -o "src/Prog3.o" "../src/Prog3.cpp"
Finished building: ../src/Prog3.cpp
 
Building target: Prog3
Invoking: GCC C++ Linker
g++  -o "Prog3"  ./src/Prog3.o   
Finished building target: Prog3
 
16:04:55 **** Incremental Build of configuration Debug for project Prog3 ****
make all 
Building file: ../src/Prog3.cpp
Invoking: GCC C++ Compiler
g++ -O0 -g3 -Wall -c -fmessage-length=0 -MMD -MP -MF"src/Prog3.d" -MT"src/Prog3.d" -o "src/Prog3.o" "../src/Prog3.cpp"
../src/Prog3.cpp: In function ‘void printFunc()’:
../src/Prog3.cpp:189:42: error: invalid conversion from ‘char’ to ‘const char*’ [-fpermissive]
   int tempIndex = getSymbolIndex((string)tempChar);
                                          ^
In file included from /usr/include/c++/4.8/string:53:0,
                 from /usr/include/c++/4.8/bits/locale_classes.h:40,
                 from /usr/include/c++/4.8/bits/ios_base.h:41,
                 from /usr/include/c++/4.8/ios:42,
                 from /usr/include/c++/4.8/ostream:38,
                 from /usr/include/c++/4.8/iostream:39,
                 from ../src/Prog3.cpp:16:
/usr/include/c++/4.8/bits/basic_string.tcc:212:5: error:   initializing argument 1 of ‘std::basic_string<_CharT, _Traits, _Alloc>::basic_string(const _CharT*, const _Alloc&) [with _CharT = char; _Traits = std::char_traits<char>; _Alloc = std::allocator<char>]’ [-fpermissive]
     basic_string<_CharT, _Traits, _Alloc>::
     ^
make: *** [src/Prog3.o] Error 1
16:05:34 **** Incremental Build of configuration Debug for project Prog3 ****
make all 
Building file: ../src/Prog3.cpp
Invoking: GCC C++ Compiler
g++ -O0 -g3 -Wall -c -fmessage-length=0 -MMD -MP -MF"src/Prog3.d" -MT"src/Prog3.d" -o "src/Prog3.o" "../src/Prog3.cpp"
../src/Prog3.cpp: In function ‘int getSymbolIndex(char)’:
../src/Prog3.cpp:89:28: error: no match for ‘operator==’ (operand types are ‘std::string {aka std::basic_string<char>}’ and ‘char’)
   if(symbolTable[i].symbol == symbol) // found a match
                            ^
../src/Prog3.cpp:89:28: note: candidates are:
In file included from /usr/include/c++/4.8/iosfwd:40:0,
                 from /usr/include/c++/4.8/ios:38,
                 from /usr/include/c++/4.8/ostream:38,
                 from /usr/include/c++/4.8/iostream:39,
                 from ../src/Prog3.cpp:16:
/usr/include/c++/4.8/bits/postypes.h:216:5: note: template<class _StateT> bool std::operator==(const std::fpos<_StateT>&, const std::fpos<_StateT>&)
     operator==(const fpos<_StateT>& __lhs, const fpos<_StateT>& __rhs)
     ^
/usr/include/c++/4.8/bits/postypes.h:216:5: note:   template argument deduction/substitution failed:
../src/Prog3.cpp:89:31: note:   ‘std::string {aka std::basic_string<char>}’ is not derived from ‘const std::fpos<_StateT>’
   if(symbolTable[i].symbol == symbol) // found a match
                               ^
In file included from /usr/include/c++/4.8/bits/stl_algobase.h:64:0,
                 from /usr/include/c++/4.8/bits/char_traits.h:39,
                 from /usr/include/c++/4.8/ios:40,
                 from /usr/include/c++/4.8/ostream:38,
                 from /usr/include/c++/4.8/iostream:39,
                 from ../src/Prog3.cpp:16:
/usr/include/c++/4.8/bits/stl_pair.h:214:5: note: template<class _T1, class _T2> bool std::operator==(const std::pair<_T1, _T2>&, const std::pair<_T1, _T2>&)
     operator==(const pair<_T1, _T2>& __x, const pair<_T1, _T2>& __y)
     ^
/usr/include/c++/4.8/bits/stl_pair.h:214:5: note:   template argument deduction/substitution failed:
../src/Prog3.cpp:89:31: note:   ‘std::string {aka std::basic_string<char>}’ is not derived from ‘const std::pair<_T1, _T2>’
   if(symbolTable[i].symbol == symbol) // found a match
                               ^
In file included from /usr/include/c++/4.8/bits/stl_algobase.h:67:0,
                 from /usr/include/c++/4.8/bits/char_traits.h:39,
                 from /usr/include/c++/4.8/ios:40,
                 from /usr/include/c++/4.8/ostream:38,
                 from /usr/include/c++/4.8/iostream:39,
                 from ../src/Prog3.cpp:16:
/usr/include/c++/4.8/bits/stl_iterator.h:291:5: note: template<class _Iterator> bool std::operator==(const std::reverse_iterator<_Iterator>&, const std::reverse_iterator<_Iterator>&)
     operator==(const reverse_iterator<_Iterator>& __x,
     ^
/usr/include/c++/4.8/bits/stl_iterator.h:291:5: note:   template argument deduction/substitution failed:
../src/Prog3.cpp:89:31: note:   ‘std::string {aka std::basic_string<char>}’ is not derived from ‘const std::reverse_iterator<_Iterator>’
   if(symbolTable[i].symbol == symbol) // found a match
                               ^
In file included from /usr/include/c++/4.8/bits/stl_algobase.h:67:0,
                 from /usr/include/c++/4.8/bits/char_traits.h:39,
                 from /usr/include/c++/4.8/ios:40,
                 from /usr/include/c++/4.8/ostream:38,
                 from /usr/include/c++/4.8/iostream:39,
                 from ../src/Prog3.cpp:16:
/usr/include/c++/4.8/bits/stl_iterator.h:341:5: note: template<class _IteratorL, class _IteratorR> bool std::operator==(const std::reverse_iterator<_Iterator>&, const std::reverse_iterator<_IteratorR>&)
     operator==(const reverse_iterator<_IteratorL>& __x,
     ^
/usr/include/c++/4.8/bits/stl_iterator.h:341:5: note:   template argument deduction/substitution failed:
../src/Prog3.cpp:89:31: note:   ‘std::string {aka std::basic_string<char>}’ is not derived from ‘const std::reverse_iterator<_Iterator>’
   if(symbolTable[i].symbol == symbol) // found a match
                               ^
In file included from /usr/include/c++/4.8/string:41:0,
                 from /usr/include/c++/4.8/bits/locale_classes.h:40,
                 from /usr/include/c++/4.8/bits/ios_base.h:41,
                 from /usr/include/c++/4.8/ios:42,
                 from /usr/include/c++/4.8/ostream:38,
                 from /usr/include/c++/4.8/iostream:39,
                 from ../src/Prog3.cpp:16:
/usr/include/c++/4.8/bits/allocator.h:128:5: note: template<class _T1, class _T2> bool std::operator==(const std::allocator<_CharT>&, const std::allocator<_T2>&)
     operator==(const allocator<_T1>&, const allocator<_T2>&)
     ^
/usr/include/c++/4.8/bits/allocator.h:128:5: note:   template argument deduction/substitution failed:
../src/Prog3.cpp:89:31: note:   ‘std::string {aka std::basic_string<char>}’ is not derived from ‘const std::allocator<_CharT>’
   if(symbolTable[i].symbol == symbol) // found a match
                               ^
In file included from /usr/include/c++/4.8/string:41:0,
                 from /usr/include/c++/4.8/bits/locale_classes.h:40,
                 from /usr/include/c++/4.8/bits/ios_base.h:41,
                 from /usr/include/c++/4.8/ios:42,
                 from /usr/include/c++/4.8/ostream:38,
                 from /usr/include/c++/4.8/iostream:39,
                 from ../src/Prog3.cpp:16:
/usr/include/c++/4.8/bits/allocator.h:133:5: note: template<class _Tp> bool std::operator==(const std::allocator<_CharT>&, const std::allocator<_CharT>&)
     operator==(const allocator<_Tp>&, const allocator<_Tp>&)
     ^
/usr/include/c++/4.8/bits/allocator.h:133:5: note:   template argument deduction/substitution failed:
../src/Prog3.cpp:89:31: note:   ‘std::string {aka std::basic_string<char>}’ is not derived from ‘const std::allocator<_CharT>’
   if(symbolTable[i].symbol == symbol) // found a match
                               ^
In file included from /usr/include/c++/4.8/string:52:0,
                 from /usr/include/c++/4.8/bits/locale_classes.h:40,
                 from /usr/include/c++/4.8/bits/ios_base.h:41,
                 from /usr/include/c++/4.8/ios:42,
                 from /usr/include/c++/4.8/ostream:38,
                 from /usr/include/c++/4.8/iostream:39,
                 from ../src/Prog3.cpp:16:
/usr/include/c++/4.8/bits/basic_string.h:2486:5: note: template<class _CharT, class _Traits, class _Alloc> bool std::operator==(const std::basic_string<_CharT, _Traits, _Alloc>&, const std::basic_string<_CharT, _Traits, _Alloc>&)
     operator==(const basic_string<_CharT, _Traits, _Alloc>& __lhs,
     ^
/usr/include/c++/4.8/bits/basic_string.h:2486:5: note:   template argument deduction/substitution failed:
../src/Prog3.cpp:89:31: note:   mismatched types ‘const std::basic_string<_CharT, _Traits, _Alloc>’ and ‘char’
   if(symbolTable[i].symbol == symbol) // found a match
                               ^
In file included from /usr/include/c++/4.8/string:52:0,
                 from /usr/include/c++/4.8/bits/locale_classes.h:40,
                 from /usr/include/c++/4.8/bits/ios_base.h:41,
                 from /usr/include/c++/4.8/ios:42,
                 from /usr/include/c++/4.8/ostream:38,
                 from /usr/include/c++/4.8/iostream:39,
                 from ../src/Prog3.cpp:16:
/usr/include/c++/4.8/bits/basic_string.h:2493:5: note: template<class _CharT> typename __gnu_cxx::__enable_if<std::__is_char<_Tp>::__value, bool>::__type std::operator==(const std::basic_string<_CharT>&, const std::basic_string<_CharT>&)
     operator==(const basic_string<_CharT>& __lhs,
     ^
/usr/include/c++/4.8/bits/basic_string.h:2493:5: note:   template argument deduction/substitution failed:
../src/Prog3.cpp:89:31: note:   mismatched types ‘const std::basic_string<_CharT>’ and ‘char’
   if(symbolTable[i].symbol == symbol) // found a match
                               ^
In file included from /usr/include/c++/4.8/string:52:0,
                 from /usr/include/c++/4.8/bits/locale_classes.h:40,
                 from /usr/include/c++/4.8/bits/ios_base.h:41,
                 from /usr/include/c++/4.8/ios:42,
                 from /usr/include/c++/4.8/ostream:38,
                 from /usr/include/c++/4.8/iostream:39,
                 from ../src/Prog3.cpp:16:
/usr/include/c++/4.8/bits/basic_string.h:2507:5: note: template<class _CharT, class _Traits, class _Alloc> bool std::operator==(const _CharT*, const std::basic_string<_CharT, _Traits, _Alloc>&)
     operator==(const _CharT* __lhs,
     ^
/usr/include/c++/4.8/bits/basic_string.h:2507:5: note:   template argument deduction/substitution failed:
../src/Prog3.cpp:89:31: note:   mismatched types ‘const _CharT*’ and ‘std::basic_string<char>’
   if(symbolTable[i].symbol == symbol) // found a match
                               ^
In file included from /usr/include/c++/4.8/string:52:0,
                 from /usr/include/c++/4.8/bits/locale_classes.h:40,
                 from /usr/include/c++/4.8/bits/ios_base.h:41,
                 from /usr/include/c++/4.8/ios:42,
                 from /usr/include/c++/4.8/ostream:38,
                 from /usr/include/c++/4.8/iostream:39,
                 from ../src/Prog3.cpp:16:
/usr/include/c++/4.8/bits/basic_string.h:2519:5: note: template<class _CharT, class _Traits, class _Alloc> bool std::operator==(const std::basic_string<_CharT, _Traits, _Alloc>&, const _CharT*)
     operator==(const basic_string<_CharT, _Traits, _Alloc>& __lhs,
     ^
/usr/include/c++/4.8/bits/basic_string.h:2519:5: note:   template argument deduction/substitution failed:
../src/Prog3.cpp:89:31: note:   mismatched types ‘const _CharT*’ and ‘char’
   if(symbolTable[i].symbol == symbol) // found a match
                               ^
In file included from /usr/include/c++/4.8/bits/locale_facets.h:48:0,
                 from /usr/include/c++/4.8/bits/basic_ios.h:37,
                 from /usr/include/c++/4.8/ios:44,
                 from /usr/include/c++/4.8/ostream:38,
                 from /usr/include/c++/4.8/iostream:39,
                 from ../src/Prog3.cpp:16:
/usr/include/c++/4.8/bits/streambuf_iterator.h:204:5: note: template<class _CharT, class _Traits> bool std::operator==(const std::istreambuf_iterator<_CharT, _Traits>&, const std::istreambuf_iterator<_CharT, _Traits>&)
     operator==(const istreambuf_iterator<_CharT, _Traits>& __a,
     ^
/usr/include/c++/4.8/bits/streambuf_iterator.h:204:5: note:   template argument deduction/substitution failed:
../src/Prog3.cpp:89:31: note:   ‘std::string {aka std::basic_string<char>}’ is not derived from ‘const std::istreambuf_iterator<_CharT, _Traits>’
   if(symbolTable[i].symbol == symbol) // found a match
                               ^
In file included from /usr/include/c++/4.8/vector:64:0,
                 from ../src/Prog3.cpp:20:
/usr/include/c++/4.8/bits/stl_vector.h:1404:5: note: template<class _Tp, class _Alloc> bool std::operator==(const std::vector<_Tp, _Alloc>&, const std::vector<_Tp, _Alloc>&)
     operator==(const vector<_Tp, _Alloc>& __x, const vector<_Tp, _Alloc>& __y)
     ^
/usr/include/c++/4.8/bits/stl_vector.h:1404:5: note:   template argument deduction/substitution failed:
../src/Prog3.cpp:89:31: note:   ‘std::string {aka std::basic_string<char>}’ is not derived from ‘const std::vector<_Tp, _Alloc>’
   if(symbolTable[i].symbol == symbol) // found a match
                               ^
In file included from /usr/include/x86_64-linux-gnu/c++/4.8/bits/c++allocator.h:33:0,
                 from /usr/include/c++/4.8/bits/allocator.h:46,
                 from /usr/include/c++/4.8/string:41,
                 from /usr/include/c++/4.8/bits/locale_classes.h:40,
                 from /usr/include/c++/4.8/bits/ios_base.h:41,
                 from /usr/include/c++/4.8/ios:42,
                 from /usr/include/c++/4.8/ostream:38,
                 from /usr/include/c++/4.8/iostream:39,
                 from ../src/Prog3.cpp:16:
/usr/include/c++/4.8/ext/new_allocator.h:139:5: note: template<class _Tp> bool __gnu_cxx::operator==(const __gnu_cxx::new_allocator<_Tp>&, const __gnu_cxx::new_allocator<_Tp>&)
     operator==(const new_allocator<_Tp>&, const new_allocator<_Tp>&)
     ^
/usr/include/c++/4.8/ext/new_allocator.h:139:5: note:   template argument deduction/substitution failed:
../src/Prog3.cpp:89:31: note:   ‘std::string {aka std::basic_string<char>}’ is not derived from ‘const __gnu_cxx::new_allocator<_Tp>’
   if(symbolTable[i].symbol == symbol) // found a match
                               ^
In file included from /usr/include/c++/4.8/bits/stl_algobase.h:67:0,
                 from /usr/include/c++/4.8/bits/char_traits.h:39,
                 from /usr/include/c++/4.8/ios:40,
                 from /usr/include/c++/4.8/ostream:38,
                 from /usr/include/c++/4.8/iostream:39,
                 from ../src/Prog3.cpp:16:
/usr/include/c++/4.8/bits/stl_iterator.h:811:5: note: template<class _Iterator, class _Container> bool __gnu_cxx::operator==(const __gnu_cxx::__normal_iterator<_Iterator, _Container>&, const __gnu_cxx::__normal_iterator<_Iterator, _Container>&)
     operator==(const __normal_iterator<_Iterator, _Container>& __lhs,
     ^
/usr/include/c++/4.8/bits/stl_iterator.h:811:5: note:   template argument deduction/substitution failed:
../src/Prog3.cpp:89:31: note:   ‘std::string {aka std::basic_string<char>}’ is not derived from ‘const __gnu_cxx::__normal_iterator<_Iterator, _Container>’
   if(symbolTable[i].symbol == symbol) // found a match
                               ^
In file included from /usr/include/c++/4.8/bits/stl_algobase.h:67:0,
                 from /usr/include/c++/4.8/bits/char_traits.h:39,
                 from /usr/include/c++/4.8/ios:40,
                 from /usr/include/c++/4.8/ostream:38,
                 from /usr/include/c++/4.8/iostream:39,
                 from ../src/Prog3.cpp:16:
/usr/include/c++/4.8/bits/stl_iterator.h:805:5: note: template<class _IteratorL, class _IteratorR, class _Container> bool __gnu_cxx::operator==(const __gnu_cxx::__normal_iterator<_IteratorL, _Container>&, const __gnu_cxx::__normal_iterator<_IteratorR, _Container>&)
     operator==(const __normal_iterator<_IteratorL, _Container>& __lhs,
     ^
/usr/include/c++/4.8/bits/stl_iterator.h:805:5: note:   template argument deduction/substitution failed:
../src/Prog3.cpp:89:31: note:   ‘std::string {aka std::basic_string<char>}’ is not derived from ‘const __gnu_cxx::__normal_iterator<_IteratorL, _Container>’
   if(symbolTable[i].symbol == symbol) // found a match
                               ^
make: *** [src/Prog3.o] Error 1
16:05:35 **** Incremental Build of configuration Debug for project a1 ****
make all 
make: Nothing to be done for `all'.
16:05:35 **** Incremental Build of configuration Debug for project lab1_c ****
make all 
make: Nothing to be done for `all'.
16:05:35 **** Incremental Build of configuration Debug for project lab1_cpp ****
make all 
make: Nothing to be done for `all'.
16:05:40 **** Incremental Build of configuration Debug for project Prog3 ****
make all 
Building file: ../src/Prog3.cpp
Invoking: GCC C++ Compiler
g++ -O0 -g3 -Wall -c -fmessage-length=0 -MMD -MP -MF"src/Prog3.d" -MT"src/Prog3.d" -o "src/Prog3.o" "../src/Prog3.cpp"
../src/Prog3.cpp: In function ‘int getSymbolIndex(char)’:
../src/Prog3.cpp:89:28: error: no match for ‘operator==’ (operand types are ‘std::string {aka std::basic_string<char>}’ and ‘char’)
   if(symbolTable[i].symbol == symbol) // found a match
                            ^
../src/Prog3.cpp:89:28: note: candidates are:
In file included from /usr/include/c++/4.8/iosfwd:40:0,
                 from /usr/include/c++/4.8/ios:38,
                 from /usr/include/c++/4.8/ostream:38,
                 from /usr/include/c++/4.8/iostream:39,
                 from ../src/Prog3.cpp:16:
/usr/include/c++/4.8/bits/postypes.h:216:5: note: template<class _StateT> bool std::operator==(const std::fpos<_StateT>&, const std::fpos<_StateT>&)
     operator==(const fpos<_StateT>& __lhs, const fpos<_StateT>& __rhs)
     ^
/usr/include/c++/4.8/bits/postypes.h:216:5: note:   template argument deduction/substitution failed:
../src/Prog3.cpp:89:31: note:   ‘std::string {aka std::basic_string<char>}’ is not derived from ‘const std::fpos<_StateT>’
   if(symbolTable[i].symbol == symbol) // found a match
                               ^
In file included from /usr/include/c++/4.8/bits/stl_algobase.h:64:0,
                 from /usr/include/c++/4.8/bits/char_traits.h:39,
                 from /usr/include/c++/4.8/ios:40,
                 from /usr/include/c++/4.8/ostream:38,
                 from /usr/include/c++/4.8/iostream:39,
                 from ../src/Prog3.cpp:16:
/usr/include/c++/4.8/bits/stl_pair.h:214:5: note: template<class _T1, class _T2> bool std::operator==(const std::pair<_T1, _T2>&, const std::pair<_T1, _T2>&)
     operator==(const pair<_T1, _T2>& __x, const pair<_T1, _T2>& __y)
     ^
/usr/include/c++/4.8/bits/stl_pair.h:214:5: note:   template argument deduction/substitution failed:
../src/Prog3.cpp:89:31: note:   ‘std::string {aka std::basic_string<char>}’ is not derived from ‘const std::pair<_T1, _T2>’
   if(symbolTable[i].symbol == symbol) // found a match
                               ^
In file included from /usr/include/c++/4.8/bits/stl_algobase.h:67:0,
                 from /usr/include/c++/4.8/bits/char_traits.h:39,
                 from /usr/include/c++/4.8/ios:40,
                 from /usr/include/c++/4.8/ostream:38,
                 from /usr/include/c++/4.8/iostream:39,
                 from ../src/Prog3.cpp:16:
/usr/include/c++/4.8/bits/stl_iterator.h:291:5: note: template<class _Iterator> bool std::operator==(const std::reverse_iterator<_Iterator>&, const std::reverse_iterator<_Iterator>&)
     operator==(const reverse_iterator<_Iterator>& __x,
     ^
/usr/include/c++/4.8/bits/stl_iterator.h:291:5: note:   template argument deduction/substitution failed:
../src/Prog3.cpp:89:31: note:   ‘std::string {aka std::basic_string<char>}’ is not derived from ‘const std::reverse_iterator<_Iterator>’
   if(symbolTable[i].symbol == symbol) // found a match
                               ^
In file included from /usr/include/c++/4.8/bits/stl_algobase.h:67:0,
                 from /usr/include/c++/4.8/bits/char_traits.h:39,
                 from /usr/include/c++/4.8/ios:40,
                 from /usr/include/c++/4.8/ostream:38,
                 from /usr/include/c++/4.8/iostream:39,
                 from ../src/Prog3.cpp:16:
/usr/include/c++/4.8/bits/stl_iterator.h:341:5: note: template<class _IteratorL, class _IteratorR> bool std::operator==(const std::reverse_iterator<_Iterator>&, const std::reverse_iterator<_IteratorR>&)
     operator==(const reverse_iterator<_IteratorL>& __x,
     ^
/usr/include/c++/4.8/bits/stl_iterator.h:341:5: note:   template argument deduction/substitution failed:
../src/Prog3.cpp:89:31: note:   ‘std::string {aka std::basic_string<char>}’ is not derived from ‘const std::reverse_iterator<_Iterator>’
   if(symbolTable[i].symbol == symbol) // found a match
                               ^
In file included from /usr/include/c++/4.8/string:41:0,
                 from /usr/include/c++/4.8/bits/locale_classes.h:40,
                 from /usr/include/c++/4.8/bits/ios_base.h:41,
                 from /usr/include/c++/4.8/ios:42,
                 from /usr/include/c++/4.8/ostream:38,
                 from /usr/include/c++/4.8/iostream:39,
                 from ../src/Prog3.cpp:16:
/usr/include/c++/4.8/bits/allocator.h:128:5: note: template<class _T1, class _T2> bool std::operator==(const std::allocator<_CharT>&, const std::allocator<_T2>&)
     operator==(const allocator<_T1>&, const allocator<_T2>&)
     ^
/usr/include/c++/4.8/bits/allocator.h:128:5: note:   template argument deduction/substitution failed:
../src/Prog3.cpp:89:31: note:   ‘std::string {aka std::basic_string<char>}’ is not derived from ‘const std::allocator<_CharT>’
   if(symbolTable[i].symbol == symbol) // found a match
                               ^
In file included from /usr/include/c++/4.8/string:41:0,
                 from /usr/include/c++/4.8/bits/locale_classes.h:40,
                 from /usr/include/c++/4.8/bits/ios_base.h:41,
                 from /usr/include/c++/4.8/ios:42,
                 from /usr/include/c++/4.8/ostream:38,
                 from /usr/include/c++/4.8/iostream:39,
                 from ../src/Prog3.cpp:16:
/usr/include/c++/4.8/bits/allocator.h:133:5: note: template<class _Tp> bool std::operator==(const std::allocator<_CharT>&, const std::allocator<_CharT>&)
     operator==(const allocator<_Tp>&, const allocator<_Tp>&)
     ^
/usr/include/c++/4.8/bits/allocator.h:133:5: note:   template argument deduction/substitution failed:
../src/Prog3.cpp:89:31: note:   ‘std::string {aka std::basic_string<char>}’ is not derived from ‘const std::allocator<_CharT>’
   if(symbolTable[i].symbol == symbol) // found a match
                               ^
In file included from /usr/include/c++/4.8/string:52:0,
                 from /usr/include/c++/4.8/bits/locale_classes.h:40,
                 from /usr/include/c++/4.8/bits/ios_base.h:41,
                 from /usr/include/c++/4.8/ios:42,
                 from /usr/include/c++/4.8/ostream:38,
                 from /usr/include/c++/4.8/iostream:39,
                 from ../src/Prog3.cpp:16:
/usr/include/c++/4.8/bits/basic_string.h:2486:5: note: template<class _CharT, class _Traits, class _Alloc> bool std::operator==(const std::basic_string<_CharT, _Traits, _Alloc>&, const std::basic_string<_CharT, _Traits, _Alloc>&)
     operator==(const basic_string<_CharT, _Traits, _Alloc>& __lhs,
     ^
/usr/include/c++/4.8/bits/basic_string.h:2486:5: note:   template argument deduction/substitution failed:
../src/Prog3.cpp:89:31: note:   mismatched types ‘const std::basic_string<_CharT, _Traits, _Alloc>’ and ‘char’
   if(symbolTable[i].symbol == symbol) // found a match
                               ^
In file included from /usr/include/c++/4.8/string:52:0,
                 from /usr/include/c++/4.8/bits/locale_classes.h:40,
                 from /usr/include/c++/4.8/bits/ios_base.h:41,
                 from /usr/include/c++/4.8/ios:42,
                 from /usr/include/c++/4.8/ostream:38,
                 from /usr/include/c++/4.8/iostream:39,
                 from ../src/Prog3.cpp:16:
/usr/include/c++/4.8/bits/basic_string.h:2493:5: note: template<class _CharT> typename __gnu_cxx::__enable_if<std::__is_char<_Tp>::__value, bool>::__type std::operator==(const std::basic_string<_CharT>&, const std::basic_string<_CharT>&)
     operator==(const basic_string<_CharT>& __lhs,
     ^
/usr/include/c++/4.8/bits/basic_string.h:2493:5: note:   template argument deduction/substitution failed:
../src/Prog3.cpp:89:31: note:   mismatched types ‘const std::basic_string<_CharT>’ and ‘char’
   if(symbolTable[i].symbol == symbol) // found a match
                               ^
In file included from /usr/include/c++/4.8/string:52:0,
                 from /usr/include/c++/4.8/bits/locale_classes.h:40,
                 from /usr/include/c++/4.8/bits/ios_base.h:41,
                 from /usr/include/c++/4.8/ios:42,
                 from /usr/include/c++/4.8/ostream:38,
                 from /usr/include/c++/4.8/iostream:39,
                 from ../src/Prog3.cpp:16:
/usr/include/c++/4.8/bits/basic_string.h:2507:5: note: template<class _CharT, class _Traits, class _Alloc> bool std::operator==(const _CharT*, const std::basic_string<_CharT, _Traits, _Alloc>&)
     operator==(const _CharT* __lhs,
     ^
/usr/include/c++/4.8/bits/basic_string.h:2507:5: note:   template argument deduction/substitution failed:
../src/Prog3.cpp:89:31: note:   mismatched types ‘const _CharT*’ and ‘std::basic_string<char>’
   if(symbolTable[i].symbol == symbol) // found a match
                               ^
In file included from /usr/include/c++/4.8/string:52:0,
                 from /usr/include/c++/4.8/bits/locale_classes.h:40,
                 from /usr/include/c++/4.8/bits/ios_base.h:41,
                 from /usr/include/c++/4.8/ios:42,
                 from /usr/include/c++/4.8/ostream:38,
                 from /usr/include/c++/4.8/iostream:39,
                 from ../src/Prog3.cpp:16:
/usr/include/c++/4.8/bits/basic_string.h:2519:5: note: template<class _CharT, class _Traits, class _Alloc> bool std::operator==(const std::basic_string<_CharT, _Traits, _Alloc>&, const _CharT*)
     operator==(const basic_string<_CharT, _Traits, _Alloc>& __lhs,
     ^
/usr/include/c++/4.8/bits/basic_string.h:2519:5: note:   template argument deduction/substitution failed:
../src/Prog3.cpp:89:31: note:   mismatched types ‘const _CharT*’ and ‘char’
   if(symbolTable[i].symbol == symbol) // found a match
                               ^
In file included from /usr/include/c++/4.8/bits/locale_facets.h:48:0,
                 from /usr/include/c++/4.8/bits/basic_ios.h:37,
                 from /usr/include/c++/4.8/ios:44,
                 from /usr/include/c++/4.8/ostream:38,
                 from /usr/include/c++/4.8/iostream:39,
                 from ../src/Prog3.cpp:16:
/usr/include/c++/4.8/bits/streambuf_iterator.h:204:5: note: template<class _CharT, class _Traits> bool std::operator==(const std::istreambuf_iterator<_CharT, _Traits>&, const std::istreambuf_iterator<_CharT, _Traits>&)
     operator==(const istreambuf_iterator<_CharT, _Traits>& __a,
     ^
/usr/include/c++/4.8/bits/streambuf_iterator.h:204:5: note:   template argument deduction/substitution failed:
../src/Prog3.cpp:89:31: note:   ‘std::string {aka std::basic_string<char>}’ is not derived from ‘const std::istreambuf_iterator<_CharT, _Traits>’
   if(symbolTable[i].symbol == symbol) // found a match
                               ^
In file included from /usr/include/c++/4.8/vector:64:0,
                 from ../src/Prog3.cpp:20:
/usr/include/c++/4.8/bits/stl_vector.h:1404:5: note: template<class _Tp, class _Alloc> bool std::operator==(const std::vector<_Tp, _Alloc>&, const std::vector<_Tp, _Alloc>&)
     operator==(const vector<_Tp, _Alloc>& __x, const vector<_Tp, _Alloc>& __y)
     ^
/usr/include/c++/4.8/bits/stl_vector.h:1404:5: note:   template argument deduction/substitution failed:
../src/Prog3.cpp:89:31: note:   ‘std::string {aka std::basic_string<char>}’ is not derived from ‘const std::vector<_Tp, _Alloc>’
   if(symbolTable[i].symbol == symbol) // found a match
                               ^
In file included from /usr/include/x86_64-linux-gnu/c++/4.8/bits/c++allocator.h:33:0,
                 from /usr/include/c++/4.8/bits/allocator.h:46,
                 from /usr/include/c++/4.8/string:41,
                 from /usr/include/c++/4.8/bits/locale_classes.h:40,
                 from /usr/include/c++/4.8/bits/ios_base.h:41,
                 from /usr/include/c++/4.8/ios:42,
                 from /usr/include/c++/4.8/ostream:38,
                 from /usr/include/c++/4.8/iostream:39,
                 from ../src/Prog3.cpp:16:
/usr/include/c++/4.8/ext/new_allocator.h:139:5: note: template<class _Tp> bool __gnu_cxx::operator==(const __gnu_cxx::new_allocator<_Tp>&, const __gnu_cxx::new_allocator<_Tp>&)
     operator==(const new_allocator<_Tp>&, const new_allocator<_Tp>&)
     ^
/usr/include/c++/4.8/ext/new_allocator.h:139:5: note:   template argument deduction/substitution failed:
../src/Prog3.cpp:89:31: note:   ‘std::string {aka std::basic_string<char>}’ is not derived from ‘const __gnu_cxx::new_allocator<_Tp>’
   if(symbolTable[i].symbol == symbol) // found a match
                               ^
In file included from /usr/include/c++/4.8/bits/stl_algobase.h:67:0,
                 from /usr/include/c++/4.8/bits/char_traits.h:39,
                 from /usr/include/c++/4.8/ios:40,
                 from /usr/include/c++/4.8/ostream:38,
                 from /usr/include/c++/4.8/iostream:39,
                 from ../src/Prog3.cpp:16:
/usr/include/c++/4.8/bits/stl_iterator.h:811:5: note: template<class _Iterator, class _Container> bool __gnu_cxx::operator==(const __gnu_cxx::__normal_iterator<_Iterator, _Container>&, const __gnu_cxx::__normal_iterator<_Iterator, _Container>&)
     operator==(const __normal_iterator<_Iterator, _Container>& __lhs,
     ^
/usr/include/c++/4.8/bits/stl_iterator.h:811:5: note:   template argument deduction/substitution failed:
../src/Prog3.cpp:89:31: note:   ‘std::string {aka std::basic_string<char>}’ is not derived from ‘const __gnu_cxx::__normal_iterator<_Iterator, _Container>’
   if(symbolTable[i].symbol == symbol) // found a match
                               ^
In file included from /usr/include/c++/4.8/bits/stl_algobase.h:67:0,
                 from /usr/include/c++/4.8/bits/char_traits.h:39,
                 from /usr/include/c++/4.8/ios:40,
                 from /usr/include/c++/4.8/ostream:38,
                 from /usr/include/c++/4.8/iostream:39,
                 from ../src/Prog3.cpp:16:
/usr/include/c++/4.8/bits/stl_iterator.h:805:5: note: template<class _IteratorL, class _IteratorR, class _Container> bool __gnu_cxx::operator==(const __gnu_cxx::__normal_iterator<_IteratorL, _Container>&, const __gnu_cxx::__normal_iterator<_IteratorR, _Container>&)
     operator==(const __normal_iterator<_IteratorL, _Container>& __lhs,
     ^
/usr/include/c++/4.8/bits/stl_iterator.h:805:5: note:   template argument deduction/substitution failed:
../src/Prog3.cpp:89:31: note:   ‘std::string {aka std::basic_string<char>}’ is not derived from ‘const __gnu_cxx::__normal_iterator<_IteratorL, _Container>’
   if(symbolTable[i].symbol == symbol) // found a match
                               ^
make: *** [src/Prog3.o] Error 1
16:07:14 **** Incremental Build of configuration Debug for project Prog3 ****
make all 
Building file: ../src/Prog3.cpp
Invoking: GCC C++ Compiler
g++ -O0 -g3 -Wall -c -fmessage-length=0 -MMD -MP -MF"src/Prog3.d" -MT"src/Prog3.d" -o "src/Prog3.o" "../src/Prog3.cpp"
Finished building: ../src/Prog3.cpp
 
Building target: Prog3
Invoking: GCC C++ Linker
g++  -o "Prog3"  ./src/Prog3.o   
./src/Prog3.o: In function `printFunc()':
/home/juan/CSE/cs117/Prog3/Debug/../src/Prog3.cpp:189: undefined reference to `getSymbolIndex(char)'
collect2: error: ld returned 1 exit status
make: *** [Prog3] Error 1
16:07:15 **** Incremental Build of configuration Debug for project a1 ****
make all 
make: Nothing to be done for `all'.
16:07:15 **** Incremental Build of configuration Debug for project lab1_c ****
make all 
make: Nothing to be done for `all'.
16:07:15 **** Incremental Build of configuration Debug for project lab1_cpp ****
make all 
make: Nothing to be done for `all'.
16:07:37 **** Incremental Build of configuration Debug for project Prog3 ****
make all 
Building file: ../src/Prog3.cpp
Invoking: GCC C++ Compiler
g++ -O0 -g3 -Wall -c -fmessage-length=0 -MMD -MP -MF"src/Prog3.d" -MT"src/Prog3.d" -o "src/Prog3.o" "../src/Prog3.cpp"
../src/Prog3.cpp: In function ‘void printFunc()’:
../src/Prog3.cpp:189:42: error: invalid conversion from ‘char’ to ‘const char*’ [-fpermissive]
   int tempIndex = getSymbolIndex(tempChar);
                                          ^
In file included from /usr/include/c++/4.8/string:53:0,
                 from /usr/include/c++/4.8/bits/locale_classes.h:40,
                 from /usr/include/c++/4.8/bits/ios_base.h:41,
                 from /usr/include/c++/4.8/ios:42,
                 from /usr/include/c++/4.8/ostream:38,
                 from /usr/include/c++/4.8/iostream:39,
                 from ../src/Prog3.cpp:16:
/usr/include/c++/4.8/bits/basic_string.tcc:212:5: error:   initializing argument 1 of ‘std::basic_string<_CharT, _Traits, _Alloc>::basic_string(const _CharT*, const _Alloc&) [with _CharT = char; _Traits = std::char_traits<char>; _Alloc = std::allocator<char>]’ [-fpermissive]
     basic_string<_CharT, _Traits, _Alloc>::
     ^
make: *** [src/Prog3.o] Error 1
16:07:38 **** Incremental Build of configuration Debug for project a1 ****
make all 
make: Nothing to be done for `all'.
16:07:38 **** Incremental Build of configuration Debug for project lab1_c ****
make all 
make: Nothing to be done for `all'.
16:07:38 **** Incremental Build of configuration Debug for project lab1_cpp ****
make all 
make: Nothing to be done for `all'.
16:08:06 **** Incremental Build of configuration Debug for project Prog3 ****
make all 
Building file: ../src/Prog3.cpp
Invoking: GCC C++ Compiler
g++ -O0 -g3 -Wall -c -fmessage-length=0 -MMD -MP -MF"src/Prog3.d" -MT"src/Prog3.d" -o "src/Prog3.o" "../src/Prog3.cpp"
../src/Prog3.cpp: In function ‘void printFunc()’:
../src/Prog3.cpp:189:42: error: invalid conversion from ‘char’ to ‘const char*’ [-fpermissive]
   int tempIndex = getSymbolIndex(tempChar);
                                          ^
In file included from /usr/include/c++/4.8/string:53:0,
                 from /usr/include/c++/4.8/bits/locale_classes.h:40,
                 from /usr/include/c++/4.8/bits/ios_base.h:41,
                 from /usr/include/c++/4.8/ios:42,
                 from /usr/include/c++/4.8/ostream:38,
                 from /usr/include/c++/4.8/iostream:39,
                 from ../src/Prog3.cpp:16:
/usr/include/c++/4.8/bits/basic_string.tcc:212:5: error:   initializing argument 1 of ‘std::basic_string<_CharT, _Traits, _Alloc>::basic_string(const _CharT*, const _Alloc&) [with _CharT = char; _Traits = std::char_traits<char>; _Alloc = std::allocator<char>]’ [-fpermissive]
     basic_string<_CharT, _Traits, _Alloc>::
     ^
make: *** [src/Prog3.o] Error 1
16:08:06 **** Incremental Build of configuration Debug for project a1 ****
make all 
make: Nothing to be done for `all'.
16:08:06 **** Incremental Build of configuration Debug for project lab1_c ****
make all 
make: Nothing to be done for `all'.
16:08:07 **** Incremental Build of configuration Debug for project lab1_cpp ****
make all 
make: Nothing to be done for `all'.
16:08:44 **** Incremental Build of configuration Debug for project Prog3 ****
make all 
Building file: ../src/Prog3.cpp
Invoking: GCC C++ Compiler
g++ -O0 -g3 -Wall -c -fmessage-length=0 -MMD -MP -MF"src/Prog3.d" -MT"src/Prog3.d" -o "src/Prog3.o" "../src/Prog3.cpp"
../src/Prog3.cpp: In function ‘void printFunc()’:
../src/Prog3.cpp:189:18: error: invalid conversion from ‘char’ to ‘const char*’ [-fpermissive]
   string tWord = tempChar;
                  ^
In file included from /usr/include/c++/4.8/string:53:0,
                 from /usr/include/c++/4.8/bits/locale_classes.h:40,
                 from /usr/include/c++/4.8/bits/ios_base.h:41,
                 from /usr/include/c++/4.8/ios:42,
                 from /usr/include/c++/4.8/ostream:38,
                 from /usr/include/c++/4.8/iostream:39,
                 from ../src/Prog3.cpp:16:
/usr/include/c++/4.8/bits/basic_string.tcc:212:5: error:   initializing argument 1 of ‘std::basic_string<_CharT, _Traits, _Alloc>::basic_string(const _CharT*, const _Alloc&) [with _CharT = char; _Traits = std::char_traits<char>; _Alloc = std::allocator<char>]’ [-fpermissive]
     basic_string<_CharT, _Traits, _Alloc>::
     ^
make: *** [src/Prog3.o] Error 1
16:08:44 **** Incremental Build of configuration Debug for project a1 ****
make all 
make: Nothing to be done for `all'.
16:08:44 **** Incremental Build of configuration Debug for project lab1_c ****
make all 
make: Nothing to be done for `all'.
16:08:44 **** Incremental Build of configuration Debug for project lab1_cpp ****
make all 
make: Nothing to be done for `all'.
16:09:44 **** Incremental Build of configuration Debug for project Prog3 ****
make all 
Building file: ../src/Prog3.cpp
Invoking: GCC C++ Compiler
g++ -O0 -g3 -Wall -c -fmessage-length=0 -MMD -MP -MF"src/Prog3.d" -MT"src/Prog3.d" -o "src/Prog3.o" "../src/Prog3.cpp"
../src/Prog3.cpp: In function ‘void printFunc()’:
../src/Prog3.cpp:189:26: error: invalid conversion from ‘char’ to ‘const char*’ [-fpermissive]
   string tWord = (string)tempChar;
                          ^
In file included from /usr/include/c++/4.8/string:53:0,
                 from /usr/include/c++/4.8/bits/locale_classes.h:40,
                 from /usr/include/c++/4.8/bits/ios_base.h:41,
                 from /usr/include/c++/4.8/ios:42,
                 from /usr/include/c++/4.8/ostream:38,
                 from /usr/include/c++/4.8/iostream:39,
                 from ../src/Prog3.cpp:16:
/usr/include/c++/4.8/bits/basic_string.tcc:212:5: error:   initializing argument 1 of ‘std::basic_string<_CharT, _Traits, _Alloc>::basic_string(const _CharT*, const _Alloc&) [with _CharT = char; _Traits = std::char_traits<char>; _Alloc = std::allocator<char>]’ [-fpermissive]
     basic_string<_CharT, _Traits, _Alloc>::
     ^
make: *** [src/Prog3.o] Error 1
16:09:45 **** Incremental Build of configuration Debug for project a1 ****
make all 
make: Nothing to be done for `all'.
16:09:45 **** Incremental Build of configuration Debug for project lab1_c ****
make all 
make: Nothing to be done for `all'.
16:09:45 **** Incremental Build of configuration Debug for project lab1_cpp ****
make all 
make: Nothing to be done for `all'.
16:13:22 **** Incremental Build of configuration Debug for project Prog3 ****
make all 
Building file: ../src/Prog3.cpp
Invoking: GCC C++ Compiler
g++ -O0 -g3 -Wall -c -fmessage-length=0 -MMD -MP -MF"src/Prog3.d" -MT"src/Prog3.d" -o "src/Prog3.o" "../src/Prog3.cpp"
../src/Prog3.cpp: In function ‘void printFunc()’:
../src/Prog3.cpp:189:18: error: invalid conversion from ‘char’ to ‘const char*’ [-fpermissive]
   string tWord = tempChar;
                  ^
In file included from /usr/include/c++/4.8/string:53:0,
                 from /usr/include/c++/4.8/bits/locale_classes.h:40,
                 from /usr/include/c++/4.8/bits/ios_base.h:41,
                 from /usr/include/c++/4.8/ios:42,
                 from /usr/include/c++/4.8/ostream:38,
                 from /usr/include/c++/4.8/iostream:39,
                 from ../src/Prog3.cpp:16:
/usr/include/c++/4.8/bits/basic_string.tcc:212:5: error:   initializing argument 1 of ‘std::basic_string<_CharT, _Traits, _Alloc>::basic_string(const _CharT*, const _Alloc&) [with _CharT = char; _Traits = std::char_traits<char>; _Alloc = std::allocator<char>]’ [-fpermissive]
     basic_string<_CharT, _Traits, _Alloc>::
     ^
make: *** [src/Prog3.o] Error 1
16:13:22 **** Incremental Build of configuration Debug for project a1 ****
make all 
make: Nothing to be done for `all'.
16:13:22 **** Incremental Build of configuration Debug for project lab1_c ****
make all 
make: Nothing to be done for `all'.
16:13:22 **** Incremental Build of configuration Debug for project lab1_cpp ****
make all 
make: Nothing to be done for `all'.
16:13:35 **** Incremental Build of configuration Debug for project Prog3 ****
make all 
Building file: ../src/Prog3.cpp
Invoking: GCC C++ Compiler
g++ -O0 -g3 -Wall -c -fmessage-length=0 -MMD -MP -MF"src/Prog3.d" -MT"src/Prog3.d" -o "src/Prog3.o" "../src/Prog3.cpp"
../src/Prog3.cpp: In function ‘void printFunc()’:
../src/Prog3.cpp:189:26: error: invalid conversion from ‘char’ to ‘const char*’ [-fpermissive]
   string tWord = (string)tempChar;
                          ^
In file included from /usr/include/c++/4.8/string:53:0,
                 from /usr/include/c++/4.8/bits/locale_classes.h:40,
                 from /usr/include/c++/4.8/bits/ios_base.h:41,
                 from /usr/include/c++/4.8/ios:42,
                 from /usr/include/c++/4.8/ostream:38,
                 from /usr/include/c++/4.8/iostream:39,
                 from ../src/Prog3.cpp:16:
/usr/include/c++/4.8/bits/basic_string.tcc:212:5: error:   initializing argument 1 of ‘std::basic_string<_CharT, _Traits, _Alloc>::basic_string(const _CharT*, const _Alloc&) [with _CharT = char; _Traits = std::char_traits<char>; _Alloc = std::allocator<char>]’ [-fpermissive]
     basic_string<_CharT, _Traits, _Alloc>::
     ^
make: *** [src/Prog3.o] Error 1
16:13:36 **** Incremental Build of configuration Debug for project a1 ****
make all 
make: Nothing to be done for `all'.
16:13:36 **** Incremental Build of configuration Debug for project lab1_c ****
make all 
make: Nothing to be done for `all'.
16:13:36 **** Incremental Build of configuration Debug for project lab1_cpp ****
make all 
make: Nothing to be done for `all'.
16:13:57 **** Incremental Build of configuration Debug for project Prog3 ****
make all 
Building file: ../src/Prog3.cpp
Invoking: GCC C++ Compiler
g++ -O0 -g3 -Wall -c -fmessage-length=0 -MMD -MP -MF"src/Prog3.d" -MT"src/Prog3.d" -o "src/Prog3.o" "../src/Prog3.cpp"
../src/Prog3.cpp: In function ‘void printFunc()’:
../src/Prog3.cpp:189:24: error: invalid conversion from ‘char’ to ‘const char*’ [-fpermissive]
   string tWord(tempChar);
                        ^
In file included from /usr/include/c++/4.8/string:53:0,
                 from /usr/include/c++/4.8/bits/locale_classes.h:40,
                 from /usr/include/c++/4.8/bits/ios_base.h:41,
                 from /usr/include/c++/4.8/ios:42,
                 from /usr/include/c++/4.8/ostream:38,
                 from /usr/include/c++/4.8/iostream:39,
                 from ../src/Prog3.cpp:16:
/usr/include/c++/4.8/bits/basic_string.tcc:212:5: error:   initializing argument 1 of ‘std::basic_string<_CharT, _Traits, _Alloc>::basic_string(const _CharT*, const _Alloc&) [with _CharT = char; _Traits = std::char_traits<char>; _Alloc = std::allocator<char>]’ [-fpermissive]
     basic_string<_CharT, _Traits, _Alloc>::
     ^
make: *** [src/Prog3.o] Error 1
16:13:57 **** Incremental Build of configuration Debug for project a1 ****
make all 
make: Nothing to be done for `all'.
16:13:57 **** Incremental Build of configuration Debug for project lab1_c ****
make all 
make: Nothing to be done for `all'.
16:13:57 **** Incremental Build of configuration Debug for project lab1_cpp ****
make all 
make: Nothing to be done for `all'.
16:14:41 **** Incremental Build of configuration Debug for project Prog3 ****
make all 
Building file: ../src/Prog3.cpp
Invoking: GCC C++ Compiler
g++ -O0 -g3 -Wall -c -fmessage-length=0 -MMD -MP -MF"src/Prog3.d" -MT"src/Prog3.d" -o "src/Prog3.o" "../src/Prog3.cpp"
../src/Prog3.cpp: In function ‘void printFunc()’:
../src/Prog3.cpp:190:3: error: ‘tword’ was not declared in this scope
   tword = tempChar;
   ^
make: *** [src/Prog3.o] Error 1
16:14:41 **** Incremental Build of configuration Debug for project a1 ****
make all 
make: Nothing to be done for `all'.
16:14:42 **** Incremental Build of configuration Debug for project lab1_c ****
make all 
make: Nothing to be done for `all'.
16:14:42 **** Incremental Build of configuration Debug for project lab1_cpp ****
make all 
make: Nothing to be done for `all'.
16:14:54 **** Incremental Build of configuration Debug for project Prog3 ****
make all 
Building file: ../src/Prog3.cpp
Invoking: GCC C++ Compiler
g++ -O0 -g3 -Wall -c -fmessage-length=0 -MMD -MP -MF"src/Prog3.d" -MT"src/Prog3.d" -o "src/Prog3.o" "../src/Prog3.cpp"
Finished building: ../src/Prog3.cpp
 
Building target: Prog3
Invoking: GCC C++ Linker
g++  -o "Prog3"  ./src/Prog3.o   
Finished building target: Prog3
 
16:14:55 **** Incremental Build of configuration Debug for project a1 ****
make all 
make: Nothing to be done for `all'.
16:14:55 **** Incremental Build of configuration Debug for project lab1_c ****
make all 
make: Nothing to be done for `all'.
16:14:55 **** Incremental Build of configuration Debug for project lab1_cpp ****
make all 
make: Nothing to be done for `all'.
16:15:09 **** Incremental Build of configuration Debug for project Prog3 ****
make all 
make: Nothing to be done for `all'.
16:15:21 **** Incremental Build of configuration Debug for project Prog3 ****
make all 
Building file: ../src/Prog3.cpp
Invoking: GCC C++ Compiler
g++ -O0 -g3 -Wall -c -fmessage-length=0 -MMD -MP -MF"src/Prog3.d" -MT"src/Prog3.d" -o "src/Prog3.o" "../src/Prog3.cpp"
Finished building: ../src/Prog3.cpp
 
Building target: Prog3
Invoking: GCC C++ Linker
g++  -o "Prog3"  ./src/Prog3.o   
Finished building target: Prog3
 
16:15:22 **** Incremental Build of configuration Debug for project a1 ****
make all 
make: Nothing to be done for `all'.
16:15:22 **** Incremental Build of configuration Debug for project lab1_c ****
make all 
make: Nothing to be done for `all'.
16:15:22 **** Incremental Build of configuration Debug for project lab1_cpp ****
make all 
make: Nothing to be done for `all'.
16:15:23 **** Incremental Build of configuration Debug for project Prog3 ****
make all 
make: Nothing to be done for `all'.
16:15:39 **** Incremental Build of configuration Debug for project Prog3 ****
make all 
Building file: ../src/Prog3.cpp
Invoking: GCC C++ Compiler
g++ -O0 -g3 -Wall -c -fmessage-length=0 -MMD -MP -MF"src/Prog3.d" -MT"src/Prog3.d" -o "src/Prog3.o" "../src/Prog3.cpp"
Finished building: ../src/Prog3.cpp
 
Building target: Prog3
Invoking: GCC C++ Linker
g++  -o "Prog3"  ./src/Prog3.o   
Finished building target: Prog3
 
16:15:40 **** Incremental Build of configuration Debug for project a1 ****
make all 
make: Nothing to be done for `all'.
16:15:40 **** Incremental Build of configuration Debug for project lab1_c ****
make all 
make: Nothing to be done for `all'.
16:15:40 **** Incremental Build of configuration Debug for project lab1_cpp ****
make all 
make: Nothing to be done for `all'.
16:15:41 **** Incremental Build of configuration Debug for project Prog3 ****
make all 
make: Nothing to be done for `all'.
23:59:22 **** Incremental Build of configuration Debug for project Prog3 ****
make all 
make: Nothing to be done for `all'.
00:12:25 **** Incremental Build of configuration Debug for project a1 ****
make all 
Building file: ../src/a1.cpp
Invoking: GCC C++ Compiler
g++ -O0 -g3 -Wall -c -fmessage-length=0 -MMD -MP -MF"src/a1.d" -MT"src/a1.d" -o "src/a1.o" "../src/a1.cpp"
Finished building: ../src/a1.cpp
 
Building target: a1
Invoking: GCC C++ Linker
g++  -o "a1"  ./src/a1.o   
Finished building target: a1
 
00:13:20 **** Incremental Build of configuration Debug for project Prog3 ****
make all 
make: Nothing to be done for `all'.
00:22:33 **** Incremental Build of configuration Debug for project Prog3 ****
make all 
make: Nothing to be done for `all'.
00:23:02 **** Incremental Build of configuration Debug for project Prog3 ****
make all 
Building file: ../src/Prog3.cpp
Invoking: GCC C++ Compiler
g++ -O0 -g3 -Wall -c -fmessage-length=0 -MMD -MP -MF"src/Prog3.d" -MT"src/Prog3.d" -o "src/Prog3.o" "../src/Prog3.cpp"
Finished building: ../src/Prog3.cpp
 
Building target: Prog3
Invoking: GCC C++ Linker
g++  -o "Prog3"  ./src/Prog3.o   
Finished building target: Prog3
 
00:23:02 **** Incremental Build of configuration Debug for project a1 ****
make all 
make: Nothing to be done for `all'.
00:23:02 **** Incremental Build of configuration Debug for project lab1_c ****
make all 
make: Nothing to be done for `all'.
00:23:02 **** Incremental Build of configuration Debug for project lab1_cpp ****
make all 
make: Nothing to be done for `all'.
00:23:45 **** Incremental Build of configuration Debug for project Prog3 ****
make all 
make: Nothing to be done for `all'.
00:25:29 **** Incremental Build of configuration Debug for project a1 ****
make all 
make: Nothing to be done for `all'.
00:25:41 **** Incremental Build of configuration Debug for project Prog3 ****
make all 
make: Nothing to be done for `all'.
00:26:38 **** Incremental Build of configuration Debug for project Prog3 ****
make all 
Building file: ../src/Prog3.cpp
Invoking: GCC C++ Compiler
g++ -O0 -g3 -Wall -c -fmessage-length=0 -MMD -MP -MF"src/Prog3.d" -MT"src/Prog3.d" -o "src/Prog3.o" "../src/Prog3.cpp"
Finished building: ../src/Prog3.cpp
 
Building target: Prog3
Invoking: GCC C++ Linker
g++  -o "Prog3"  ./src/Prog3.o   
Finished building target: Prog3
 
00:28:52 **** Incremental Build of configuration Debug for project Prog3 ****
make all 
Building file: ../src/Prog3.cpp
Invoking: GCC C++ Compiler
g++ -O0 -g3 -Wall -c -fmessage-length=0 -MMD -MP -MF"src/Prog3.d" -MT"src/Prog3.d" -o "src/Prog3.o" "../src/Prog3.cpp"
Finished building: ../src/Prog3.cpp
 
Building target: Prog3
Invoking: GCC C++ Linker
g++  -o "Prog3"  ./src/Prog3.o   
Finished building target: Prog3
 
01:00:32 **** Incremental Build of configuration Debug for project Prog3 ****
make all 
Building file: ../src/Prog3.cpp
Invoking: GCC C++ Compiler
g++ -O0 -g3 -Wall -c -fmessage-length=0 -MMD -MP -MF"src/Prog3.d" -MT"src/Prog3.d" -o "src/Prog3.o" "../src/Prog3.cpp"
../src/Prog3.cpp: In function ‘void assignFunc(std::string)’:
../src/Prog3.cpp:221:14: error: no match for ‘operator!=’ (operand types are ‘std::string {aka std::basic_string<char>}’ and ‘char’)
  if(tempWord != '='){
              ^
../src/Prog3.cpp:221:14: note: candidates are:
In file included from /usr/include/c++/4.8/iosfwd:40:0,
                 from /usr/include/c++/4.8/ios:38,
                 from /usr/include/c++/4.8/ostream:38,
                 from /usr/include/c++/4.8/iostream:39,
                 from ../src/Prog3.cpp:16:
/usr/include/c++/4.8/bits/postypes.h:221:5: note: template<class _StateT> bool std::operator!=(const std::fpos<_StateT>&, const std::fpos<_StateT>&)
     operator!=(const fpos<_StateT>& __lhs, const fpos<_StateT>& __rhs)
     ^
/usr/include/c++/4.8/bits/postypes.h:221:5: note:   template argument deduction/substitution failed:
../src/Prog3.cpp:221:17: note:   ‘std::string {aka std::basic_string<char>}’ is not derived from ‘const std::fpos<_StateT>’
  if(tempWord != '='){
                 ^
In file included from /usr/include/c++/4.8/bits/stl_algobase.h:64:0,
                 from /usr/include/c++/4.8/bits/char_traits.h:39,
                 from /usr/include/c++/4.8/ios:40,
                 from /usr/include/c++/4.8/ostream:38,
                 from /usr/include/c++/4.8/iostream:39,
                 from ../src/Prog3.cpp:16:
/usr/include/c++/4.8/bits/stl_pair.h:227:5: note: template<class _T1, class _T2> bool std::operator!=(const std::pair<_T1, _T2>&, const std::pair<_T1, _T2>&)
     operator!=(const pair<_T1, _T2>& __x, const pair<_T1, _T2>& __y)
     ^
/usr/include/c++/4.8/bits/stl_pair.h:227:5: note:   template argument deduction/substitution failed:
../src/Prog3.cpp:221:17: note:   ‘std::string {aka std::basic_string<char>}’ is not derived from ‘const std::pair<_T1, _T2>’
  if(tempWord != '='){
                 ^
In file included from /usr/include/c++/4.8/bits/stl_algobase.h:67:0,
                 from /usr/include/c++/4.8/bits/char_traits.h:39,
                 from /usr/include/c++/4.8/ios:40,
                 from /usr/include/c++/4.8/ostream:38,
                 from /usr/include/c++/4.8/iostream:39,
                 from ../src/Prog3.cpp:16:
/usr/include/c++/4.8/bits/stl_iterator.h:303:5: note: template<class _Iterator> bool std::operator!=(const std::reverse_iterator<_Iterator>&, const std::reverse_iterator<_Iterator>&)
     operator!=(const reverse_iterator<_Iterator>& __x,
     ^
/usr/include/c++/4.8/bits/stl_iterator.h:303:5: note:   template argument deduction/substitution failed:
../src/Prog3.cpp:221:17: note:   ‘std::string {aka std::basic_string<char>}’ is not derived from ‘const std::reverse_iterator<_Iterator>’
  if(tempWord != '='){
                 ^
In file included from /usr/include/c++/4.8/bits/stl_algobase.h:67:0,
                 from /usr/include/c++/4.8/bits/char_traits.h:39,
                 from /usr/include/c++/4.8/ios:40,
                 from /usr/include/c++/4.8/ostream:38,
                 from /usr/include/c++/4.8/iostream:39,
                 from ../src/Prog3.cpp:16:
/usr/include/c++/4.8/bits/stl_iterator.h:353:5: note: template<class _IteratorL, class _IteratorR> bool std::operator!=(const std::reverse_iterator<_Iterator>&, const std::reverse_iterator<_IteratorR>&)
     operator!=(const reverse_iterator<_IteratorL>& __x,
     ^
/usr/include/c++/4.8/bits/stl_iterator.h:353:5: note:   template argument deduction/substitution failed:
../src/Prog3.cpp:221:17: note:   ‘std::string {aka std::basic_string<char>}’ is not derived from ‘const std::reverse_iterator<_Iterator>’
  if(tempWord != '='){
                 ^
In file included from /usr/include/c++/4.8/string:41:0,
                 from /usr/include/c++/4.8/bits/locale_classes.h:40,
                 from /usr/include/c++/4.8/bits/ios_base.h:41,
                 from /usr/include/c++/4.8/ios:42,
                 from /usr/include/c++/4.8/ostream:38,
                 from /usr/include/c++/4.8/iostream:39,
                 from ../src/Prog3.cpp:16:
/usr/include/c++/4.8/bits/allocator.h:138:5: note: template<class _T1, class _T2> bool std::operator!=(const std::allocator<_CharT>&, const std::allocator<_T2>&)
     operator!=(const allocator<_T1>&, const allocator<_T2>&)
     ^
/usr/include/c++/4.8/bits/allocator.h:138:5: note:   template argument deduction/substitution failed:
../src/Prog3.cpp:221:17: note:   ‘std::string {aka std::basic_string<char>}’ is not derived from ‘const std::allocator<_CharT>’
  if(tempWord != '='){
                 ^
In file included from /usr/include/c++/4.8/string:41:0,
                 from /usr/include/c++/4.8/bits/locale_classes.h:40,
                 from /usr/include/c++/4.8/bits/ios_base.h:41,
                 from /usr/include/c++/4.8/ios:42,
                 from /usr/include/c++/4.8/ostream:38,
                 from /usr/include/c++/4.8/iostream:39,
                 from ../src/Prog3.cpp:16:
/usr/include/c++/4.8/bits/allocator.h:143:5: note: template<class _Tp> bool std::operator!=(const std::allocator<_CharT>&, const std::allocator<_CharT>&)
     operator!=(const allocator<_Tp>&, const allocator<_Tp>&)
     ^
/usr/include/c++/4.8/bits/allocator.h:143:5: note:   template argument deduction/substitution failed:
../src/Prog3.cpp:221:17: note:   ‘std::string {aka std::basic_string<char>}’ is not derived from ‘const std::allocator<_CharT>’
  if(tempWord != '='){
                 ^
In file included from /usr/include/c++/4.8/string:52:0,
                 from /usr/include/c++/4.8/bits/locale_classes.h:40,
                 from /usr/include/c++/4.8/bits/ios_base.h:41,
                 from /usr/include/c++/4.8/ios:42,
                 from /usr/include/c++/4.8/ostream:38,
                 from /usr/include/c++/4.8/iostream:39,
                 from ../src/Prog3.cpp:16:
/usr/include/c++/4.8/bits/basic_string.h:2532:5: note: template<class _CharT, class _Traits, class _Alloc> bool std::operator!=(const std::basic_string<_CharT, _Traits, _Alloc>&, const std::basic_string<_CharT, _Traits, _Alloc>&)
     operator!=(const basic_string<_CharT, _Traits, _Alloc>& __lhs,
     ^
/usr/include/c++/4.8/bits/basic_string.h:2532:5: note:   template argument deduction/substitution failed:
../src/Prog3.cpp:221:17: note:   mismatched types ‘const std::basic_string<_CharT, _Traits, _Alloc>’ and ‘char’
  if(tempWord != '='){
                 ^
In file included from /usr/include/c++/4.8/string:52:0,
                 from /usr/include/c++/4.8/bits/locale_classes.h:40,
                 from /usr/include/c++/4.8/bits/ios_base.h:41,
                 from /usr/include/c++/4.8/ios:42,
                 from /usr/include/c++/4.8/ostream:38,
                 from /usr/include/c++/4.8/iostream:39,
                 from ../src/Prog3.cpp:16:
/usr/include/c++/4.8/bits/basic_string.h:2544:5: note: template<class _CharT, class _Traits, class _Alloc> bool std::operator!=(const _CharT*, const std::basic_string<_CharT, _Traits, _Alloc>&)
     operator!=(const _CharT* __lhs,
     ^
/usr/include/c++/4.8/bits/basic_string.h:2544:5: note:   template argument deduction/substitution failed:
../src/Prog3.cpp:221:17: note:   mismatched types ‘const _CharT*’ and ‘std::basic_string<char>’
  if(tempWord != '='){
                 ^
In file included from /usr/include/c++/4.8/string:52:0,
                 from /usr/include/c++/4.8/bits/locale_classes.h:40,
                 from /usr/include/c++/4.8/bits/ios_base.h:41,
                 from /usr/include/c++/4.8/ios:42,
                 from /usr/include/c++/4.8/ostream:38,
                 from /usr/include/c++/4.8/iostream:39,
                 from ../src/Prog3.cpp:16:
/usr/include/c++/4.8/bits/basic_string.h:2556:5: note: template<class _CharT, class _Traits, class _Alloc> bool std::operator!=(const std::basic_string<_CharT, _Traits, _Alloc>&, const _CharT*)
     operator!=(const basic_string<_CharT, _Traits, _Alloc>& __lhs,
     ^
/usr/include/c++/4.8/bits/basic_string.h:2556:5: note:   template argument deduction/substitution failed:
../src/Prog3.cpp:221:17: note:   mismatched types ‘const _CharT*’ and ‘char’
  if(tempWord != '='){
                 ^
In file included from /usr/include/c++/4.8/bits/locale_facets.h:48:0,
                 from /usr/include/c++/4.8/bits/basic_ios.h:37,
                 from /usr/include/c++/4.8/ios:44,
                 from /usr/include/c++/4.8/ostream:38,
                 from /usr/include/c++/4.8/iostream:39,
                 from ../src/Prog3.cpp:16:
/usr/include/c++/4.8/bits/streambuf_iterator.h:210:5: note: template<class _CharT, class _Traits> bool std::operator!=(const std::istreambuf_iterator<_CharT, _Traits>&, const std::istreambuf_iterator<_CharT, _Traits>&)
     operator!=(const istreambuf_iterator<_CharT, _Traits>& __a,
     ^
/usr/include/c++/4.8/bits/streambuf_iterator.h:210:5: note:   template argument deduction/substitution failed:
../src/Prog3.cpp:221:17: note:   ‘std::string {aka std::basic_string<char>}’ is not derived from ‘const std::istreambuf_iterator<_CharT, _Traits>’
  if(tempWord != '='){
                 ^
In file included from /usr/include/c++/4.8/vector:64:0,
                 from ../src/Prog3.cpp:20:
/usr/include/c++/4.8/bits/stl_vector.h:1428:5: note: template<class _Tp, class _Alloc> bool std::operator!=(const std::vector<_Tp, _Alloc>&, const std::vector<_Tp, _Alloc>&)
     operator!=(const vector<_Tp, _Alloc>& __x, const vector<_Tp, _Alloc>& __y)
     ^
/usr/include/c++/4.8/bits/stl_vector.h:1428:5: note:   template argument deduction/substitution failed:
../src/Prog3.cpp:221:17: note:   ‘std::string {aka std::basic_string<char>}’ is not derived from ‘const std::vector<_Tp, _Alloc>’
  if(tempWord != '='){
                 ^
In file included from /usr/include/x86_64-linux-gnu/c++/4.8/bits/c++allocator.h:33:0,
                 from /usr/include/c++/4.8/bits/allocator.h:46,
                 from /usr/include/c++/4.8/string:41,
                 from /usr/include/c++/4.8/bits/locale_classes.h:40,
                 from /usr/include/c++/4.8/bits/ios_base.h:41,
                 from /usr/include/c++/4.8/ios:42,
                 from /usr/include/c++/4.8/ostream:38,
                 from /usr/include/c++/4.8/iostream:39,
                 from ../src/Prog3.cpp:16:
/usr/include/c++/4.8/ext/new_allocator.h:144:5: note: template<class _Tp> bool __gnu_cxx::operator!=(const __gnu_cxx::new_allocator<_Tp>&, const __gnu_cxx::new_allocator<_Tp>&)
     operator!=(const new_allocator<_Tp>&, const new_allocator<_Tp>&)
     ^
/usr/include/c++/4.8/ext/new_allocator.h:144:5: note:   template argument deduction/substitution failed:
../src/Prog3.cpp:221:17: note:   ‘std::string {aka std::basic_string<char>}’ is not derived from ‘const __gnu_cxx::new_allocator<_Tp>’
  if(tempWord != '='){
                 ^
In file included from /usr/include/c++/4.8/bits/stl_algobase.h:67:0,
                 from /usr/include/c++/4.8/bits/char_traits.h:39,
                 from /usr/include/c++/4.8/ios:40,
                 from /usr/include/c++/4.8/ostream:38,
                 from /usr/include/c++/4.8/iostream:39,
                 from ../src/Prog3.cpp:16:
/usr/include/c++/4.8/bits/stl_iterator.h:823:5: note: template<class _Iterator, class _Container> bool __gnu_cxx::operator!=(const __gnu_cxx::__normal_iterator<_Iterator, _Container>&, const __gnu_cxx::__normal_iterator<_Iterator, _Container>&)
     operator!=(const __normal_iterator<_Iterator, _Container>& __lhs,
     ^
/usr/include/c++/4.8/bits/stl_iterator.h:823:5: note:   template argument deduction/substitution failed:
../src/Prog3.cpp:221:17: note:   ‘std::string {aka std::basic_string<char>}’ is not derived from ‘const __gnu_cxx::__normal_iterator<_Iterator, _Container>’
  if(tempWord != '='){
                 ^
In file included from /usr/include/c++/4.8/bits/stl_algobase.h:67:0,
                 from /usr/include/c++/4.8/bits/char_traits.h:39,
                 from /usr/include/c++/4.8/ios:40,
                 from /usr/include/c++/4.8/ostream:38,
                 from /usr/include/c++/4.8/iostream:39,
                 from ../src/Prog3.cpp:16:
/usr/include/c++/4.8/bits/stl_iterator.h:817:5: note: template<class _IteratorL, class _IteratorR, class _Container> bool __gnu_cxx::operator!=(const __gnu_cxx::__normal_iterator<_IteratorL, _Container>&, const __gnu_cxx::__normal_iterator<_IteratorR, _Container>&)
     operator!=(const __normal_iterator<_IteratorL, _Container>& __lhs,
     ^
/usr/include/c++/4.8/bits/stl_iterator.h:817:5: note:   template argument deduction/substitution failed:
../src/Prog3.cpp:221:17: note:   ‘std::string {aka std::basic_string<char>}’ is not derived from ‘const __gnu_cxx::__normal_iterator<_IteratorL, _Container>’
  if(tempWord != '='){
                 ^
make: *** [src/Prog3.o] Error 1
01:00:44 **** Incremental Build of configuration Debug for project Prog3 ****
make all 
Building file: ../src/Prog3.cpp
Invoking: GCC C++ Compiler
g++ -O0 -g3 -Wall -c -fmessage-length=0 -MMD -MP -MF"src/Prog3.d" -MT"src/Prog3.d" -o "src/Prog3.o" "../src/Prog3.cpp"
Finished building: ../src/Prog3.cpp
 
Building target: Prog3
Invoking: GCC C++ Linker
g++  -o "Prog3"  ./src/Prog3.o   
Finished building target: Prog3
 
01:00:45 **** Incremental Build of configuration Debug for project a1 ****
make all 
make: Nothing to be done for `all'.
01:00:45 **** Incremental Build of configuration Debug for project lab1_c ****
make all 
make: Nothing to be done for `all'.
01:00:45 **** Incremental Build of configuration Debug for project lab1_cpp ****
make all 
make: Nothing to be done for `all'.
01:00:47 **** Incremental Build of configuration Debug for project Prog3 ****
make all 
make: Nothing to be done for `all'.
01:24:33 **** Incremental Build of configuration Debug for project Prog3 ****
make all 
Building file: ../src/Prog3.cpp
Invoking: GCC C++ Compiler
g++ -O0 -g3 -Wall -c -fmessage-length=0 -MMD -MP -MF"src/Prog3.d" -MT"src/Prog3.d" -o "src/Prog3.o" "../src/Prog3.cpp"
Finished building: ../src/Prog3.cpp
 
Building target: Prog3
Invoking: GCC C++ Linker
g++  -o "Prog3"  ./src/Prog3.o   
Finished building target: Prog3
 
01:24:34 **** Incremental Build of configuration Debug for project a1 ****
make all 
make: Nothing to be done for `all'.
01:24:34 **** Incremental Build of configuration Debug for project lab1_c ****
make all 
make: Nothing to be done for `all'.
01:24:34 **** Incremental Build of configuration Debug for project lab1_cpp ****
make all 
make: Nothing to be done for `all'.
01:24:35 **** Incremental Build of configuration Debug for project Prog3 ****
make all 
make: Nothing to be done for `all'.
01:25:11 **** Incremental Build of configuration Debug for project Prog3 ****
make all 
Building file: ../src/Prog3.cpp
Invoking: GCC C++ Compiler
g++ -O0 -g3 -Wall -c -fmessage-length=0 -MMD -MP -MF"src/Prog3.d" -MT"src/Prog3.d" -o "src/Prog3.o" "../src/Prog3.cpp"
Finished building: ../src/Prog3.cpp
 
Building target: Prog3
Invoking: GCC C++ Linker
g++  -o "Prog3"  ./src/Prog3.o   
Finished building target: Prog3
 
01:25:12 **** Incremental Build of configuration Debug for project a1 ****
make all 
make: Nothing to be done for `all'.
01:25:12 **** Incremental Build of configuration Debug for project lab1_c ****
make all 
make: Nothing to be done for `all'.
01:25:12 **** Incremental Build of configuration Debug for project lab1_cpp ****
make all 
make: Nothing to be done for `all'.
01:25:13 **** Incremental Build of configuration Debug for project Prog3 ****
make all 
make: Nothing to be done for `all'.
01:27:08 **** Incremental Build of configuration Debug for project Prog3 ****
make all 
Building file: ../src/Prog3.cpp
Invoking: GCC C++ Compiler
g++ -O0 -g3 -Wall -c -fmessage-length=0 -MMD -MP -MF"src/Prog3.d" -MT"src/Prog3.d" -o "src/Prog3.o" "../src/Prog3.cpp"
../src/Prog3.cpp: In function ‘void assignFunc(std::string)’:
../src/Prog3.cpp:229:44: error: expected primary-expression before ‘)’ token
  if(tempLine.find('&') == string::size_type){
                                            ^
make: *** [src/Prog3.o] Error 1
01:27:28 **** Incremental Build of configuration Debug for project Prog3 ****
make all 
Building file: ../src/Prog3.cpp
Invoking: GCC C++ Compiler
g++ -O0 -g3 -Wall -c -fmessage-length=0 -MMD -MP -MF"src/Prog3.d" -MT"src/Prog3.d" -o "src/Prog3.o" "../src/Prog3.cpp"
../src/Prog3.cpp: In function ‘void assignFunc(std::string)’:
../src/Prog3.cpp:229:44: error: expected primary-expression before ‘)’ token
  if(tempLine.find('&') == string::size_type){
                                            ^
make: *** [src/Prog3.o] Error 1
01:27:28 **** Incremental Build of configuration Debug for project a1 ****
make all 
make: Nothing to be done for `all'.
01:27:28 **** Incremental Build of configuration Debug for project lab1_c ****
make all 
make: Nothing to be done for `all'.
01:27:28 **** Incremental Build of configuration Debug for project lab1_cpp ****
make all 
make: Nothing to be done for `all'.
01:27:39 **** Incremental Build of configuration Debug for project Prog3 ****
make all 
Building file: ../src/Prog3.cpp
Invoking: GCC C++ Compiler
g++ -O0 -g3 -Wall -c -fmessage-length=0 -MMD -MP -MF"src/Prog3.d" -MT"src/Prog3.d" -o "src/Prog3.o" "../src/Prog3.cpp"
Finished building: ../src/Prog3.cpp
 
Building target: Prog3
Invoking: GCC C++ Linker
g++  -o "Prog3"  ./src/Prog3.o   
Finished building target: Prog3
 
01:27:39 **** Incremental Build of configuration Debug for project a1 ****
make all 
make: Nothing to be done for `all'.
01:27:39 **** Incremental Build of configuration Debug for project lab1_c ****
make all 
make: Nothing to be done for `all'.
01:27:40 **** Incremental Build of configuration Debug for project lab1_cpp ****
make all 
make: Nothing to be done for `all'.
01:27:40 **** Incremental Build of configuration Debug for project Prog3 ****
make all 
make: Nothing to be done for `all'.
01:29:49 **** Incremental Build of configuration Debug for project Prog3 ****
make all 
Building file: ../src/Prog3.cpp
Invoking: GCC C++ Compiler
g++ -O0 -g3 -Wall -c -fmessage-length=0 -MMD -MP -MF"src/Prog3.d" -MT"src/Prog3.d" -o "src/Prog3.o" "../src/Prog3.cpp"
Finished building: ../src/Prog3.cpp
 
Building target: Prog3
Invoking: GCC C++ Linker
g++  -o "Prog3"  ./src/Prog3.o   
Finished building target: Prog3
 
01:34:39 **** Incremental Build of configuration Debug for project Prog3 ****
make all 
make: Nothing to be done for `all'.
01:34:39 **** Incremental Build of configuration Debug for project a1 ****
make all 
make: Nothing to be done for `all'.
01:34:39 **** Incremental Build of configuration Debug for project lab1_c ****
make all 
make: Nothing to be done for `all'.
01:34:39 **** Incremental Build of configuration Debug for project lab1_cpp ****
make all 
make: Nothing to be done for `all'.
01:36:18 **** Incremental Build of configuration Debug for project Prog3 ****
make all 
make: Nothing to be done for `all'.
01:36:19 **** Incremental Build of configuration Debug for project a1 ****
make all 
make: Nothing to be done for `all'.
01:36:19 **** Incremental Build of configuration Debug for project lab1_c ****
make all 
make: Nothing to be done for `all'.
01:36:19 **** Incremental Build of configuration Debug for project lab1_cpp ****
make all 
make: Nothing to be done for `all'.
01:36:24 **** Incremental Build of configuration Debug for project Prog3 ****
make all 
make: Nothing to be done for `all'.
01:37:30 **** Incremental Build of configuration Debug for project Prog3 ****
make all 
make: Nothing to be done for `all'.
01:37:30 **** Incremental Build of configuration Debug for project a1 ****
make all 
make: Nothing to be done for `all'.
01:37:30 **** Incremental Build of configuration Debug for project lab1_c ****
make all 
make: Nothing to be done for `all'.
01:37:30 **** Incremental Build of configuration Debug for project lab1_cpp ****
make all 
make: Nothing to be done for `all'.
01:37:39 **** Incremental Build of configuration Debug for project Prog3 ****
make all 
Building file: ../src/Prog3.cpp
Invoking: GCC C++ Compiler
g++ -O0 -g3 -Wall -c -fmessage-length=0 -MMD -MP -MF"src/Prog3.d" -MT"src/Prog3.d" -o "src/Prog3.o" "../src/Prog3.cpp"
../src/Prog3.cpp:31:15: error: aggregate ‘std::istringstream ExpStream’ has incomplete type and cannot be defined
 istringstream ExpStream; //global stream to be used by exp() ... etc.
               ^
make: *** [src/Prog3.o] Error 1
01:39:45 **** Incremental Build of configuration Debug for project Prog3 ****
make all 
Building file: ../src/Prog3.cpp
Invoking: GCC C++ Compiler
g++ -O0 -g3 -Wall -c -fmessage-length=0 -MMD -MP -MF"src/Prog3.d" -MT"src/Prog3.d" -o "src/Prog3.o" "../src/Prog3.cpp"
../src/Prog3.cpp:31:15: error: aggregate ‘std::istringstream ExpStream’ has incomplete type and cannot be defined
 istringstream ExpStream; //global stream to be used by exp() ... etc.
               ^
make: *** [src/Prog3.o] Error 1
01:39:45 **** Incremental Build of configuration Debug for project a1 ****
make all 
make: Nothing to be done for `all'.
01:39:45 **** Incremental Build of configuration Debug for project lab1_c ****
make all 
make: Nothing to be done for `all'.
01:39:45 **** Incremental Build of configuration Debug for project lab1_cpp ****
make all 
make: Nothing to be done for `all'.
01:40:08 **** Incremental Build of configuration Debug for project Prog3 ****
make all 
Building file: ../src/Prog3.cpp
Invoking: GCC C++ Compiler
g++ -O0 -g3 -Wall -c -fmessage-length=0 -MMD -MP -MF"src/Prog3.d" -MT"src/Prog3.d" -o "src/Prog3.o" "../src/Prog3.cpp"
../src/Prog3.cpp:31:15: error: aggregate ‘std::istringstream ExpStream’ has incomplete type and cannot be defined
 istringstream ExpStream; //global stream to be used by exp() ... etc.
               ^
make: *** [src/Prog3.o] Error 1
01:40:08 **** Incremental Build of configuration Debug for project a1 ****
make all 
make: Nothing to be done for `all'.
01:40:08 **** Incremental Build of configuration Debug for project lab1_c ****
make all 
make: Nothing to be done for `all'.
01:40:08 **** Incremental Build of configuration Debug for project lab1_cpp ****
make all 
make: Nothing to be done for `all'.
01:40:17 **** Incremental Build of configuration Debug for project Prog3 ****
make all 
Building file: ../src/Prog3.cpp
Invoking: GCC C++ Compiler
g++ -O0 -g3 -Wall -c -fmessage-length=0 -MMD -MP -MF"src/Prog3.d" -MT"src/Prog3.d" -o "src/Prog3.o" "../src/Prog3.cpp"
Finished building: ../src/Prog3.cpp
 
Building target: Prog3
Invoking: GCC C++ Linker
g++  -o "Prog3"  ./src/Prog3.o   
Finished building target: Prog3
 
01:41:36 **** Incremental Build of configuration Debug for project Prog3 ****
make all 
Building file: ../src/Prog3.cpp
Invoking: GCC C++ Compiler
g++ -O0 -g3 -Wall -c -fmessage-length=0 -MMD -MP -MF"src/Prog3.d" -MT"src/Prog3.d" -o "src/Prog3.o" "../src/Prog3.cpp"
Finished building: ../src/Prog3.cpp
 
Building target: Prog3
Invoking: GCC C++ Linker
g++  -o "Prog3"  ./src/Prog3.o   
Finished building target: Prog3
 
01:41:36 **** Incremental Build of configuration Debug for project a1 ****
make all 
make: Nothing to be done for `all'.
01:41:36 **** Incremental Build of configuration Debug for project lab1_c ****
make all 
make: Nothing to be done for `all'.
01:41:36 **** Incremental Build of configuration Debug for project lab1_cpp ****
make all 
make: Nothing to be done for `all'.
01:41:38 **** Incremental Build of configuration Debug for project Prog3 ****
make all 
make: Nothing to be done for `all'.
01:42:14 **** Incremental Build of configuration Debug for project Prog3 ****
make all 
Building file: ../src/Prog3.cpp
Invoking: GCC C++ Compiler
g++ -O0 -g3 -Wall -c -fmessage-length=0 -MMD -MP -MF"src/Prog3.d" -MT"src/Prog3.d" -o "src/Prog3.o" "../src/Prog3.cpp"
Finished building: ../src/Prog3.cpp
 
Building target: Prog3
Invoking: GCC C++ Linker
g++  -o "Prog3"  ./src/Prog3.o   
Finished building target: Prog3
 
01:43:12 **** Incremental Build of configuration Debug for project Prog3 ****
make all 
Building file: ../src/Prog3.cpp
Invoking: GCC C++ Compiler
g++ -O0 -g3 -Wall -c -fmessage-length=0 -MMD -MP -MF"src/Prog3.d" -MT"src/Prog3.d" -o "src/Prog3.o" "../src/Prog3.cpp"
Finished building: ../src/Prog3.cpp
 
Building target: Prog3
Invoking: GCC C++ Linker
g++  -o "Prog3"  ./src/Prog3.o   
Finished building target: Prog3
 
01:43:13 **** Incremental Build of configuration Debug for project a1 ****
make all 
make: Nothing to be done for `all'.
01:43:13 **** Incremental Build of configuration Debug for project lab1_c ****
make all 
make: Nothing to be done for `all'.
01:43:13 **** Incremental Build of configuration Debug for project lab1_cpp ****
make all 
make: Nothing to be done for `all'.
01:43:33 **** Incremental Build of configuration Debug for project Prog3 ****
make all 
make: Nothing to be done for `all'.
01:44:09 **** Incremental Build of configuration Debug for project Prog3 ****
make all 
Building file: ../src/Prog3.cpp
Invoking: GCC C++ Compiler
g++ -O0 -g3 -Wall -c -fmessage-length=0 -MMD -MP -MF"src/Prog3.d" -MT"src/Prog3.d" -o "src/Prog3.o" "../src/Prog3.cpp"
Finished building: ../src/Prog3.cpp
 
Building target: Prog3
Invoking: GCC C++ Linker
g++  -o "Prog3"  ./src/Prog3.o   
Finished building target: Prog3
 
01:44:09 **** Incremental Build of configuration Debug for project a1 ****
make all 
make: Nothing to be done for `all'.
01:44:10 **** Incremental Build of configuration Debug for project lab1_c ****
make all 
make: Nothing to be done for `all'.
01:44:10 **** Incremental Build of configuration Debug for project lab1_cpp ****
make all 
make: Nothing to be done for `all'.
01:44:11 **** Incremental Build of configuration Debug for project Prog3 ****
make all 
make: Nothing to be done for `all'.
01:51:44 **** Incremental Build of configuration Debug for project Prog3 ****
make all 
Building file: ../src/Prog3.cpp
Invoking: GCC C++ Compiler
g++ -O0 -g3 -Wall -c -fmessage-length=0 -MMD -MP -MF"src/Prog3.d" -MT"src/Prog3.d" -o "src/Prog3.o" "../src/Prog3.cpp"
Finished building: ../src/Prog3.cpp
 
Building target: Prog3
Invoking: GCC C++ Linker
g++  -o "Prog3"  ./src/Prog3.o   
Finished building target: Prog3
 
01:51:44 **** Incremental Build of configuration Debug for project a1 ****
make all 
make: Nothing to be done for `all'.
01:51:45 **** Incremental Build of configuration Debug for project lab1_c ****
make all 
make: Nothing to be done for `all'.
01:51:45 **** Incremental Build of configuration Debug for project lab1_cpp ****
make all 
make: Nothing to be done for `all'.
01:51:48 **** Incremental Build of configuration Debug for project Prog3 ****
make all 
Building file: ../src/Prog3.cpp
Invoking: GCC C++ Compiler
g++ -O0 -g3 -Wall -c -fmessage-length=0 -MMD -MP -MF"src/Prog3.d" -MT"src/Prog3.d" -o "src/Prog3.o" "../src/Prog3.cpp"
Finished building: ../src/Prog3.cpp
 
Building target: Prog3
Invoking: GCC C++ Linker
g++  -o "Prog3"  ./src/Prog3.o   
Finished building target: Prog3
 
01:52:23 **** Incremental Build of configuration Debug for project Prog3 ****
make all 
make: Nothing to be done for `all'.
01:52:42 **** Incremental Build of configuration Debug for project Prog3 ****
make all 
Building file: ../src/Prog3.cpp
Invoking: GCC C++ Compiler
g++ -O0 -g3 -Wall -c -fmessage-length=0 -MMD -MP -MF"src/Prog3.d" -MT"src/Prog3.d" -o "src/Prog3.o" "../src/Prog3.cpp"
Finished building: ../src/Prog3.cpp
 
Building target: Prog3
Invoking: GCC C++ Linker
g++  -o "Prog3"  ./src/Prog3.o   
Finished building target: Prog3
 
01:52:42 **** Incremental Build of configuration Debug for project a1 ****
make all 
make: Nothing to be done for `all'.
01:52:43 **** Incremental Build of configuration Debug for project lab1_c ****
make all 
make: Nothing to be done for `all'.
01:52:43 **** Incremental Build of configuration Debug for project lab1_cpp ****
make all 
make: Nothing to be done for `all'.
01:52:44 **** Incremental Build of configuration Debug for project Prog3 ****
make all 
make: Nothing to be done for `all'.
01:52:57 **** Incremental Build of configuration Debug for project Prog3 ****
make all 
Building file: ../src/Prog3.cpp
Invoking: GCC C++ Compiler
g++ -O0 -g3 -Wall -c -fmessage-length=0 -MMD -MP -MF"src/Prog3.d" -MT"src/Prog3.d" -o "src/Prog3.o" "../src/Prog3.cpp"
Finished building: ../src/Prog3.cpp
 
Building target: Prog3
Invoking: GCC C++ Linker
g++  -o "Prog3"  ./src/Prog3.o   
Finished building target: Prog3
 
01:54:44 **** Incremental Build of configuration Debug for project Prog3 ****
make all 
Building file: ../src/Prog3.cpp
Invoking: GCC C++ Compiler
g++ -O0 -g3 -Wall -c -fmessage-length=0 -MMD -MP -MF"src/Prog3.d" -MT"src/Prog3.d" -o "src/Prog3.o" "../src/Prog3.cpp"
Finished building: ../src/Prog3.cpp
 
Building target: Prog3
Invoking: GCC C++ Linker
g++  -o "Prog3"  ./src/Prog3.o   
Finished building target: Prog3
 
01:54:45 **** Incremental Build of configuration Debug for project a1 ****
make all 
make: Nothing to be done for `all'.
01:54:45 **** Incremental Build of configuration Debug for project lab1_c ****
make all 
make: Nothing to be done for `all'.
01:54:45 **** Incremental Build of configuration Debug for project lab1_cpp ****
make all 
make: Nothing to be done for `all'.
01:54:48 **** Incremental Build of configuration Debug for project Prog3 ****
make all 
Building file: ../src/Prog3.cpp
Invoking: GCC C++ Compiler
g++ -O0 -g3 -Wall -c -fmessage-length=0 -MMD -MP -MF"src/Prog3.d" -MT"src/Prog3.d" -o "src/Prog3.o" "../src/Prog3.cpp"
Finished building: ../src/Prog3.cpp
 
Building target: Prog3
Invoking: GCC C++ Linker
g++  -o "Prog3"  ./src/Prog3.o   
Finished building target: Prog3
 
01:55:42 **** Incremental Build of configuration Debug for project Prog3 ****
make all 
Building file: ../src/Prog3.cpp
Invoking: GCC C++ Compiler
g++ -O0 -g3 -Wall -c -fmessage-length=0 -MMD -MP -MF"src/Prog3.d" -MT"src/Prog3.d" -o "src/Prog3.o" "../src/Prog3.cpp"
Finished building: ../src/Prog3.cpp
 
Building target: Prog3
Invoking: GCC C++ Linker
g++  -o "Prog3"  ./src/Prog3.o   
Finished building target: Prog3
 
01:57:20 **** Incremental Build of configuration Debug for project Prog3 ****
make all 
make: Nothing to be done for `all'.
01:57:20 **** Incremental Build of configuration Debug for project a1 ****
make all 
make: Nothing to be done for `all'.
01:57:20 **** Incremental Build of configuration Debug for project lab1_c ****
make all 
make: Nothing to be done for `all'.
01:57:20 **** Incremental Build of configuration Debug for project lab1_cpp ****
make all 
make: Nothing to be done for `all'.
01:57:23 **** Incremental Build of configuration Debug for project Prog3 ****
make all 
Building file: ../src/Prog3.cpp
Invoking: GCC C++ Compiler
g++ -O0 -g3 -Wall -c -fmessage-length=0 -MMD -MP -MF"src/Prog3.d" -MT"src/Prog3.d" -o "src/Prog3.o" "../src/Prog3.cpp"
Finished building: ../src/Prog3.cpp
 
Building target: Prog3
Invoking: GCC C++ Linker
g++  -o "Prog3"  ./src/Prog3.o   
Finished building target: Prog3
 
01:57:55 **** Incremental Build of configuration Debug for project Prog3 ****
make all 
Building file: ../src/Prog3.cpp
Invoking: GCC C++ Compiler
g++ -O0 -g3 -Wall -c -fmessage-length=0 -MMD -MP -MF"src/Prog3.d" -MT"src/Prog3.d" -o "src/Prog3.o" "../src/Prog3.cpp"
Finished building: ../src/Prog3.cpp
 
Building target: Prog3
Invoking: GCC C++ Linker
g++  -o "Prog3"  ./src/Prog3.o   
Finished building target: Prog3
 
01:57:55 **** Incremental Build of configuration Debug for project a1 ****
make all 
make: Nothing to be done for `all'.
01:57:55 **** Incremental Build of configuration Debug for project lab1_c ****
make all 
make: Nothing to be done for `all'.
01:57:56 **** Incremental Build of configuration Debug for project lab1_cpp ****
make all 
make: Nothing to be done for `all'.
01:57:57 **** Incremental Build of configuration Debug for project Prog3 ****
make all 
make: Nothing to be done for `all'.
02:00:40 **** Incremental Build of configuration Debug for project Prog3 ****
make all 
Building file: ../src/Prog3.cpp
Invoking: GCC C++ Compiler
g++ -O0 -g3 -Wall -c -fmessage-length=0 -MMD -MP -MF"src/Prog3.d" -MT"src/Prog3.d" -o "src/Prog3.o" "../src/Prog3.cpp"
Finished building: ../src/Prog3.cpp
 
Building target: Prog3
Invoking: GCC C++ Linker
g++  -o "Prog3"  ./src/Prog3.o   
Finished building target: Prog3
 
02:01:06 **** Incremental Build of configuration Debug for project a1 ****
make all 
make: Nothing to be done for `all'.
02:01:27 **** Incremental Build of configuration Debug for project Prog3 ****
make all 
make: Nothing to be done for `all'.
02:02:48 **** Incremental Build of configuration Debug for project Prog3 ****
make all 
Building file: ../src/Prog3.cpp
Invoking: GCC C++ Compiler
g++ -O0 -g3 -Wall -c -fmessage-length=0 -MMD -MP -MF"src/Prog3.d" -MT"src/Prog3.d" -o "src/Prog3.o" "../src/Prog3.cpp"
Finished building: ../src/Prog3.cpp
 
Building target: Prog3
Invoking: GCC C++ Linker
g++  -o "Prog3"  ./src/Prog3.o   
Finished building target: Prog3
 
02:03:45 **** Incremental Build of configuration Debug for project Prog3 ****
make all 
Building file: ../src/Prog3.cpp
Invoking: GCC C++ Compiler
g++ -O0 -g3 -Wall -c -fmessage-length=0 -MMD -MP -MF"src/Prog3.d" -MT"src/Prog3.d" -o "src/Prog3.o" "../src/Prog3.cpp"
Finished building: ../src/Prog3.cpp
 
Building target: Prog3
Invoking: GCC C++ Linker
g++  -o "Prog3"  ./src/Prog3.o   
Finished building target: Prog3
 
02:03:46 **** Incremental Build of configuration Debug for project a1 ****
make all 
make: Nothing to be done for `all'.
02:03:46 **** Incremental Build of configuration Debug for project lab1_c ****
make all 
make: Nothing to be done for `all'.
02:03:46 **** Incremental Build of configuration Debug for project lab1_cpp ****
make all 
make: Nothing to be done for `all'.
02:04:07 **** Incremental Build of configuration Debug for project Prog3 ****
make all 
Building file: ../src/Prog3.cpp
Invoking: GCC C++ Compiler
g++ -O0 -g3 -Wall -c -fmessage-length=0 -MMD -MP -MF"src/Prog3.d" -MT"src/Prog3.d" -o "src/Prog3.o" "../src/Prog3.cpp"
Finished building: ../src/Prog3.cpp
 
Building target: Prog3
Invoking: GCC C++ Linker
g++  -o "Prog3"  ./src/Prog3.o   
Finished building target: Prog3
 
02:04:07 **** Incremental Build of configuration Debug for project a1 ****
make all 
make: Nothing to be done for `all'.
02:04:08 **** Incremental Build of configuration Debug for project lab1_c ****
make all 
make: Nothing to be done for `all'.
02:04:08 **** Incremental Build of configuration Debug for project lab1_cpp ****
make all 
make: Nothing to be done for `all'.
02:04:08 **** Incremental Build of configuration Debug for project Prog3 ****
make all 
make: Nothing to be done for `all'.
02:05:37 **** Incremental Build of configuration Debug for project Prog3 ****
make all 
Building file: ../src/Prog3.cpp
Invoking: GCC C++ Compiler
g++ -O0 -g3 -Wall -c -fmessage-length=0 -MMD -MP -MF"src/Prog3.d" -MT"src/Prog3.d" -o "src/Prog3.o" "../src/Prog3.cpp"
Finished building: ../src/Prog3.cpp
 
Building target: Prog3
Invoking: GCC C++ Linker
g++  -o "Prog3"  ./src/Prog3.o   
Finished building target: Prog3
 
02:05:38 **** Incremental Build of configuration Debug for project a1 ****
make all 
make: Nothing to be done for `all'.
02:05:38 **** Incremental Build of configuration Debug for project lab1_c ****
make all 
make: Nothing to be done for `all'.
02:05:38 **** Incremental Build of configuration Debug for project lab1_cpp ****
make all 
make: Nothing to be done for `all'.
02:05:39 **** Incremental Build of configuration Debug for project Prog3 ****
make all 
make: Nothing to be done for `all'.
02:05:59 **** Incremental Build of configuration Debug for project Prog3 ****
make all 
Building file: ../src/Prog3.cpp
Invoking: GCC C++ Compiler
g++ -O0 -g3 -Wall -c -fmessage-length=0 -MMD -MP -MF"src/Prog3.d" -MT"src/Prog3.d" -o "src/Prog3.o" "../src/Prog3.cpp"
Finished building: ../src/Prog3.cpp
 
Building target: Prog3
Invoking: GCC C++ Linker
g++  -o "Prog3"  ./src/Prog3.o   
Finished building target: Prog3
 
02:06:00 **** Incremental Build of configuration Debug for project a1 ****
make all 
make: Nothing to be done for `all'.
02:06:00 **** Incremental Build of configuration Debug for project lab1_c ****
make all 
make: Nothing to be done for `all'.
02:06:00 **** Incremental Build of configuration Debug for project lab1_cpp ****
make all 
make: Nothing to be done for `all'.
02:06:11 **** Incremental Build of configuration Debug for project Prog3 ****
make all 
Building file: ../src/Prog3.cpp
Invoking: GCC C++ Compiler
g++ -O0 -g3 -Wall -c -fmessage-length=0 -MMD -MP -MF"src/Prog3.d" -MT"src/Prog3.d" -o "src/Prog3.o" "../src/Prog3.cpp"
Finished building: ../src/Prog3.cpp
 
Building target: Prog3
Invoking: GCC C++ Linker
g++  -o "Prog3"  ./src/Prog3.o   
Finished building target: Prog3
 
02:11:13 **** Incremental Build of configuration Debug for project Prog3 ****
make all 
Building file: ../src/Prog3.cpp
Invoking: GCC C++ Compiler
g++ -O0 -g3 -Wall -c -fmessage-length=0 -MMD -MP -MF"src/Prog3.d" -MT"src/Prog3.d" -o "src/Prog3.o" "../src/Prog3.cpp"
Finished building: ../src/Prog3.cpp
 
Building target: Prog3
Invoking: GCC C++ Linker
g++  -o "Prog3"  ./src/Prog3.o   
Finished building target: Prog3
 
02:12:04 **** Incremental Build of configuration Debug for project Prog3 ****
make all 
Building file: ../src/Prog3.cpp
Invoking: GCC C++ Compiler
g++ -O0 -g3 -Wall -c -fmessage-length=0 -MMD -MP -MF"src/Prog3.d" -MT"src/Prog3.d" -o "src/Prog3.o" "../src/Prog3.cpp"
Finished building: ../src/Prog3.cpp
 
Building target: Prog3
Invoking: GCC C++ Linker
g++  -o "Prog3"  ./src/Prog3.o   
Finished building target: Prog3
 
02:12:04 **** Incremental Build of configuration Debug for project a1 ****
make all 
make: Nothing to be done for `all'.
02:12:05 **** Incremental Build of configuration Debug for project lab1_c ****
make all 
make: Nothing to be done for `all'.
02:12:05 **** Incremental Build of configuration Debug for project lab1_cpp ****
make all 
make: Nothing to be done for `all'.
02:12:06 **** Incremental Build of configuration Debug for project Prog3 ****
make all 
make: Nothing to be done for `all'.
02:12:18 **** Incremental Build of configuration Debug for project Prog3 ****
make all 
Building file: ../src/Prog3.cpp
Invoking: GCC C++ Compiler
g++ -O0 -g3 -Wall -c -fmessage-length=0 -MMD -MP -MF"src/Prog3.d" -MT"src/Prog3.d" -o "src/Prog3.o" "../src/Prog3.cpp"
Finished building: ../src/Prog3.cpp
 
Building target: Prog3
Invoking: GCC C++ Linker
g++  -o "Prog3"  ./src/Prog3.o   
Finished building target: Prog3
 
02:12:19 **** Incremental Build of configuration Debug for project a1 ****
make all 
make: Nothing to be done for `all'.
02:12:19 **** Incremental Build of configuration Debug for project lab1_c ****
make all 
make: Nothing to be done for `all'.
02:12:19 **** Incremental Build of configuration Debug for project lab1_cpp ****
make all 
make: Nothing to be done for `all'.
02:12:20 **** Incremental Build of configuration Debug for project Prog3 ****
make all 
make: Nothing to be done for `all'.
02:14:58 **** Incremental Build of configuration Debug for project Prog3 ****
make all 
Building file: ../src/Prog3.cpp
Invoking: GCC C++ Compiler
g++ -O0 -g3 -Wall -c -fmessage-length=0 -MMD -MP -MF"src/Prog3.d" -MT"src/Prog3.d" -o "src/Prog3.o" "../src/Prog3.cpp"
Finished building: ../src/Prog3.cpp
 
Building target: Prog3
Invoking: GCC C++ Linker
g++  -o "Prog3"  ./src/Prog3.o   
Finished building target: Prog3
 
02:14:58 **** Incremental Build of configuration Debug for project a1 ****
make all 
make: Nothing to be done for `all'.
02:14:58 **** Incremental Build of configuration Debug for project lab1_c ****
make all 
make: Nothing to be done for `all'.
02:14:58 **** Incremental Build of configuration Debug for project lab1_cpp ****
make all 
make: Nothing to be done for `all'.
02:15:00 **** Incremental Build of configuration Debug for project Prog3 ****
make all 
make: Nothing to be done for `all'.
02:15:43 **** Incremental Build of configuration Debug for project Prog3 ****
make all 
Building file: ../src/Prog3.cpp
Invoking: GCC C++ Compiler
g++ -O0 -g3 -Wall -c -fmessage-length=0 -MMD -MP -MF"src/Prog3.d" -MT"src/Prog3.d" -o "src/Prog3.o" "../src/Prog3.cpp"
Finished building: ../src/Prog3.cpp
 
Building target: Prog3
Invoking: GCC C++ Linker
g++  -o "Prog3"  ./src/Prog3.o   
Finished building target: Prog3
 
02:16:38 **** Incremental Build of configuration Debug for project Prog3 ****
make all 
Building file: ../src/Prog3.cpp
Invoking: GCC C++ Compiler
g++ -O0 -g3 -Wall -c -fmessage-length=0 -MMD -MP -MF"src/Prog3.d" -MT"src/Prog3.d" -o "src/Prog3.o" "../src/Prog3.cpp"
Finished building: ../src/Prog3.cpp
 
Building target: Prog3
Invoking: GCC C++ Linker
g++  -o "Prog3"  ./src/Prog3.o   
Finished building target: Prog3
 
02:16:55 **** Incremental Build of configuration Debug for project Prog3 ****
make all 
Building file: ../src/Prog3.cpp
Invoking: GCC C++ Compiler
g++ -O0 -g3 -Wall -c -fmessage-length=0 -MMD -MP -MF"src/Prog3.d" -MT"src/Prog3.d" -o "src/Prog3.o" "../src/Prog3.cpp"
Finished building: ../src/Prog3.cpp
 
Building target: Prog3
Invoking: GCC C++ Linker
g++  -o "Prog3"  ./src/Prog3.o   
Finished building target: Prog3
 
02:16:55 **** Incremental Build of configuration Debug for project a1 ****
make all 
make: Nothing to be done for `all'.
02:16:55 **** Incremental Build of configuration Debug for project lab1_c ****
make all 
make: Nothing to be done for `all'.
02:16:55 **** Incremental Build of configuration Debug for project lab1_cpp ****
make all 
make: Nothing to be done for `all'.
02:16:57 **** Incremental Build of configuration Debug for project Prog3 ****
make all 
make: Nothing to be done for `all'.
02:18:43 **** Incremental Build of configuration Debug for project Prog3 ****
make all 
Building file: ../src/Prog3.cpp
Invoking: GCC C++ Compiler
g++ -O0 -g3 -Wall -c -fmessage-length=0 -MMD -MP -MF"src/Prog3.d" -MT"src/Prog3.d" -o "src/Prog3.o" "../src/Prog3.cpp"
Finished building: ../src/Prog3.cpp
 
Building target: Prog3
Invoking: GCC C++ Linker
g++  -o "Prog3"  ./src/Prog3.o   
Finished building target: Prog3
 
02:18:55 **** Incremental Build of configuration Debug for project Prog3 ****
make all 
Building file: ../src/Prog3.cpp
Invoking: GCC C++ Compiler
g++ -O0 -g3 -Wall -c -fmessage-length=0 -MMD -MP -MF"src/Prog3.d" -MT"src/Prog3.d" -o "src/Prog3.o" "../src/Prog3.cpp"
Finished building: ../src/Prog3.cpp
 
Building target: Prog3
Invoking: GCC C++ Linker
g++  -o "Prog3"  ./src/Prog3.o   
Finished building target: Prog3
 
02:18:55 **** Incremental Build of configuration Debug for project a1 ****
make all 
make: Nothing to be done for `all'.
02:18:55 **** Incremental Build of configuration Debug for project lab1_c ****
make all 
make: Nothing to be done for `all'.
02:18:55 **** Incremental Build of configuration Debug for project lab1_cpp ****
make all 
make: Nothing to be done for `all'.
02:18:57 **** Incremental Build of configuration Debug for project Prog3 ****
make all 
make: Nothing to be done for `all'.
02:19:03 **** Incremental Build of configuration Debug for project Prog3 ****
make all 
make: Nothing to be done for `all'.
02:19:05 **** Incremental Build of configuration Debug for project Prog3 ****
make all 
make: Nothing to be done for `all'.
02:19:31 **** Incremental Build of configuration Debug for project Prog3 ****
make all 
Building file: ../src/Prog3.cpp
Invoking: GCC C++ Compiler
g++ -O0 -g3 -Wall -c -fmessage-length=0 -MMD -MP -MF"src/Prog3.d" -MT"src/Prog3.d" -o "src/Prog3.o" "../src/Prog3.cpp"
Finished building: ../src/Prog3.cpp
 
Building target: Prog3
Invoking: GCC C++ Linker
g++  -o "Prog3"  ./src/Prog3.o   
Finished building target: Prog3
 
02:28:44 **** Incremental Build of configuration Debug for project Prog3 ****
make all 
Building file: ../src/Prog3.cpp
Invoking: GCC C++ Compiler
g++ -O0 -g3 -Wall -c -fmessage-length=0 -MMD -MP -MF"src/Prog3.d" -MT"src/Prog3.d" -o "src/Prog3.o" "../src/Prog3.cpp"
Finished building: ../src/Prog3.cpp
 
Building target: Prog3
Invoking: GCC C++ Linker
g++  -o "Prog3"  ./src/Prog3.o   
Finished building target: Prog3
 
02:28:44 **** Incremental Build of configuration Debug for project a1 ****
make all 
make: Nothing to be done for `all'.
02:28:45 **** Incremental Build of configuration Debug for project lab1_c ****
make all 
make: Nothing to be done for `all'.
02:28:45 **** Incremental Build of configuration Debug for project lab1_cpp ****
make all 
make: Nothing to be done for `all'.
02:28:49 **** Incremental Build of configuration Debug for project Prog3 ****
make all 
make: Nothing to be done for `all'.
